2024-10-02 14:22:19,601 [trainer.py] => config: ./exps/ease_cub_in21k.json
2024-10-02 14:22:19,601 [trainer.py] => prefix:  
2024-10-02 14:22:19,601 [trainer.py] => dataset: cub
2024-10-02 14:22:19,601 [trainer.py] => memory_size: 0
2024-10-02 14:22:19,601 [trainer.py] => memory_per_class: 0
2024-10-02 14:22:19,601 [trainer.py] => fixed_memory: False
2024-10-02 14:22:19,601 [trainer.py] => shuffle: True
2024-10-02 14:22:19,602 [trainer.py] => init_cls: 10
2024-10-02 14:22:19,602 [trainer.py] => increment: 10
2024-10-02 14:22:19,602 [trainer.py] => model_name: ease
2024-10-02 14:22:19,602 [trainer.py] => backbone_type: vit_base_patch16_224_in21k_ease
2024-10-02 14:22:19,602 [trainer.py] => device: [device(type='cuda', index=0)]
2024-10-02 14:22:19,602 [trainer.py] => seed: 1993
2024-10-02 14:22:19,602 [trainer.py] => init_epochs: 20
2024-10-02 14:22:19,602 [trainer.py] => init_lr: 0.008
2024-10-02 14:22:19,602 [trainer.py] => later_epochs: 20
2024-10-02 14:22:19,602 [trainer.py] => later_lr: 0.008
2024-10-02 14:22:19,602 [trainer.py] => batch_size: 32
2024-10-02 14:22:19,602 [trainer.py] => weight_decay: 0.0005
2024-10-02 14:22:19,602 [trainer.py] => min_lr: 0
2024-10-02 14:22:19,602 [trainer.py] => optimizer: sgd
2024-10-02 14:22:19,602 [trainer.py] => scheduler: cosine
2024-10-02 14:22:19,602 [trainer.py] => pretrained: True
2024-10-02 14:22:19,602 [trainer.py] => vpt_type: Deep
2024-10-02 14:22:19,602 [trainer.py] => prompt_token_num: 5
2024-10-02 14:22:19,602 [trainer.py] => ffn_num: 64
2024-10-02 14:22:19,602 [trainer.py] => use_diagonal: False
2024-10-02 14:22:19,602 [trainer.py] => recalc_sim: True
2024-10-02 14:22:19,602 [trainer.py] => alpha: 0.05
2024-10-02 14:22:19,602 [trainer.py] => use_init_ptm: False
2024-10-02 14:22:19,602 [trainer.py] => beta: 0
2024-10-02 14:22:19,602 [trainer.py] => use_old_data: False
2024-10-02 14:22:19,602 [trainer.py] => use_reweight: True
2024-10-02 14:22:19,602 [trainer.py] => moni_adam: False
2024-10-02 14:22:19,602 [trainer.py] => adapter_num: -1
2024-10-02 14:22:19,908 [data_manager.py] => [168, 136, 51, 9, 183, 101, 171, 99, 42, 159, 191, 70, 16, 188, 27, 10, 175, 26, 68, 187, 98, 6, 85, 35, 112, 43, 100, 0, 103, 181, 88, 59, 4, 2, 116, 174, 94, 80, 106, 1, 147, 17, 141, 131, 72, 23, 173, 54, 197, 118, 87, 32, 79, 104, 91, 19, 135, 107, 178, 36, 11, 199, 142, 8, 122, 3, 28, 57, 153, 172, 190, 56, 49, 44, 97, 62, 151, 169, 194, 55, 192, 12, 189, 78, 66, 180, 15, 137, 109, 134, 92, 119, 126, 52, 170, 40, 148, 65, 144, 64, 138, 45, 77, 89, 154, 90, 71, 193, 74, 30, 113, 143, 96, 84, 67, 50, 186, 156, 69, 21, 18, 111, 108, 58, 125, 157, 150, 110, 182, 129, 166, 83, 81, 60, 13, 165, 14, 176, 63, 117, 5, 22, 145, 121, 38, 41, 82, 127, 114, 20, 31, 53, 37, 163, 196, 130, 152, 162, 86, 76, 24, 34, 184, 149, 33, 128, 198, 155, 146, 167, 139, 120, 140, 102, 47, 25, 158, 123, 46, 164, 61, 7, 115, 75, 133, 160, 105, 132, 179, 124, 48, 73, 93, 39, 95, 195, 29, 177, 185, 161]
2024-10-02 14:22:25,218 [_builder.py] => Loading pretrained weights from Hugging Face hub (timm/vit_base_patch16_224.augreg_in21k)
2024-10-02 14:22:25,940 [_hub.py] => [timm/vit_base_patch16_224.augreg_in21k] Safe alternative available for 'pytorch_model.bin' (as 'model.safetensors'). Loading weights using safetensors.
2024-10-02 14:22:26,089 [trainer.py] => All params: 86988288
2024-10-02 14:22:26,090 [trainer.py] => Trainable params: 1189632
2024-10-02 14:22:26,097 [ease.py] => Learning on 0-10
2024-10-02 14:24:49,462 [ease.py] => Task 0, Epoch 20/20 => Loss 0.801, Train_accy 93.95
2024-10-02 14:24:57,246 [ease.py] => Task correct: 100.0
2024-10-02 14:24:57,246 [ease.py] => Task acc: 100.0
2024-10-02 14:24:57,263 [trainer.py] => No NME accuracy.
2024-10-02 14:24:57,263 [trainer.py] => CNN: {'total': 100.0, '00-09': 100.0, 'old': 0, 'new': 100.0}
2024-10-02 14:24:57,263 [trainer.py] => CNN top1 curve: [100.0]
2024-10-02 14:24:57,263 [trainer.py] => CNN top5 curve: [100.0]

2024-10-02 14:24:57,263 [trainer.py] => Average Accuracy (CNN): 100.0 

2024-10-02 14:24:57,264 [trainer.py] => All params: 87003650
2024-10-02 14:24:57,264 [trainer.py] => Trainable params: 1189632
2024-10-02 14:24:57,265 [ease.py] => Learning on 10-20
2024-10-02 14:27:19,090 [ease.py] => Task 1, Epoch 20/20 => Loss 0.805, Train_accy 95.72
2024-10-02 14:27:33,839 [ease.py] => Task correct: 99.59514170040485
2024-10-02 14:27:33,840 [ease.py] => Task acc: 98.78542510121457
2024-10-02 14:27:33,856 [trainer.py] => No NME accuracy.
2024-10-02 14:27:33,857 [trainer.py] => CNN: {'total': 98.38, '00-09': 99.15, '10-19': 97.67, 'old': 99.15, 'new': 97.67}
2024-10-02 14:27:33,857 [trainer.py] => CNN top1 curve: [100.0, 98.38]
2024-10-02 14:27:33,857 [trainer.py] => CNN top5 curve: [100.0, 100.0]

2024-10-02 14:27:33,857 [trainer.py] => Average Accuracy (CNN): 99.19 

2024-10-02 14:27:33,857 [trainer.py] => All params: 87026690
2024-10-02 14:27:33,858 [trainer.py] => Trainable params: 1189632
2024-10-02 14:27:33,858 [ease.py] => Learning on 20-30
2024-10-02 14:29:57,520 [ease.py] => Task 2, Epoch 20/20 => Loss 0.605, Train_accy 97.06
2024-10-02 14:30:20,043 [ease.py] => Task correct: 99.12790697674419
2024-10-02 14:30:20,044 [ease.py] => Task acc: 98.83720930232558
2024-10-02 14:30:20,061 [trainer.py] => No NME accuracy.
2024-10-02 14:30:20,061 [trainer.py] => CNN: {'total': 98.26, '00-09': 99.15, '10-19': 97.67, '20-29': 97.94, 'old': 98.38, 'new': 97.94}
2024-10-02 14:30:20,061 [trainer.py] => CNN top1 curve: [100.0, 98.38, 98.26]
2024-10-02 14:30:20,061 [trainer.py] => CNN top5 curve: [100.0, 100.0, 99.71]

2024-10-02 14:30:20,061 [trainer.py] => Average Accuracy (CNN): 98.88 

2024-10-02 14:30:20,062 [trainer.py] => All params: 87065090
2024-10-02 14:30:20,062 [trainer.py] => Trainable params: 1189632
2024-10-02 14:30:20,063 [ease.py] => Learning on 30-40
2024-10-02 14:32:40,673 [ease.py] => Task 3, Epoch 20/20 => Loss 0.704, Train_accy 96.38
2024-10-02 14:33:10,910 [ease.py] => Task correct: 98.23788546255507
2024-10-02 14:33:10,910 [ease.py] => Task acc: 99.11894273127753
2024-10-02 14:33:10,927 [trainer.py] => No NME accuracy.
2024-10-02 14:33:10,927 [trainer.py] => CNN: {'total': 97.58, '00-09': 99.15, '10-19': 96.9, '20-29': 96.91, '30-39': 97.27, 'old': 97.67, 'new': 97.27}
2024-10-02 14:33:10,927 [trainer.py] => CNN top1 curve: [100.0, 98.38, 98.26, 97.58]
2024-10-02 14:33:10,927 [trainer.py] => CNN top5 curve: [100.0, 100.0, 99.71, 99.78]

2024-10-02 14:33:10,927 [trainer.py] => Average Accuracy (CNN): 98.55499999999999 

2024-10-02 14:33:10,927 [trainer.py] => All params: 87118850
2024-10-02 14:33:10,928 [trainer.py] => Trainable params: 1189632
2024-10-02 14:33:10,929 [ease.py] => Learning on 40-50
2024-10-02 14:35:34,564 [ease.py] => Task 4, Epoch 20/20 => Loss 0.804, Train_accy 94.24
2024-10-02 14:36:14,629 [ease.py] => Task correct: 97.86096256684492
2024-10-02 14:36:14,630 [ease.py] => Task acc: 99.28698752228163
2024-10-02 14:36:14,646 [trainer.py] => No NME accuracy.
2024-10-02 14:36:14,646 [trainer.py] => CNN: {'total': 97.33, '00-09': 98.31, '10-19': 96.9, '20-29': 96.91, '30-39': 97.27, '40-49': 97.2, 'old': 97.36, 'new': 97.2}
2024-10-02 14:36:14,646 [trainer.py] => CNN top1 curve: [100.0, 98.38, 98.26, 97.58, 97.33]
2024-10-02 14:36:14,646 [trainer.py] => CNN top5 curve: [100.0, 100.0, 99.71, 99.78, 99.64]

2024-10-02 14:36:14,647 [trainer.py] => Average Accuracy (CNN): 98.30999999999999 

2024-10-02 14:36:14,647 [trainer.py] => All params: 87187970
2024-10-02 14:36:14,647 [trainer.py] => Trainable params: 1189632
2024-10-02 14:36:14,649 [ease.py] => Learning on 50-60
2024-10-02 14:38:35,679 [ease.py] => Task 5, Epoch 20/20 => Loss 0.818, Train_accy 94.09
2024-10-02 14:39:27,151 [ease.py] => Task correct: 94.64285714285714
2024-10-02 14:39:27,152 [ease.py] => Task acc: 98.80952380952381
2024-10-02 14:39:27,170 [trainer.py] => No NME accuracy.
2024-10-02 14:39:27,170 [trainer.py] => CNN: {'total': 93.9, '00-09': 88.14, '10-19': 96.9, '20-29': 96.91, '30-39': 97.27, '40-49': 96.26, '50-59': 88.29, 'old': 95.01, 'new': 88.29}
2024-10-02 14:39:27,170 [trainer.py] => CNN top1 curve: [100.0, 98.38, 98.26, 97.58, 97.33, 93.9]
2024-10-02 14:39:27,170 [trainer.py] => CNN top5 curve: [100.0, 100.0, 99.71, 99.78, 99.64, 99.4]

2024-10-02 14:39:27,170 [trainer.py] => Average Accuracy (CNN): 97.57499999999999 

2024-10-02 14:39:27,171 [trainer.py] => All params: 87272450
2024-10-02 14:39:27,171 [trainer.py] => Trainable params: 1189632
2024-10-02 14:39:27,174 [ease.py] => Learning on 60-70
2024-10-02 14:41:51,987 [ease.py] => Task 6, Epoch 20/20 => Loss 0.691, Train_accy 94.25
2024-10-02 14:42:55,926 [ease.py] => Task correct: 92.54498714652956
2024-10-02 14:42:55,927 [ease.py] => Task acc: 98.97172236503856
2024-10-02 14:42:55,947 [trainer.py] => No NME accuracy.
2024-10-02 14:42:55,947 [trainer.py] => CNN: {'total': 92.16, '00-09': 87.29, '10-19': 93.02, '20-29': 96.91, '30-39': 96.36, '40-49': 95.33, '50-59': 86.49, '60-69': 90.57, 'old': 92.41, 'new': 90.57}
2024-10-02 14:42:55,947 [trainer.py] => CNN top1 curve: [100.0, 98.38, 98.26, 97.58, 97.33, 93.9, 92.16]
2024-10-02 14:42:55,947 [trainer.py] => CNN top5 curve: [100.0, 100.0, 99.71, 99.78, 99.64, 99.4, 99.23]

2024-10-02 14:42:55,947 [trainer.py] => Average Accuracy (CNN): 96.80142857142856 

2024-10-02 14:42:55,948 [trainer.py] => All params: 87372290
2024-10-02 14:42:55,948 [trainer.py] => Trainable params: 1189632
2024-10-02 14:42:55,952 [ease.py] => Learning on 70-80
2024-10-02 14:45:14,358 [ease.py] => Task 7, Epoch 20/20 => Loss 0.590, Train_accy 96.95
2024-10-02 14:46:31,546 [ease.py] => Task correct: 93.25353645266594
2024-10-02 14:46:31,546 [ease.py] => Task acc: 99.12948857453755
2024-10-02 14:46:31,564 [trainer.py] => No NME accuracy.
2024-10-02 14:46:31,564 [trainer.py] => CNN: {'total': 92.93, '00-09': 88.98, '10-19': 93.02, '20-29': 96.91, '30-39': 96.36, '40-49': 95.33, '50-59': 86.49, '60-69': 89.62, '70-79': 96.45, 'old': 92.29, 'new': 96.45}
2024-10-02 14:46:31,565 [trainer.py] => CNN top1 curve: [100.0, 98.38, 98.26, 97.58, 97.33, 93.9, 92.16, 92.93]
2024-10-02 14:46:31,565 [trainer.py] => CNN top5 curve: [100.0, 100.0, 99.71, 99.78, 99.64, 99.4, 99.23, 99.02]

2024-10-02 14:46:31,565 [trainer.py] => Average Accuracy (CNN): 96.3175 

2024-10-02 14:46:31,565 [trainer.py] => All params: 87487490
2024-10-02 14:46:31,565 [trainer.py] => Trainable params: 1189632
2024-10-02 14:46:31,570 [ease.py] => Learning on 80-90
2024-10-02 14:48:51,590 [ease.py] => Task 8, Epoch 20/20 => Loss 0.685, Train_accy 95.23
2024-10-02 14:50:24,249 [ease.py] => Task correct: 93.44106463878327
2024-10-02 14:50:24,250 [ease.py] => Task acc: 99.23954372623574
2024-10-02 14:50:24,270 [trainer.py] => No NME accuracy.
2024-10-02 14:50:24,270 [trainer.py] => CNN: {'total': 93.16, '00-09': 89.83, '10-19': 91.47, '20-29': 96.91, '30-39': 96.36, '40-49': 95.33, '50-59': 86.49, '60-69': 89.62, '70-79': 96.45, '80-89': 95.49, 'old': 92.82, 'new': 95.49}
2024-10-02 14:50:24,270 [trainer.py] => CNN top1 curve: [100.0, 98.38, 98.26, 97.58, 97.33, 93.9, 92.16, 92.93, 93.16]
2024-10-02 14:50:24,270 [trainer.py] => CNN top5 curve: [100.0, 100.0, 99.71, 99.78, 99.64, 99.4, 99.23, 99.02, 99.14]

2024-10-02 14:50:24,270 [trainer.py] => Average Accuracy (CNN): 95.96666666666665 

2024-10-02 14:50:24,271 [trainer.py] => All params: 87618050
2024-10-02 14:50:24,271 [trainer.py] => Trainable params: 1189632
2024-10-02 14:50:24,277 [ease.py] => Learning on 90-100
2024-10-02 14:52:42,574 [ease.py] => Task 9, Epoch 20/20 => Loss 0.721, Train_accy 92.72
2024-10-02 14:54:31,713 [ease.py] => Task correct: 92.34006734006734
2024-10-02 14:54:31,714 [ease.py] => Task acc: 98.9057239057239
2024-10-02 14:54:31,731 [trainer.py] => No NME accuracy.
2024-10-02 14:54:31,731 [trainer.py] => CNN: {'total': 91.67, '00-09': 88.14, '10-19': 91.47, '20-29': 96.91, '30-39': 90.91, '40-49': 95.33, '50-59': 86.49, '60-69': 86.79, '70-79': 96.45, '80-89': 95.49, '90-99': 88.24, 'old': 92.11, 'new': 88.24}
2024-10-02 14:54:31,731 [trainer.py] => CNN top1 curve: [100.0, 98.38, 98.26, 97.58, 97.33, 93.9, 92.16, 92.93, 93.16, 91.67]
2024-10-02 14:54:31,731 [trainer.py] => CNN top5 curve: [100.0, 100.0, 99.71, 99.78, 99.64, 99.4, 99.23, 99.02, 99.14, 99.07]

2024-10-02 14:54:31,731 [trainer.py] => Average Accuracy (CNN): 95.53699999999999 

2024-10-02 14:54:31,731 [trainer.py] => All params: 87763970
2024-10-02 14:54:31,732 [trainer.py] => Trainable params: 1189632
2024-10-02 14:54:31,737 [ease.py] => Learning on 100-110
2024-10-02 14:56:56,910 [ease.py] => Task 10, Epoch 20/20 => Loss 0.625, Train_accy 94.80
2024-10-02 14:59:04,692 [ease.py] => Task correct: 92.01841903300077
2024-10-02 14:59:04,693 [ease.py] => Task acc: 98.92555640828857
2024-10-02 14:59:04,710 [trainer.py] => No NME accuracy.
2024-10-02 14:59:04,710 [trainer.py] => CNN: {'total': 91.4, '00-09': 88.14, '10-19': 89.15, '20-29': 96.91, '30-39': 90.91, '40-49': 95.33, '50-59': 86.49, '60-69': 85.85, '70-79': 96.45, '80-89': 95.49, '90-99': 88.24, '100-109': 92.17, 'old': 91.33, 'new': 92.17}
2024-10-02 14:59:04,710 [trainer.py] => CNN top1 curve: [100.0, 98.38, 98.26, 97.58, 97.33, 93.9, 92.16, 92.93, 93.16, 91.67, 91.4]
2024-10-02 14:59:04,710 [trainer.py] => CNN top5 curve: [100.0, 100.0, 99.71, 99.78, 99.64, 99.4, 99.23, 99.02, 99.14, 99.07, 99.08]

2024-10-02 14:59:04,710 [trainer.py] => Average Accuracy (CNN): 95.16090909090909 

2024-10-02 14:59:04,710 [trainer.py] => All params: 87925250
2024-10-02 14:59:04,711 [trainer.py] => Trainable params: 1189632
2024-10-02 14:59:04,717 [ease.py] => Learning on 110-120
2024-10-02 15:01:27,411 [ease.py] => Task 11, Epoch 20/20 => Loss 0.695, Train_accy 96.82
2024-10-02 15:03:52,476 [ease.py] => Task correct: 90.74858757062147
2024-10-02 15:03:52,476 [ease.py] => Task acc: 98.87005649717514
2024-10-02 15:03:52,493 [trainer.py] => No NME accuracy.
2024-10-02 15:03:52,493 [trainer.py] => CNN: {'total': 90.18, '00-09': 88.98, '10-19': 89.15, '20-29': 96.91, '30-39': 90.91, '40-49': 95.33, '50-59': 85.59, '60-69': 84.91, '70-79': 89.36, '80-89': 94.74, '90-99': 87.5, '100-109': 92.17, '110-119': 87.61, 'old': 90.41, 'new': 87.61}
2024-10-02 15:03:52,493 [trainer.py] => CNN top1 curve: [100.0, 98.38, 98.26, 97.58, 97.33, 93.9, 92.16, 92.93, 93.16, 91.67, 91.4, 90.18]
2024-10-02 15:03:52,493 [trainer.py] => CNN top5 curve: [100.0, 100.0, 99.71, 99.78, 99.64, 99.4, 99.23, 99.02, 99.14, 99.07, 99.08, 98.94]

2024-10-02 15:03:52,494 [trainer.py] => Average Accuracy (CNN): 94.74583333333334 

2024-10-02 15:03:52,494 [trainer.py] => All params: 88101890
2024-10-02 15:03:52,494 [trainer.py] => Trainable params: 1189632
2024-10-02 15:03:52,502 [ease.py] => Learning on 120-130
2024-10-02 15:06:17,774 [ease.py] => Task 12, Epoch 20/20 => Loss 0.781, Train_accy 93.36
2024-10-02 15:09:02,374 [ease.py] => Task correct: 90.08535784635588
2024-10-02 15:09:02,375 [ease.py] => Task acc: 98.68680236375575
2024-10-02 15:09:02,394 [trainer.py] => No NME accuracy.
2024-10-02 15:09:02,394 [trainer.py] => CNN: {'total': 89.49, '00-09': 86.44, '10-19': 89.15, '20-29': 96.91, '30-39': 89.09, '40-49': 92.52, '50-59': 85.59, '60-69': 84.91, '70-79': 89.36, '80-89': 93.98, '90-99': 86.76, '100-109': 92.17, '110-119': 87.61, '120-129': 89.72, 'old': 89.48, 'new': 89.72}
2024-10-02 15:09:02,395 [trainer.py] => CNN top1 curve: [100.0, 98.38, 98.26, 97.58, 97.33, 93.9, 92.16, 92.93, 93.16, 91.67, 91.4, 90.18, 89.49]
2024-10-02 15:09:02,395 [trainer.py] => CNN top5 curve: [100.0, 100.0, 99.71, 99.78, 99.64, 99.4, 99.23, 99.02, 99.14, 99.07, 99.08, 98.94, 98.95]

2024-10-02 15:09:02,395 [trainer.py] => Average Accuracy (CNN): 94.34153846153846 

2024-10-02 15:09:02,395 [trainer.py] => All params: 88293890
2024-10-02 15:09:02,396 [trainer.py] => Trainable params: 1189632
2024-10-02 15:09:02,406 [ease.py] => Learning on 130-140
2024-10-02 15:11:25,471 [ease.py] => Task 13, Epoch 20/20 => Loss 0.897, Train_accy 94.07
2024-10-02 15:14:30,893 [ease.py] => Task correct: 89.8842169408897
2024-10-02 15:14:30,893 [ease.py] => Task acc: 98.53747714808044
2024-10-02 15:14:30,910 [trainer.py] => No NME accuracy.
2024-10-02 15:14:30,910 [trainer.py] => CNN: {'total': 89.27, '00-09': 88.14, '10-19': 89.92, '20-29': 96.91, '30-39': 89.09, '40-49': 92.52, '50-59': 85.59, '60-69': 84.91, '70-79': 89.36, '80-89': 93.98, '90-99': 87.5, '100-109': 92.17, '110-119': 87.61, '120-129': 83.18, '130-139': 88.98, 'old': 89.3, 'new': 88.98}
2024-10-02 15:14:30,910 [trainer.py] => CNN top1 curve: [100.0, 98.38, 98.26, 97.58, 97.33, 93.9, 92.16, 92.93, 93.16, 91.67, 91.4, 90.18, 89.49, 89.27]
2024-10-02 15:14:30,910 [trainer.py] => CNN top5 curve: [100.0, 100.0, 99.71, 99.78, 99.64, 99.4, 99.23, 99.02, 99.14, 99.07, 99.08, 98.94, 98.95, 98.78]

2024-10-02 15:14:30,910 [trainer.py] => Average Accuracy (CNN): 93.97928571428572 

2024-10-02 15:14:30,911 [trainer.py] => All params: 88501250
2024-10-02 15:14:30,911 [trainer.py] => Trainable params: 1189632
2024-10-02 15:14:30,922 [ease.py] => Learning on 140-150
2024-10-02 15:16:49,709 [ease.py] => Task 14, Epoch 20/20 => Loss 0.819, Train_accy 95.80
2024-10-02 15:20:16,216 [ease.py] => Task correct: 89.07753254103
2024-10-02 15:20:16,217 [ease.py] => Task acc: 98.5851726089417
2024-10-02 15:20:16,234 [trainer.py] => No NME accuracy.
2024-10-02 15:20:16,234 [trainer.py] => CNN: {'total': 88.51, '00-09': 84.75, '10-19': 90.7, '20-29': 96.91, '30-39': 87.27, '40-49': 92.52, '50-59': 85.59, '60-69': 84.91, '70-79': 89.36, '80-89': 93.98, '90-99': 86.76, '100-109': 91.3, '110-119': 84.07, '120-129': 84.11, '130-139': 88.98, '140-149': 86.51, 'old': 88.67, 'new': 86.51}
2024-10-02 15:20:16,234 [trainer.py] => CNN top1 curve: [100.0, 98.38, 98.26, 97.58, 97.33, 93.9, 92.16, 92.93, 93.16, 91.67, 91.4, 90.18, 89.49, 89.27, 88.51]
2024-10-02 15:20:16,234 [trainer.py] => CNN top5 curve: [100.0, 100.0, 99.71, 99.78, 99.64, 99.4, 99.23, 99.02, 99.14, 99.07, 99.08, 98.94, 98.95, 98.78, 98.64]

2024-10-02 15:20:16,234 [trainer.py] => Average Accuracy (CNN): 93.61466666666666 

2024-10-02 15:20:16,234 [trainer.py] => All params: 88723970
2024-10-02 15:20:16,235 [trainer.py] => Trainable params: 1189632
2024-10-02 15:20:16,246 [ease.py] => Learning on 150-160
2024-10-02 15:22:37,310 [ease.py] => Task 15, Epoch 20/20 => Loss 0.807, Train_accy 94.23
2024-10-02 15:26:28,678 [ease.py] => Task correct: 89.15917503966155
2024-10-02 15:26:28,679 [ease.py] => Task acc: 98.67794817556849
2024-10-02 15:26:28,696 [trainer.py] => No NME accuracy.
2024-10-02 15:26:28,696 [trainer.py] => CNN: {'total': 88.68, '00-09': 83.9, '10-19': 90.7, '20-29': 96.91, '30-39': 87.27, '40-49': 92.52, '50-59': 85.59, '60-69': 84.91, '70-79': 89.36, '80-89': 93.98, '90-99': 86.76, '100-109': 88.7, '110-119': 84.07, '120-129': 84.11, '130-139': 88.98, '140-149': 86.51, '150-159': 94.35, 'old': 88.29, 'new': 94.35}
2024-10-02 15:26:28,696 [trainer.py] => CNN top1 curve: [100.0, 98.38, 98.26, 97.58, 97.33, 93.9, 92.16, 92.93, 93.16, 91.67, 91.4, 90.18, 89.49, 89.27, 88.51, 88.68]
2024-10-02 15:26:28,696 [trainer.py] => CNN top5 curve: [100.0, 100.0, 99.71, 99.78, 99.64, 99.4, 99.23, 99.02, 99.14, 99.07, 99.08, 98.94, 98.95, 98.78, 98.64, 98.57]

2024-10-02 15:26:28,696 [trainer.py] => Average Accuracy (CNN): 93.30625 

2024-10-02 15:26:28,696 [trainer.py] => All params: 88962050
2024-10-02 15:26:28,697 [trainer.py] => Trainable params: 1189632
2024-10-02 15:26:28,709 [ease.py] => Learning on 160-170
2024-10-02 15:28:49,808 [ease.py] => Task 16, Epoch 20/20 => Loss 0.673, Train_accy 95.91
2024-10-02 15:33:07,162 [ease.py] => Task correct: 88.54320987654322
2024-10-02 15:33:07,163 [ease.py] => Task acc: 98.71604938271605
2024-10-02 15:33:07,180 [trainer.py] => No NME accuracy.
2024-10-02 15:33:07,180 [trainer.py] => CNN: {'total': 88.05, '00-09': 83.9, '10-19': 90.7, '20-29': 95.88, '30-39': 87.27, '40-49': 87.85, '50-59': 85.59, '60-69': 83.96, '70-79': 89.36, '80-89': 93.98, '90-99': 85.29, '100-109': 88.7, '110-119': 83.19, '120-129': 84.11, '130-139': 88.14, '140-149': 85.71, '150-159': 94.35, '160-169': 88.06, 'old': 88.05, 'new': 88.06}
2024-10-02 15:33:07,180 [trainer.py] => CNN top1 curve: [100.0, 98.38, 98.26, 97.58, 97.33, 93.9, 92.16, 92.93, 93.16, 91.67, 91.4, 90.18, 89.49, 89.27, 88.51, 88.68, 88.05]
2024-10-02 15:33:07,180 [trainer.py] => CNN top5 curve: [100.0, 100.0, 99.71, 99.78, 99.64, 99.4, 99.23, 99.02, 99.14, 99.07, 99.08, 98.94, 98.95, 98.78, 98.64, 98.57, 98.47]

2024-10-02 15:33:07,180 [trainer.py] => Average Accuracy (CNN): 92.99705882352941 

2024-10-02 15:33:07,180 [trainer.py] => All params: 89215490
2024-10-02 15:33:07,181 [trainer.py] => Trainable params: 1189632
2024-10-02 15:33:07,194 [ease.py] => Learning on 170-180
2024-10-02 15:35:35,842 [ease.py] => Task 17, Epoch 20/20 => Loss 0.743, Train_accy 96.36
2024-10-02 15:40:21,723 [ease.py] => Task correct: 88.58082706766918
2024-10-02 15:40:21,724 [ease.py] => Task acc: 98.7312030075188
2024-10-02 15:40:21,743 [trainer.py] => No NME accuracy.
2024-10-02 15:40:21,743 [trainer.py] => CNN: {'total': 88.06, '00-09': 83.9, '10-19': 89.92, '20-29': 95.88, '30-39': 87.27, '40-49': 87.85, '50-59': 85.59, '60-69': 83.96, '70-79': 89.36, '80-89': 93.98, '90-99': 85.29, '100-109': 88.7, '110-119': 83.19, '120-129': 83.18, '130-139': 88.14, '140-149': 84.13, '150-159': 92.74, '160-169': 88.06, '170-179': 94.17, 'old': 87.75, 'new': 94.17}
2024-10-02 15:40:21,744 [trainer.py] => CNN top1 curve: [100.0, 98.38, 98.26, 97.58, 97.33, 93.9, 92.16, 92.93, 93.16, 91.67, 91.4, 90.18, 89.49, 89.27, 88.51, 88.68, 88.05, 88.06]
2024-10-02 15:40:21,744 [trainer.py] => CNN top5 curve: [100.0, 100.0, 99.71, 99.78, 99.64, 99.4, 99.23, 99.02, 99.14, 99.07, 99.08, 98.94, 98.95, 98.78, 98.64, 98.57, 98.47, 98.4]

2024-10-02 15:40:21,744 [trainer.py] => Average Accuracy (CNN): 92.72277777777778 

2024-10-02 15:40:21,744 [trainer.py] => All params: 89484290
2024-10-02 15:40:21,744 [trainer.py] => Trainable params: 1189632
2024-10-02 15:40:21,759 [ease.py] => Learning on 180-190
2024-10-02 15:42:41,812 [ease.py] => Task 18, Epoch 20/20 => Loss 0.752, Train_accy 93.85
2024-10-02 15:47:51,970 [ease.py] => Task correct: 88.05309734513274
2024-10-02 15:47:51,970 [ease.py] => Task acc: 98.6283185840708
2024-10-02 15:47:51,990 [trainer.py] => No NME accuracy.
2024-10-02 15:47:51,990 [trainer.py] => CNN: {'total': 87.52, '00-09': 83.9, '10-19': 89.92, '20-29': 93.81, '30-39': 85.45, '40-49': 86.92, '50-59': 85.59, '60-69': 83.96, '70-79': 89.36, '80-89': 93.98, '90-99': 85.29, '100-109': 88.7, '110-119': 83.19, '120-129': 80.37, '130-139': 88.14, '140-149': 84.13, '150-159': 92.74, '160-169': 88.06, '170-179': 94.17, '180-189': 84.85, 'old': 87.69, 'new': 84.85}
2024-10-02 15:47:51,990 [trainer.py] => CNN top1 curve: [100.0, 98.38, 98.26, 97.58, 97.33, 93.9, 92.16, 92.93, 93.16, 91.67, 91.4, 90.18, 89.49, 89.27, 88.51, 88.68, 88.05, 88.06, 87.52]
2024-10-02 15:47:51,990 [trainer.py] => CNN top5 curve: [100.0, 100.0, 99.71, 99.78, 99.64, 99.4, 99.23, 99.02, 99.14, 99.07, 99.08, 98.94, 98.95, 98.78, 98.64, 98.57, 98.47, 98.4, 98.19]

2024-10-02 15:47:51,990 [trainer.py] => Average Accuracy (CNN): 92.44894736842105 

2024-10-02 15:47:51,991 [trainer.py] => All params: 89768450
2024-10-02 15:47:51,991 [trainer.py] => Trainable params: 1189632
2024-10-02 15:47:52,011 [ease.py] => Learning on 190-200
2024-10-02 15:50:20,656 [ease.py] => Task 19, Epoch 20/20 => Loss 0.708, Train_accy 93.76
2024-10-02 15:56:02,627 [ease.py] => Task correct: 87.3197625106022
2024-10-02 15:56:02,628 [ease.py] => Task acc: 98.55810008481764
2024-10-02 15:56:02,645 [trainer.py] => No NME accuracy.
2024-10-02 15:56:02,645 [trainer.py] => CNN: {'total': 86.77, '00-09': 83.9, '10-19': 89.15, '20-29': 93.81, '30-39': 85.45, '40-49': 86.92, '50-59': 85.59, '60-69': 76.42, '70-79': 88.65, '80-89': 93.98, '90-99': 85.29, '100-109': 88.7, '110-119': 83.19, '120-129': 79.44, '130-139': 88.14, '140-149': 84.13, '150-159': 92.74, '160-169': 85.82, '170-179': 93.2, '180-189': 84.09, '190-199': 85.71, 'old': 86.81, 'new': 85.71}
2024-10-02 15:56:02,645 [trainer.py] => CNN top1 curve: [100.0, 98.38, 98.26, 97.58, 97.33, 93.9, 92.16, 92.93, 93.16, 91.67, 91.4, 90.18, 89.49, 89.27, 88.51, 88.68, 88.05, 88.06, 87.52, 86.77]
2024-10-02 15:56:02,645 [trainer.py] => CNN top5 curve: [100.0, 100.0, 99.71, 99.78, 99.64, 99.4, 99.23, 99.02, 99.14, 99.07, 99.08, 98.94, 98.95, 98.78, 98.64, 98.57, 98.47, 98.4, 98.19, 98.13]

2024-10-02 15:56:02,645 [trainer.py] => Average Accuracy (CNN): 92.16499999999999 

