2024-10-02 17:37:13,586 [trainer.py] => config: ./exps/ease_inr_in21k.json
2024-10-02 17:37:13,586 [trainer.py] => prefix:  
2024-10-02 17:37:13,586 [trainer.py] => dataset: imagenetr
2024-10-02 17:37:13,586 [trainer.py] => memory_size: 0
2024-10-02 17:37:13,586 [trainer.py] => memory_per_class: 0
2024-10-02 17:37:13,586 [trainer.py] => fixed_memory: False
2024-10-02 17:37:13,586 [trainer.py] => shuffle: True
2024-10-02 17:37:13,586 [trainer.py] => init_cls: 5
2024-10-02 17:37:13,586 [trainer.py] => increment: 5
2024-10-02 17:37:13,586 [trainer.py] => model_name: ease
2024-10-02 17:37:13,586 [trainer.py] => backbone_type: vit_base_patch16_224_in21k_ease
2024-10-02 17:37:13,586 [trainer.py] => device: [device(type='cuda', index=0)]
2024-10-02 17:37:13,586 [trainer.py] => seed: 1993
2024-10-02 17:37:13,586 [trainer.py] => init_epochs: 20
2024-10-02 17:37:13,586 [trainer.py] => init_lr: 0.05
2024-10-02 17:37:13,586 [trainer.py] => later_epochs: 20
2024-10-02 17:37:13,586 [trainer.py] => later_lr: 0.05
2024-10-02 17:37:13,586 [trainer.py] => batch_size: 16
2024-10-02 17:37:13,586 [trainer.py] => weight_decay: 0.005
2024-10-02 17:37:13,586 [trainer.py] => min_lr: 0
2024-10-02 17:37:13,586 [trainer.py] => optimizer: sgd
2024-10-02 17:37:13,586 [trainer.py] => scheduler: cosine
2024-10-02 17:37:13,586 [trainer.py] => pretrained: True
2024-10-02 17:37:13,586 [trainer.py] => vpt_type: Deep
2024-10-02 17:37:13,586 [trainer.py] => prompt_token_num: 5
2024-10-02 17:37:13,586 [trainer.py] => ffn_num: 64
2024-10-02 17:37:13,586 [trainer.py] => use_diagonal: False
2024-10-02 17:37:13,586 [trainer.py] => recalc_sim: True
2024-10-02 17:37:13,587 [trainer.py] => alpha: 0.1
2024-10-02 17:37:13,587 [trainer.py] => use_init_ptm: False
2024-10-02 17:37:13,587 [trainer.py] => beta: 0
2024-10-02 17:37:13,587 [trainer.py] => use_old_data: False
2024-10-02 17:37:13,587 [trainer.py] => use_reweight: True
2024-10-02 17:37:13,587 [trainer.py] => moni_adam: False
2024-10-02 17:37:13,587 [trainer.py] => adapter_num: -1
2024-10-02 17:37:13,869 [data_manager.py] => [168, 136, 51, 9, 183, 101, 171, 99, 42, 159, 191, 70, 16, 188, 27, 10, 175, 26, 68, 187, 98, 6, 85, 35, 112, 43, 100, 0, 103, 181, 88, 59, 4, 2, 116, 174, 94, 80, 106, 1, 147, 17, 141, 131, 72, 23, 173, 54, 197, 118, 87, 32, 79, 104, 91, 19, 135, 107, 178, 36, 11, 199, 142, 8, 122, 3, 28, 57, 153, 172, 190, 56, 49, 44, 97, 62, 151, 169, 194, 55, 192, 12, 189, 78, 66, 180, 15, 137, 109, 134, 92, 119, 126, 52, 170, 40, 148, 65, 144, 64, 138, 45, 77, 89, 154, 90, 71, 193, 74, 30, 113, 143, 96, 84, 67, 50, 186, 156, 69, 21, 18, 111, 108, 58, 125, 157, 150, 110, 182, 129, 166, 83, 81, 60, 13, 165, 14, 176, 63, 117, 5, 22, 145, 121, 38, 41, 82, 127, 114, 20, 31, 53, 37, 163, 196, 130, 152, 162, 86, 76, 24, 34, 184, 149, 33, 128, 198, 155, 146, 167, 139, 120, 140, 102, 47, 25, 158, 123, 46, 164, 61, 7, 115, 75, 133, 160, 105, 132, 179, 124, 48, 73, 93, 39, 95, 195, 29, 177, 185, 161]
2024-10-02 17:37:18,861 [_builder.py] => Loading pretrained weights from Hugging Face hub (timm/vit_base_patch16_224.augreg_in21k)
2024-10-02 17:37:19,597 [_hub.py] => [timm/vit_base_patch16_224.augreg_in21k] Safe alternative available for 'pytorch_model.bin' (as 'model.safetensors'). Loading weights using safetensors.
2024-10-02 17:37:19,719 [trainer.py] => All params: 86988288
2024-10-02 17:37:19,720 [trainer.py] => Trainable params: 1189632
2024-10-02 17:37:19,726 [ease.py] => Learning on 0-5
2024-10-02 17:40:04,676 [ease.py] => Task 0, Epoch 20/20 => Loss 0.163, Train_accy 96.34
2024-10-02 17:40:12,964 [ease.py] => Task correct: 100.0
2024-10-02 17:40:12,965 [ease.py] => Task acc: 97.93103448275862
2024-10-02 17:40:12,982 [trainer.py] => No NME accuracy.
2024-10-02 17:40:12,982 [trainer.py] => CNN: {'total': 97.93, '00-04': 97.93, 'old': 0, 'new': 97.93}
2024-10-02 17:40:12,982 [trainer.py] => CNN top1 curve: [97.93]
2024-10-02 17:40:12,982 [trainer.py] => CNN top5 curve: [100.0]

2024-10-02 17:40:12,982 [trainer.py] => Average Accuracy (CNN): 97.93 

2024-10-02 17:40:12,983 [trainer.py] => All params: 86995970
2024-10-02 17:40:12,983 [trainer.py] => Trainable params: 1189632
2024-10-02 17:40:12,984 [ease.py] => Learning on 5-10
2024-10-02 17:43:15,694 [ease.py] => Task 1, Epoch 20/20 => Loss 0.180, Train_accy 94.62
2024-10-02 17:43:32,774 [ease.py] => Task correct: 94.3217665615142
2024-10-02 17:43:32,774 [ease.py] => Task acc: 97.1608832807571
2024-10-02 17:43:32,791 [trainer.py] => No NME accuracy.
2024-10-02 17:43:32,791 [trainer.py] => CNN: {'total': 93.06, '00-04': 91.03, '05-09': 94.77, 'old': 91.03, 'new': 94.77}
2024-10-02 17:43:32,791 [trainer.py] => CNN top1 curve: [97.93, 93.06]
2024-10-02 17:43:32,791 [trainer.py] => CNN top5 curve: [100.0, 99.68]

2024-10-02 17:43:32,791 [trainer.py] => Average Accuracy (CNN): 95.495 

2024-10-02 17:43:32,791 [trainer.py] => All params: 87007490
2024-10-02 17:43:32,792 [trainer.py] => Trainable params: 1189632
2024-10-02 17:43:32,792 [ease.py] => Learning on 10-15
2024-10-02 17:47:23,868 [ease.py] => Task 2, Epoch 20/20 => Loss 0.177, Train_accy 95.75
2024-10-02 17:47:55,818 [ease.py] => Task correct: 92.37588652482269
2024-10-02 17:47:55,818 [ease.py] => Task acc: 97.51773049645391
2024-10-02 17:47:55,834 [trainer.py] => No NME accuracy.
2024-10-02 17:47:55,834 [trainer.py] => CNN: {'total': 91.31, '00-04': 86.9, '05-09': 93.02, '10-14': 92.71, 'old': 90.22, 'new': 92.71}
2024-10-02 17:47:55,834 [trainer.py] => CNN top1 curve: [97.93, 93.06, 91.31]
2024-10-02 17:47:55,834 [trainer.py] => CNN top5 curve: [100.0, 99.68, 99.29]

2024-10-02 17:47:55,835 [trainer.py] => Average Accuracy (CNN): 94.10000000000001 

2024-10-02 17:47:55,835 [trainer.py] => All params: 87026690
2024-10-02 17:47:55,835 [trainer.py] => Trainable params: 1189632
2024-10-02 17:47:55,836 [ease.py] => Learning on 15-20
2024-10-02 17:50:39,203 [ease.py] => Task 3, Epoch 20/20 => Loss 0.131, Train_accy 96.65
2024-10-02 17:51:16,550 [ease.py] => Task correct: 90.42089985486211
2024-10-02 17:51:16,550 [ease.py] => Task acc: 97.24238026124819
2024-10-02 17:51:16,567 [trainer.py] => No NME accuracy.
2024-10-02 17:51:16,567 [trainer.py] => CNN: {'total': 89.84, '00-04': 82.76, '05-09': 92.44, '10-14': 91.09, '15-19': 92.0, 'old': 89.36, 'new': 92.0}
2024-10-02 17:51:16,567 [trainer.py] => CNN top1 curve: [97.93, 93.06, 91.31, 89.84]
2024-10-02 17:51:16,568 [trainer.py] => CNN top5 curve: [100.0, 99.68, 99.29, 98.55]

2024-10-02 17:51:16,568 [trainer.py] => Average Accuracy (CNN): 93.035 

2024-10-02 17:51:16,568 [trainer.py] => All params: 87053570
2024-10-02 17:51:16,568 [trainer.py] => Trainable params: 1189632
2024-10-02 17:51:16,569 [ease.py] => Learning on 20-25
2024-10-02 17:54:03,781 [ease.py] => Task 4, Epoch 20/20 => Loss 0.157, Train_accy 96.45
2024-10-02 17:54:54,172 [ease.py] => Task correct: 89.29001203369434
2024-10-02 17:54:54,173 [ease.py] => Task acc: 96.99157641395908
2024-10-02 17:54:54,190 [trainer.py] => No NME accuracy.
2024-10-02 17:54:54,190 [trainer.py] => CNN: {'total': 89.05, '00-04': 82.07, '05-09': 91.28, '10-14': 90.69, '15-19': 90.4, '20-24': 89.44, 'old': 88.97, 'new': 89.44}
2024-10-02 17:54:54,190 [trainer.py] => CNN top1 curve: [97.93, 93.06, 91.31, 89.84, 89.05]
2024-10-02 17:54:54,190 [trainer.py] => CNN top5 curve: [100.0, 99.68, 99.29, 98.55, 97.83]

2024-10-02 17:54:54,190 [trainer.py] => Average Accuracy (CNN): 92.238 

2024-10-02 17:54:54,191 [trainer.py] => All params: 87088130
2024-10-02 17:54:54,191 [trainer.py] => Trainable params: 1189632
2024-10-02 17:54:54,193 [ease.py] => Learning on 25-30
2024-10-02 17:57:43,656 [ease.py] => Task 5, Epoch 20/20 => Loss 0.208, Train_accy 93.65
2024-10-02 17:58:48,524 [ease.py] => Task correct: 87.05763397371082
2024-10-02 17:58:48,525 [ease.py] => Task acc: 97.06774519716886
2024-10-02 17:58:48,543 [trainer.py] => No NME accuracy.
2024-10-02 17:58:48,543 [trainer.py] => CNN: {'total': 86.96, '00-04': 79.31, '05-09': 86.63, '10-14': 89.47, '15-19': 90.4, '20-24': 88.03, '25-29': 86.71, 'old': 87.0, 'new': 86.71}
2024-10-02 17:58:48,543 [trainer.py] => CNN top1 curve: [97.93, 93.06, 91.31, 89.84, 89.05, 86.96]
2024-10-02 17:58:48,543 [trainer.py] => CNN top5 curve: [100.0, 99.68, 99.29, 98.55, 97.83, 97.27]

2024-10-02 17:58:48,543 [trainer.py] => Average Accuracy (CNN): 91.35833333333333 

2024-10-02 17:58:48,544 [trainer.py] => All params: 87130370
2024-10-02 17:58:48,544 [trainer.py] => Trainable params: 1189632
2024-10-02 17:58:48,546 [ease.py] => Learning on 30-35
2024-10-02 18:01:46,295 [ease.py] => Task 6, Epoch 20/20 => Loss 0.145, Train_accy 96.98
2024-10-02 18:03:08,853 [ease.py] => Task correct: 86.40350877192982
2024-10-02 18:03:08,854 [ease.py] => Task acc: 97.36842105263158
2024-10-02 18:03:08,875 [trainer.py] => No NME accuracy.
2024-10-02 18:03:08,875 [trainer.py] => CNN: {'total': 86.32, '00-04': 77.93, '05-09': 85.47, '10-14': 88.66, '15-19': 88.0, '20-24': 88.03, '25-29': 85.44, '30-34': 89.4, 'old': 85.84, 'new': 89.4}
2024-10-02 18:03:08,875 [trainer.py] => CNN top1 curve: [97.93, 93.06, 91.31, 89.84, 89.05, 86.96, 86.32]
2024-10-02 18:03:08,875 [trainer.py] => CNN top5 curve: [100.0, 99.68, 99.29, 98.55, 97.83, 97.27, 97.37]

2024-10-02 18:03:08,875 [trainer.py] => Average Accuracy (CNN): 90.63857142857144 

2024-10-02 18:03:08,876 [trainer.py] => All params: 87180290
2024-10-02 18:03:08,876 [trainer.py] => Trainable params: 1189632
2024-10-02 18:03:08,878 [ease.py] => Learning on 35-40
2024-10-02 18:06:10,203 [ease.py] => Task 7, Epoch 20/20 => Loss 0.179, Train_accy 95.72
2024-10-02 18:07:52,411 [ease.py] => Task correct: 84.48145344436033
2024-10-02 18:07:52,412 [ease.py] => Task acc: 97.35049205147615
2024-10-02 18:07:52,432 [trainer.py] => No NME accuracy.
2024-10-02 18:07:52,432 [trainer.py] => CNN: {'total': 84.33, '00-04': 77.24, '05-09': 84.3, '10-14': 88.66, '15-19': 88.0, '20-24': 86.62, '25-29': 82.91, '30-34': 85.43, '35-39': 80.11, 'old': 85.0, 'new': 80.11}
2024-10-02 18:07:52,432 [trainer.py] => CNN top1 curve: [97.93, 93.06, 91.31, 89.84, 89.05, 86.96, 86.32, 84.33]
2024-10-02 18:07:52,432 [trainer.py] => CNN top5 curve: [100.0, 99.68, 99.29, 98.55, 97.83, 97.27, 97.37, 96.82]

2024-10-02 18:07:52,432 [trainer.py] => Average Accuracy (CNN): 89.85000000000001 

2024-10-02 18:07:52,433 [trainer.py] => All params: 87237890
2024-10-02 18:07:52,433 [trainer.py] => Trainable params: 1189632
2024-10-02 18:07:52,436 [ease.py] => Learning on 40-45
2024-10-02 18:10:18,051 [ease.py] => Task 8, Epoch 20/20 => Loss 0.185, Train_accy 96.22
2024-10-02 18:12:09,901 [ease.py] => Task correct: 83.640081799591
2024-10-02 18:12:09,902 [ease.py] => Task acc: 96.93251533742331
2024-10-02 18:12:09,922 [trainer.py] => No NME accuracy.
2024-10-02 18:12:09,922 [trainer.py] => CNN: {'total': 83.37, '00-04': 77.24, '05-09': 83.14, '10-14': 87.85, '15-19': 88.0, '20-24': 86.62, '25-29': 82.28, '30-34': 85.43, '35-39': 79.01, '40-44': 79.45, 'old': 83.8, 'new': 79.45}
2024-10-02 18:12:09,922 [trainer.py] => CNN top1 curve: [97.93, 93.06, 91.31, 89.84, 89.05, 86.96, 86.32, 84.33, 83.37]
2024-10-02 18:12:09,922 [trainer.py] => CNN top5 curve: [100.0, 99.68, 99.29, 98.55, 97.83, 97.27, 97.37, 96.82, 96.18]

2024-10-02 18:12:09,922 [trainer.py] => Average Accuracy (CNN): 89.13000000000001 

2024-10-02 18:12:09,923 [trainer.py] => All params: 87303170
2024-10-02 18:12:09,923 [trainer.py] => Trainable params: 1189632
2024-10-02 18:12:09,927 [ease.py] => Learning on 45-50
2024-10-02 18:14:54,459 [ease.py] => Task 9, Epoch 20/20 => Loss 0.232, Train_accy 93.49
2024-10-02 18:17:12,890 [ease.py] => Task correct: 82.43992606284658
2024-10-02 18:17:12,891 [ease.py] => Task acc: 96.91928527418361
2024-10-02 18:17:12,911 [trainer.py] => No NME accuracy.
2024-10-02 18:17:12,911 [trainer.py] => CNN: {'total': 82.13, '00-04': 76.55, '05-09': 81.98, '10-14': 87.45, '15-19': 84.8, '20-24': 85.92, '25-29': 80.38, '30-34': 85.43, '35-39': 78.45, '40-44': 79.45, '45-49': 78.85, 'old': 82.48, 'new': 78.85}
2024-10-02 18:17:12,911 [trainer.py] => CNN top1 curve: [97.93, 93.06, 91.31, 89.84, 89.05, 86.96, 86.32, 84.33, 83.37, 82.13]
2024-10-02 18:17:12,911 [trainer.py] => CNN top5 curve: [100.0, 99.68, 99.29, 98.55, 97.83, 97.27, 97.37, 96.82, 96.18, 95.44]

2024-10-02 18:17:12,911 [trainer.py] => Average Accuracy (CNN): 88.43 

2024-10-02 18:17:12,912 [trainer.py] => All params: 87376130
2024-10-02 18:17:12,912 [trainer.py] => Trainable params: 1189632
2024-10-02 18:17:12,916 [ease.py] => Learning on 50-55
2024-10-02 18:20:09,709 [ease.py] => Task 10, Epoch 20/20 => Loss 0.162, Train_accy 95.20
2024-10-02 18:22:55,347 [ease.py] => Task correct: 82.04264870931537
2024-10-02 18:22:55,347 [ease.py] => Task acc: 96.96969696969697
2024-10-02 18:22:55,364 [trainer.py] => No NME accuracy.
2024-10-02 18:22:55,365 [trainer.py] => CNN: {'total': 81.76, '00-04': 75.86, '05-09': 81.4, '10-14': 87.04, '15-19': 84.0, '20-24': 85.92, '25-29': 77.85, '30-34': 85.43, '35-39': 77.9, '40-44': 76.71, '45-49': 77.56, '50-54': 87.42, 'old': 81.21, 'new': 87.42}
2024-10-02 18:22:55,365 [trainer.py] => CNN top1 curve: [97.93, 93.06, 91.31, 89.84, 89.05, 86.96, 86.32, 84.33, 83.37, 82.13, 81.76]
2024-10-02 18:22:55,365 [trainer.py] => CNN top5 curve: [100.0, 99.68, 99.29, 98.55, 97.83, 97.27, 97.37, 96.82, 96.18, 95.44, 95.01]

2024-10-02 18:22:55,365 [trainer.py] => Average Accuracy (CNN): 87.82363636363637 

2024-10-02 18:22:55,365 [trainer.py] => All params: 87456770
2024-10-02 18:22:55,366 [trainer.py] => Trainable params: 1189632
2024-10-02 18:22:55,369 [ease.py] => Learning on 55-60
2024-10-02 18:25:38,578 [ease.py] => Task 11, Epoch 20/20 => Loss 0.189, Train_accy 94.63
2024-10-02 18:28:42,170 [ease.py] => Task correct: 81.05864037363777
2024-10-02 18:28:42,170 [ease.py] => Task acc: 96.88635184224182
2024-10-02 18:28:42,187 [trainer.py] => No NME accuracy.
2024-10-02 18:28:42,187 [trainer.py] => CNN: {'total': 80.7, '00-04': 75.17, '05-09': 81.4, '10-14': 86.64, '15-19': 84.0, '20-24': 84.51, '25-29': 77.22, '30-34': 85.43, '35-39': 77.35, '40-44': 76.71, '45-49': 77.56, '50-54': 87.42, '55-59': 71.72, 'old': 81.43, 'new': 71.72}
2024-10-02 18:28:42,187 [trainer.py] => CNN top1 curve: [97.93, 93.06, 91.31, 89.84, 89.05, 86.96, 86.32, 84.33, 83.37, 82.13, 81.76, 80.7]
2024-10-02 18:28:42,187 [trainer.py] => CNN top5 curve: [100.0, 99.68, 99.29, 98.55, 97.83, 97.27, 97.37, 96.82, 96.18, 95.44, 95.01, 94.4]

2024-10-02 18:28:42,187 [trainer.py] => Average Accuracy (CNN): 87.23 

2024-10-02 18:28:42,188 [trainer.py] => All params: 87545090
2024-10-02 18:28:42,188 [trainer.py] => Trainable params: 1189632
2024-10-02 18:28:42,193 [ease.py] => Learning on 60-65
2024-10-02 18:31:40,002 [ease.py] => Task 12, Epoch 20/20 => Loss 0.202, Train_accy 95.19
2024-10-02 18:35:14,452 [ease.py] => Task correct: 79.54655089242644
2024-10-02 18:35:14,452 [ease.py] => Task acc: 96.62325132657983
2024-10-02 18:35:14,470 [trainer.py] => No NME accuracy.
2024-10-02 18:35:14,470 [trainer.py] => CNN: {'total': 79.21, '00-04': 73.79, '05-09': 81.4, '10-14': 85.83, '15-19': 83.2, '20-24': 84.51, '25-29': 77.22, '30-34': 84.77, '35-39': 77.35, '40-44': 76.71, '45-49': 77.56, '50-54': 86.79, '55-59': 71.72, '60-64': 64.38, 'old': 80.33, 'new': 64.38}
2024-10-02 18:35:14,470 [trainer.py] => CNN top1 curve: [97.93, 93.06, 91.31, 89.84, 89.05, 86.96, 86.32, 84.33, 83.37, 82.13, 81.76, 80.7, 79.21]
2024-10-02 18:35:14,470 [trainer.py] => CNN top5 curve: [100.0, 99.68, 99.29, 98.55, 97.83, 97.27, 97.37, 96.82, 96.18, 95.44, 95.01, 94.4, 93.49]

2024-10-02 18:35:14,470 [trainer.py] => Average Accuracy (CNN): 86.61307692307693 

2024-10-02 18:35:14,470 [trainer.py] => All params: 87641090
2024-10-02 18:35:14,471 [trainer.py] => Trainable params: 1189632
2024-10-02 18:35:14,476 [ease.py] => Learning on 65-70
2024-10-02 18:37:52,198 [ease.py] => Task 13, Epoch 20/20 => Loss 0.193, Train_accy 94.68
2024-10-02 18:41:45,445 [ease.py] => Task correct: 79.32584269662921
2024-10-02 18:41:45,445 [ease.py] => Task acc: 96.58426966292134
2024-10-02 18:41:45,462 [trainer.py] => No NME accuracy.
2024-10-02 18:41:45,463 [trainer.py] => CNN: {'total': 78.97, '00-04': 73.79, '05-09': 80.81, '10-14': 85.43, '15-19': 82.4, '20-24': 84.51, '25-29': 77.85, '30-34': 84.11, '35-39': 75.14, '40-44': 76.71, '45-49': 76.92, '50-54': 86.79, '55-59': 71.72, '60-64': 63.7, '65-69': 81.58, 'old': 78.77, 'new': 81.58}
2024-10-02 18:41:45,463 [trainer.py] => CNN top1 curve: [97.93, 93.06, 91.31, 89.84, 89.05, 86.96, 86.32, 84.33, 83.37, 82.13, 81.76, 80.7, 79.21, 78.97]
2024-10-02 18:41:45,463 [trainer.py] => CNN top5 curve: [100.0, 99.68, 99.29, 98.55, 97.83, 97.27, 97.37, 96.82, 96.18, 95.44, 95.01, 94.4, 93.49, 93.21]

2024-10-02 18:41:45,463 [trainer.py] => Average Accuracy (CNN): 86.06714285714285 

2024-10-02 18:41:45,463 [trainer.py] => All params: 87744770
2024-10-02 18:41:45,464 [trainer.py] => Trainable params: 1189632
2024-10-02 18:41:45,469 [ease.py] => Learning on 70-75
2024-10-02 18:44:12,348 [ease.py] => Task 14, Epoch 20/20 => Loss 0.131, Train_accy 96.48
2024-10-02 18:48:26,471 [ease.py] => Task correct: 78.97872340425532
2024-10-02 18:48:26,472 [ease.py] => Task acc: 96.51063829787235
2024-10-02 18:48:26,489 [trainer.py] => No NME accuracy.
2024-10-02 18:48:26,489 [trainer.py] => CNN: {'total': 78.6, '00-04': 73.79, '05-09': 79.65, '10-14': 85.02, '15-19': 82.4, '20-24': 84.51, '25-29': 77.22, '30-34': 83.44, '35-39': 75.69, '40-44': 76.71, '45-49': 76.28, '50-54': 86.79, '55-59': 71.03, '60-64': 63.7, '65-69': 82.24, '70-74': 76.0, 'old': 78.74, 'new': 76.0}
2024-10-02 18:48:26,489 [trainer.py] => CNN top1 curve: [97.93, 93.06, 91.31, 89.84, 89.05, 86.96, 86.32, 84.33, 83.37, 82.13, 81.76, 80.7, 79.21, 78.97, 78.6]
2024-10-02 18:48:26,489 [trainer.py] => CNN top5 curve: [100.0, 99.68, 99.29, 98.55, 97.83, 97.27, 97.37, 96.82, 96.18, 95.44, 95.01, 94.4, 93.49, 93.21, 92.85]

2024-10-02 18:48:26,489 [trainer.py] => Average Accuracy (CNN): 85.56933333333333 

2024-10-02 18:48:26,490 [trainer.py] => All params: 87856130
2024-10-02 18:48:26,490 [trainer.py] => Trainable params: 1189632
2024-10-02 18:48:26,496 [ease.py] => Learning on 75-80
2024-10-02 18:51:06,332 [ease.py] => Task 15, Epoch 20/20 => Loss 0.222, Train_accy 94.25
2024-10-02 18:55:55,065 [ease.py] => Task correct: 78.42273819055244
2024-10-02 18:55:55,065 [ease.py] => Task acc: 96.51721377101681
2024-10-02 18:55:55,083 [trainer.py] => No NME accuracy.
2024-10-02 18:55:55,083 [trainer.py] => CNN: {'total': 78.02, '00-04': 72.41, '05-09': 79.65, '10-14': 83.81, '15-19': 82.4, '20-24': 84.51, '25-29': 76.58, '30-34': 83.44, '35-39': 75.14, '40-44': 76.03, '45-49': 73.72, '50-54': 86.16, '55-59': 69.66, '60-64': 63.7, '65-69': 81.58, '70-74': 75.2, '75-79': 80.41, 'old': 77.87, 'new': 80.41}
2024-10-02 18:55:55,083 [trainer.py] => CNN top1 curve: [97.93, 93.06, 91.31, 89.84, 89.05, 86.96, 86.32, 84.33, 83.37, 82.13, 81.76, 80.7, 79.21, 78.97, 78.6, 78.02]
2024-10-02 18:55:55,083 [trainer.py] => CNN top5 curve: [100.0, 99.68, 99.29, 98.55, 97.83, 97.27, 97.37, 96.82, 96.18, 95.44, 95.01, 94.4, 93.49, 93.21, 92.85, 92.55]

2024-10-02 18:55:55,083 [trainer.py] => Average Accuracy (CNN): 85.0975 

2024-10-02 18:55:55,083 [trainer.py] => All params: 87975170
2024-10-02 18:55:55,084 [trainer.py] => Trainable params: 1189632
2024-10-02 18:55:55,090 [ease.py] => Learning on 80-85
2024-10-02 18:58:51,690 [ease.py] => Task 16, Epoch 20/20 => Loss 0.127, Train_accy 96.95
2024-10-02 19:04:17,694 [ease.py] => Task correct: 78.0441400304414
2024-10-02 19:04:17,695 [ease.py] => Task acc: 96.49923896499239
2024-10-02 19:04:17,712 [trainer.py] => No NME accuracy.
2024-10-02 19:04:17,712 [trainer.py] => CNN: {'total': 77.66, '00-04': 72.41, '05-09': 79.65, '10-14': 83.0, '15-19': 80.8, '20-24': 83.8, '25-29': 75.95, '30-34': 82.12, '35-39': 75.14, '40-44': 75.34, '45-49': 73.08, '50-54': 86.16, '55-59': 69.66, '60-64': 62.33, '65-69': 78.95, '70-74': 73.6, '75-79': 80.41, '80-84': 84.62, 'old': 77.3, 'new': 84.62}
2024-10-02 19:04:17,712 [trainer.py] => CNN top1 curve: [97.93, 93.06, 91.31, 89.84, 89.05, 86.96, 86.32, 84.33, 83.37, 82.13, 81.76, 80.7, 79.21, 78.97, 78.6, 78.02, 77.66]
2024-10-02 19:04:17,712 [trainer.py] => CNN top5 curve: [100.0, 99.68, 99.29, 98.55, 97.83, 97.27, 97.37, 96.82, 96.18, 95.44, 95.01, 94.4, 93.49, 93.21, 92.85, 92.55, 92.5]

2024-10-02 19:04:17,713 [trainer.py] => Average Accuracy (CNN): 84.66 

2024-10-02 19:04:17,713 [trainer.py] => All params: 88101890
2024-10-02 19:04:17,713 [trainer.py] => Trainable params: 1189632
2024-10-02 19:04:17,721 [ease.py] => Learning on 85-90
2024-10-02 19:07:37,047 [ease.py] => Task 17, Epoch 20/20 => Loss 0.257, Train_accy 91.84
2024-10-02 19:13:48,661 [ease.py] => Task correct: 77.31481481481481
2024-10-02 19:13:48,662 [ease.py] => Task acc: 96.22507122507122
2024-10-02 19:13:48,679 [trainer.py] => No NME accuracy.
2024-10-02 19:13:48,679 [trainer.py] => CNN: {'total': 76.92, '00-04': 71.72, '05-09': 79.07, '10-14': 82.59, '15-19': 80.8, '20-24': 83.8, '25-29': 74.05, '30-34': 82.12, '35-39': 75.14, '40-44': 73.97, '45-49': 71.79, '50-54': 86.16, '55-59': 68.28, '60-64': 61.64, '65-69': 78.95, '70-74': 73.6, '75-79': 80.41, '80-84': 84.62, '85-89': 73.33, 'old': 77.17, 'new': 73.33}
2024-10-02 19:13:48,679 [trainer.py] => CNN top1 curve: [97.93, 93.06, 91.31, 89.84, 89.05, 86.96, 86.32, 84.33, 83.37, 82.13, 81.76, 80.7, 79.21, 78.97, 78.6, 78.02, 77.66, 76.92]
2024-10-02 19:13:48,679 [trainer.py] => CNN top5 curve: [100.0, 99.68, 99.29, 98.55, 97.83, 97.27, 97.37, 96.82, 96.18, 95.44, 95.01, 94.4, 93.49, 93.21, 92.85, 92.55, 92.5, 92.13]

2024-10-02 19:13:48,679 [trainer.py] => Average Accuracy (CNN): 84.23 

2024-10-02 19:13:48,680 [trainer.py] => All params: 88236290
2024-10-02 19:13:48,680 [trainer.py] => Trainable params: 1189632
2024-10-02 19:13:48,689 [ease.py] => Learning on 90-95
2024-10-02 19:16:01,213 [ease.py] => Task 18, Epoch 20/20 => Loss 0.235, Train_accy 93.52
2024-10-02 19:22:10,961 [ease.py] => Task correct: 76.52114128566518
2024-10-02 19:22:10,961 [ease.py] => Task acc: 96.1155036094878
2024-10-02 19:22:10,982 [trainer.py] => No NME accuracy.
2024-10-02 19:22:10,982 [trainer.py] => CNN: {'total': 76.11, '00-04': 71.72, '05-09': 79.07, '10-14': 82.59, '15-19': 80.0, '20-24': 83.8, '25-29': 74.05, '30-34': 82.12, '35-39': 75.14, '40-44': 73.29, '45-49': 71.79, '50-54': 86.16, '55-59': 68.28, '60-64': 61.64, '65-69': 78.95, '70-74': 72.8, '75-79': 79.05, '80-84': 84.62, '85-89': 73.33, '90-94': 58.42, 'old': 76.75, 'new': 58.42}
2024-10-02 19:22:10,982 [trainer.py] => CNN top1 curve: [97.93, 93.06, 91.31, 89.84, 89.05, 86.96, 86.32, 84.33, 83.37, 82.13, 81.76, 80.7, 79.21, 78.97, 78.6, 78.02, 77.66, 76.92, 76.11]
2024-10-02 19:22:10,982 [trainer.py] => CNN top5 curve: [100.0, 99.68, 99.29, 98.55, 97.83, 97.27, 97.37, 96.82, 96.18, 95.44, 95.01, 94.4, 93.49, 93.21, 92.85, 92.55, 92.5, 92.13, 91.89]

2024-10-02 19:22:10,982 [trainer.py] => Average Accuracy (CNN): 83.80263157894737 

2024-10-02 19:22:10,983 [trainer.py] => All params: 88378370
2024-10-02 19:22:10,983 [trainer.py] => Trainable params: 1189632
2024-10-02 19:22:10,995 [ease.py] => Learning on 95-100
2024-10-02 19:24:05,233 [ease.py] => Task 19, Epoch 20/20 => Loss 0.225, Train_accy 94.50
2024-10-02 19:30:32,070 [ease.py] => Task correct: 76.14740368509213
2024-10-02 19:30:32,071 [ease.py] => Task acc: 96.14740368509213
2024-10-02 19:30:32,092 [trainer.py] => No NME accuracy.
2024-10-02 19:30:32,092 [trainer.py] => CNN: {'total': 75.75, '00-04': 71.72, '05-09': 79.07, '10-14': 82.19, '15-19': 80.0, '20-24': 83.8, '25-29': 74.05, '30-34': 82.12, '35-39': 75.14, '40-44': 71.92, '45-49': 71.15, '50-54': 86.16, '55-59': 68.28, '60-64': 61.64, '65-69': 78.95, '70-74': 72.8, '75-79': 79.05, '80-84': 84.62, '85-89': 73.33, '90-94': 56.44, '95-99': 69.74, 'old': 75.9, 'new': 69.74}
2024-10-02 19:30:32,092 [trainer.py] => CNN top1 curve: [97.93, 93.06, 91.31, 89.84, 89.05, 86.96, 86.32, 84.33, 83.37, 82.13, 81.76, 80.7, 79.21, 78.97, 78.6, 78.02, 77.66, 76.92, 76.11, 75.75]
2024-10-02 19:30:32,092 [trainer.py] => CNN top5 curve: [100.0, 99.68, 99.29, 98.55, 97.83, 97.27, 97.37, 96.82, 96.18, 95.44, 95.01, 94.4, 93.49, 93.21, 92.85, 92.55, 92.5, 92.13, 91.89, 91.83]

2024-10-02 19:30:32,092 [trainer.py] => Average Accuracy (CNN): 83.4 

2024-10-02 19:30:32,092 [trainer.py] => All params: 88528130
2024-10-02 19:30:32,093 [trainer.py] => Trainable params: 1189632
2024-10-02 19:30:32,105 [ease.py] => Learning on 100-105
2024-10-02 19:33:20,817 [ease.py] => Task 20, Epoch 20/20 => Loss 0.149, Train_accy 96.51
2024-10-02 19:40:55,406 [ease.py] => Task correct: 75.54988842843481
2024-10-02 19:40:55,406 [ease.py] => Task acc: 96.17468919349697
2024-10-02 19:40:55,424 [trainer.py] => No NME accuracy.
2024-10-02 19:40:55,424 [trainer.py] => CNN: {'total': 75.14, '00-04': 69.66, '05-09': 78.49, '10-14': 81.38, '15-19': 79.2, '20-24': 83.8, '25-29': 73.42, '30-34': 82.12, '35-39': 74.59, '40-44': 71.23, '45-49': 71.15, '50-54': 85.53, '55-59': 68.28, '60-64': 60.96, '65-69': 78.29, '70-74': 67.2, '75-79': 79.05, '80-84': 84.62, '85-89': 72.22, '90-94': 55.45, '95-99': 69.74, '100-104': 78.29, 'old': 74.97, 'new': 78.29}
2024-10-02 19:40:55,424 [trainer.py] => CNN top1 curve: [97.93, 93.06, 91.31, 89.84, 89.05, 86.96, 86.32, 84.33, 83.37, 82.13, 81.76, 80.7, 79.21, 78.97, 78.6, 78.02, 77.66, 76.92, 76.11, 75.75, 75.14]
2024-10-02 19:40:55,424 [trainer.py] => CNN top5 curve: [100.0, 99.68, 99.29, 98.55, 97.83, 97.27, 97.37, 96.82, 96.18, 95.44, 95.01, 94.4, 93.49, 93.21, 92.85, 92.55, 92.5, 92.13, 91.89, 91.83, 91.78]

2024-10-02 19:40:55,424 [trainer.py] => Average Accuracy (CNN): 83.00666666666667 

2024-10-02 19:40:55,425 [trainer.py] => All params: 88685570
2024-10-02 19:40:55,425 [trainer.py] => Trainable params: 1189632
2024-10-02 19:40:55,437 [ease.py] => Learning on 105-110
2024-10-02 19:43:40,158 [ease.py] => Task 21, Epoch 20/20 => Loss 0.195, Train_accy 94.38
2024-10-02 19:51:51,310 [ease.py] => Task correct: 75.28296115019884
2024-10-02 19:51:51,311 [ease.py] => Task acc: 96.14561027837259
2024-10-02 19:51:51,333 [trainer.py] => No NME accuracy.
2024-10-02 19:51:51,333 [trainer.py] => CNN: {'total': 74.79, '00-04': 69.66, '05-09': 77.91, '10-14': 80.57, '15-19': 79.2, '20-24': 83.8, '25-29': 73.42, '30-34': 82.12, '35-39': 74.03, '40-44': 70.55, '45-49': 71.15, '50-54': 85.53, '55-59': 68.28, '60-64': 60.27, '65-69': 78.29, '70-74': 67.2, '75-79': 79.05, '80-84': 83.08, '85-89': 72.22, '90-94': 55.45, '95-99': 69.74, '100-104': 75.66, '105-109': 75.76, 'old': 74.75, 'new': 75.76}
2024-10-02 19:51:51,333 [trainer.py] => CNN top1 curve: [97.93, 93.06, 91.31, 89.84, 89.05, 86.96, 86.32, 84.33, 83.37, 82.13, 81.76, 80.7, 79.21, 78.97, 78.6, 78.02, 77.66, 76.92, 76.11, 75.75, 75.14, 74.79]
2024-10-02 19:51:51,333 [trainer.py] => CNN top5 curve: [100.0, 99.68, 99.29, 98.55, 97.83, 97.27, 97.37, 96.82, 96.18, 95.44, 95.01, 94.4, 93.49, 93.21, 92.85, 92.55, 92.5, 92.13, 91.89, 91.83, 91.78, 91.5]

2024-10-02 19:51:51,333 [trainer.py] => Average Accuracy (CNN): 82.63318181818182 

2024-10-02 19:51:51,334 [trainer.py] => All params: 88850690
2024-10-02 19:51:51,334 [trainer.py] => Trainable params: 1189632
2024-10-02 19:51:51,349 [ease.py] => Learning on 110-115
2024-10-02 19:54:35,291 [ease.py] => Task 22, Epoch 20/20 => Loss 0.175, Train_accy 95.40
2024-10-02 20:03:25,054 [ease.py] => Task correct: 74.74332648870636
2024-10-02 20:03:25,055 [ease.py] => Task acc: 96.21589909064242
2024-10-02 20:03:25,073 [trainer.py] => No NME accuracy.
2024-10-02 20:03:25,073 [trainer.py] => CNN: {'total': 74.3, '00-04': 69.66, '05-09': 76.74, '10-14': 80.16, '15-19': 77.6, '20-24': 82.39, '25-29': 73.42, '30-34': 82.12, '35-39': 74.03, '40-44': 70.55, '45-49': 71.15, '50-54': 85.53, '55-59': 68.28, '60-64': 59.59, '65-69': 78.29, '70-74': 67.2, '75-79': 79.05, '80-84': 82.31, '85-89': 71.67, '90-94': 55.45, '95-99': 68.42, '100-104': 75.0, '105-109': 75.76, '110-114': 71.43, 'old': 74.43, 'new': 71.43}
2024-10-02 20:03:25,073 [trainer.py] => CNN top1 curve: [97.93, 93.06, 91.31, 89.84, 89.05, 86.96, 86.32, 84.33, 83.37, 82.13, 81.76, 80.7, 79.21, 78.97, 78.6, 78.02, 77.66, 76.92, 76.11, 75.75, 75.14, 74.79, 74.3]
2024-10-02 20:03:25,073 [trainer.py] => CNN top5 curve: [100.0, 99.68, 99.29, 98.55, 97.83, 97.27, 97.37, 96.82, 96.18, 95.44, 95.01, 94.4, 93.49, 93.21, 92.85, 92.55, 92.5, 92.13, 91.89, 91.83, 91.78, 91.5, 91.11]

2024-10-02 20:03:25,073 [trainer.py] => Average Accuracy (CNN): 82.2708695652174 

2024-10-02 20:03:25,074 [trainer.py] => All params: 89023490
2024-10-02 20:03:25,074 [trainer.py] => Trainable params: 1189632
2024-10-02 20:03:25,087 [ease.py] => Learning on 115-120
2024-10-02 20:07:14,621 [ease.py] => Task 23, Epoch 20/20 => Loss 0.200, Train_accy 93.50
2024-10-02 20:17:36,512 [ease.py] => Task correct: 74.48559670781893
2024-10-02 20:17:36,513 [ease.py] => Task acc: 96.29629629629629
2024-10-02 20:17:36,531 [trainer.py] => No NME accuracy.
2024-10-02 20:17:36,531 [trainer.py] => CNN: {'total': 74.13, '00-04': 69.66, '05-09': 76.74, '10-14': 77.33, '15-19': 77.6, '20-24': 81.69, '25-29': 73.42, '30-34': 81.46, '35-39': 73.48, '40-44': 70.55, '45-49': 69.23, '50-54': 85.53, '55-59': 67.59, '60-64': 56.16, '65-69': 75.66, '70-74': 65.6, '75-79': 77.7, '80-84': 81.54, '85-89': 70.56, '90-94': 54.46, '95-99': 68.42, '100-104': 75.0, '105-109': 75.0, '110-114': 70.71, '115-119': 85.59, 'old': 73.34, 'new': 85.59}
2024-10-02 20:17:36,531 [trainer.py] => CNN top1 curve: [97.93, 93.06, 91.31, 89.84, 89.05, 86.96, 86.32, 84.33, 83.37, 82.13, 81.76, 80.7, 79.21, 78.97, 78.6, 78.02, 77.66, 76.92, 76.11, 75.75, 75.14, 74.79, 74.3, 74.13]
2024-10-02 20:17:36,531 [trainer.py] => CNN top5 curve: [100.0, 99.68, 99.29, 98.55, 97.83, 97.27, 97.37, 96.82, 96.18, 95.44, 95.01, 94.4, 93.49, 93.21, 92.85, 92.55, 92.5, 92.13, 91.89, 91.83, 91.78, 91.5, 91.11, 90.95]

2024-10-02 20:17:36,531 [trainer.py] => Average Accuracy (CNN): 81.93166666666667 

2024-10-02 20:17:36,532 [trainer.py] => All params: 89203970
2024-10-02 20:17:36,532 [trainer.py] => Trainable params: 1189632
2024-10-02 20:17:36,547 [ease.py] => Learning on 120-125
2024-10-02 20:20:20,363 [ease.py] => Task 24, Epoch 20/20 => Loss 0.187, Train_accy 94.58
2024-10-02 20:30:50,788 [ease.py] => Task correct: 74.0604467805519
2024-10-02 20:30:50,789 [ease.py] => Task acc: 96.24178712220763
2024-10-02 20:30:50,810 [trainer.py] => No NME accuracy.
2024-10-02 20:30:50,810 [trainer.py] => CNN: {'total': 73.75, '00-04': 68.97, '05-09': 75.0, '10-14': 76.52, '15-19': 77.6, '20-24': 81.69, '25-29': 73.42, '30-34': 81.46, '35-39': 73.48, '40-44': 69.86, '45-49': 69.23, '50-54': 84.91, '55-59': 67.59, '60-64': 56.85, '65-69': 75.66, '70-74': 64.8, '75-79': 77.7, '80-84': 81.54, '85-89': 70.56, '90-94': 53.47, '95-99': 65.79, '100-104': 75.0, '105-109': 75.0, '110-114': 70.0, '115-119': 85.59, '120-124': 72.5, 'old': 73.8, 'new': 72.5}
2024-10-02 20:30:50,810 [trainer.py] => CNN top1 curve: [97.93, 93.06, 91.31, 89.84, 89.05, 86.96, 86.32, 84.33, 83.37, 82.13, 81.76, 80.7, 79.21, 78.97, 78.6, 78.02, 77.66, 76.92, 76.11, 75.75, 75.14, 74.79, 74.3, 74.13, 73.75]
2024-10-02 20:30:50,810 [trainer.py] => CNN top5 curve: [100.0, 99.68, 99.29, 98.55, 97.83, 97.27, 97.37, 96.82, 96.18, 95.44, 95.01, 94.4, 93.49, 93.21, 92.85, 92.55, 92.5, 92.13, 91.89, 91.83, 91.78, 91.5, 91.11, 90.95, 90.83]

2024-10-02 20:30:50,810 [trainer.py] => Average Accuracy (CNN): 81.6044 

2024-10-02 20:30:50,811 [trainer.py] => All params: 89392130
2024-10-02 20:30:50,811 [trainer.py] => Trainable params: 1189632
2024-10-02 20:30:50,828 [ease.py] => Learning on 125-130
2024-10-02 20:32:53,553 [ease.py] => Task 25, Epoch 20/20 => Loss 0.222, Train_accy 96.03
2024-10-02 20:43:33,451 [ease.py] => Task correct: 73.46782431052094
2024-10-02 20:43:33,452 [ease.py] => Task acc: 96.11848825331971
2024-10-02 20:43:33,470 [trainer.py] => No NME accuracy.
2024-10-02 20:43:33,470 [trainer.py] => CNN: {'total': 73.16, '00-04': 69.66, '05-09': 75.0, '10-14': 76.52, '15-19': 77.6, '20-24': 81.69, '25-29': 72.15, '30-34': 81.46, '35-39': 73.48, '40-44': 69.86, '45-49': 69.23, '50-54': 84.91, '55-59': 67.59, '60-64': 56.16, '65-69': 75.66, '70-74': 64.8, '75-79': 77.7, '80-84': 81.54, '85-89': 70.56, '90-94': 53.47, '95-99': 65.79, '100-104': 75.0, '105-109': 75.0, '110-114': 70.0, '115-119': 85.59, '120-124': 72.5, '125-129': 54.95, 'old': 73.69, 'new': 54.95}
2024-10-02 20:43:33,470 [trainer.py] => CNN top1 curve: [97.93, 93.06, 91.31, 89.84, 89.05, 86.96, 86.32, 84.33, 83.37, 82.13, 81.76, 80.7, 79.21, 78.97, 78.6, 78.02, 77.66, 76.92, 76.11, 75.75, 75.14, 74.79, 74.3, 74.13, 73.75, 73.16]
2024-10-02 20:43:33,470 [trainer.py] => CNN top5 curve: [100.0, 99.68, 99.29, 98.55, 97.83, 97.27, 97.37, 96.82, 96.18, 95.44, 95.01, 94.4, 93.49, 93.21, 92.85, 92.55, 92.5, 92.13, 91.89, 91.83, 91.78, 91.5, 91.11, 90.95, 90.83, 90.22]

2024-10-02 20:43:33,470 [trainer.py] => Average Accuracy (CNN): 81.27961538461538 

2024-10-02 20:43:33,471 [trainer.py] => All params: 89587970
2024-10-02 20:43:33,471 [trainer.py] => Trainable params: 1189632
2024-10-02 20:43:33,486 [ease.py] => Learning on 130-135
2024-10-02 20:45:53,134 [ease.py] => Task 26, Epoch 20/20 => Loss 0.142, Train_accy 97.20
2024-10-02 20:57:26,581 [ease.py] => Task correct: 73.24290998766955
2024-10-02 20:57:26,582 [ease.py] => Task acc: 95.95561035758323
2024-10-02 20:57:26,599 [trainer.py] => No NME accuracy.
2024-10-02 20:57:26,600 [trainer.py] => CNN: {'total': 72.92, '00-04': 69.66, '05-09': 74.42, '10-14': 76.11, '15-19': 77.6, '20-24': 80.99, '25-29': 72.15, '30-34': 81.46, '35-39': 73.48, '40-44': 69.86, '45-49': 69.23, '50-54': 84.91, '55-59': 67.59, '60-64': 56.16, '65-69': 75.66, '70-74': 64.8, '75-79': 76.35, '80-84': 81.54, '85-89': 70.56, '90-94': 53.47, '95-99': 65.79, '100-104': 75.0, '105-109': 75.0, '110-114': 69.29, '115-119': 85.17, '120-124': 72.5, '125-129': 54.95, '130-134': 71.22, 'old': 72.98, 'new': 71.22}
2024-10-02 20:57:26,600 [trainer.py] => CNN top1 curve: [97.93, 93.06, 91.31, 89.84, 89.05, 86.96, 86.32, 84.33, 83.37, 82.13, 81.76, 80.7, 79.21, 78.97, 78.6, 78.02, 77.66, 76.92, 76.11, 75.75, 75.14, 74.79, 74.3, 74.13, 73.75, 73.16, 72.92]
2024-10-02 20:57:26,600 [trainer.py] => CNN top5 curve: [100.0, 99.68, 99.29, 98.55, 97.83, 97.27, 97.37, 96.82, 96.18, 95.44, 95.01, 94.4, 93.49, 93.21, 92.85, 92.55, 92.5, 92.13, 91.89, 91.83, 91.78, 91.5, 91.11, 90.95, 90.83, 90.22, 89.96]

2024-10-02 20:57:26,600 [trainer.py] => Average Accuracy (CNN): 80.97 

2024-10-02 20:57:26,600 [trainer.py] => All params: 89791490
2024-10-02 20:57:26,601 [trainer.py] => Trainable params: 1189632
2024-10-02 20:57:26,617 [ease.py] => Learning on 135-140
2024-10-02 21:00:32,062 [ease.py] => Task 27, Epoch 20/20 => Loss 0.179, Train_accy 94.36
2024-10-02 21:13:33,861 [ease.py] => Task correct: 73.35073564309445
2024-10-02 21:13:33,861 [ease.py] => Task acc: 96.06074988134789
2024-10-02 21:13:33,883 [trainer.py] => No NME accuracy.
2024-10-02 21:13:33,883 [trainer.py] => CNN: {'total': 73.07, '00-04': 69.66, '05-09': 75.0, '10-14': 75.71, '15-19': 77.6, '20-24': 80.99, '25-29': 72.15, '30-34': 81.46, '35-39': 73.48, '40-44': 69.18, '45-49': 69.23, '50-54': 84.91, '55-59': 67.59, '60-64': 55.48, '65-69': 75.0, '70-74': 63.2, '75-79': 76.35, '80-84': 80.77, '85-89': 70.56, '90-94': 53.47, '95-99': 64.47, '100-104': 73.68, '105-109': 74.24, '110-114': 68.57, '115-119': 85.17, '120-124': 70.62, '125-129': 54.95, '130-134': 71.22, '135-139': 85.53, 'old': 72.58, 'new': 85.53}
2024-10-02 21:13:33,883 [trainer.py] => CNN top1 curve: [97.93, 93.06, 91.31, 89.84, 89.05, 86.96, 86.32, 84.33, 83.37, 82.13, 81.76, 80.7, 79.21, 78.97, 78.6, 78.02, 77.66, 76.92, 76.11, 75.75, 75.14, 74.79, 74.3, 74.13, 73.75, 73.16, 72.92, 73.07]
2024-10-02 21:13:33,883 [trainer.py] => CNN top5 curve: [100.0, 99.68, 99.29, 98.55, 97.83, 97.27, 97.37, 96.82, 96.18, 95.44, 95.01, 94.4, 93.49, 93.21, 92.85, 92.55, 92.5, 92.13, 91.89, 91.83, 91.78, 91.5, 91.11, 90.95, 90.83, 90.22, 89.96, 89.99]

2024-10-02 21:13:33,883 [trainer.py] => Average Accuracy (CNN): 80.68785714285715 

2024-10-02 21:13:33,884 [trainer.py] => All params: 90002690
2024-10-02 21:13:33,884 [trainer.py] => Trainable params: 1189632
2024-10-02 21:13:33,905 [ease.py] => Learning on 140-145
2024-10-02 21:16:45,590 [ease.py] => Task 28, Epoch 20/20 => Loss 0.132, Train_accy 97.10
2024-10-02 21:30:48,226 [ease.py] => Task correct: 73.58533272974196
2024-10-02 21:30:48,227 [ease.py] => Task acc: 96.17473970122228
2024-10-02 21:30:48,245 [trainer.py] => No NME accuracy.
2024-10-02 21:30:48,245 [trainer.py] => CNN: {'total': 73.31, '00-04': 68.28, '05-09': 73.26, '10-14': 75.3, '15-19': 77.6, '20-24': 80.99, '25-29': 71.52, '30-34': 81.46, '35-39': 73.48, '40-44': 68.49, '45-49': 69.23, '50-54': 84.91, '55-59': 66.9, '60-64': 55.48, '65-69': 74.34, '70-74': 63.2, '75-79': 75.0, '80-84': 80.77, '85-89': 70.56, '90-94': 51.49, '95-99': 64.47, '100-104': 70.39, '105-109': 74.24, '110-114': 68.57, '115-119': 84.75, '120-124': 69.38, '125-129': 54.95, '130-134': 71.22, '135-139': 85.53, '140-144': 89.22, 'old': 72.54, 'new': 89.22}
2024-10-02 21:30:48,245 [trainer.py] => CNN top1 curve: [97.93, 93.06, 91.31, 89.84, 89.05, 86.96, 86.32, 84.33, 83.37, 82.13, 81.76, 80.7, 79.21, 78.97, 78.6, 78.02, 77.66, 76.92, 76.11, 75.75, 75.14, 74.79, 74.3, 74.13, 73.75, 73.16, 72.92, 73.07, 73.31]
2024-10-02 21:30:48,245 [trainer.py] => CNN top5 curve: [100.0, 99.68, 99.29, 98.55, 97.83, 97.27, 97.37, 96.82, 96.18, 95.44, 95.01, 94.4, 93.49, 93.21, 92.85, 92.55, 92.5, 92.13, 91.89, 91.83, 91.78, 91.5, 91.11, 90.95, 90.83, 90.22, 89.96, 89.99, 90.15]

2024-10-02 21:30:48,245 [trainer.py] => Average Accuracy (CNN): 80.43344827586208 

2024-10-02 21:30:48,246 [trainer.py] => All params: 90221570
2024-10-02 21:30:48,246 [trainer.py] => Trainable params: 1189632
2024-10-02 21:30:48,264 [ease.py] => Learning on 145-150
2024-10-02 21:33:52,451 [ease.py] => Task 29, Epoch 20/20 => Loss 0.151, Train_accy 96.53
2024-10-02 21:48:47,224 [ease.py] => Task correct: 73.04082078148876
2024-10-02 21:48:47,225 [ease.py] => Task acc: 96.1798733900895
2024-10-02 21:48:47,328 [trainer.py] => No NME accuracy.
2024-10-02 21:48:47,328 [trainer.py] => CNN: {'total': 72.78, '00-04': 68.97, '05-09': 69.19, '10-14': 74.9, '15-19': 77.6, '20-24': 80.99, '25-29': 69.62, '30-34': 81.46, '35-39': 73.48, '40-44': 67.81, '45-49': 69.23, '50-54': 83.65, '55-59': 66.9, '60-64': 54.79, '65-69': 74.34, '70-74': 63.2, '75-79': 75.0, '80-84': 80.77, '85-89': 70.56, '90-94': 51.49, '95-99': 64.47, '100-104': 69.74, '105-109': 74.24, '110-114': 68.57, '115-119': 84.32, '120-124': 68.12, '125-129': 54.95, '130-134': 69.78, '135-139': 85.53, '140-144': 88.73, '145-149': 71.17, 'old': 72.84, 'new': 71.17}
2024-10-02 21:48:47,328 [trainer.py] => CNN top1 curve: [97.93, 93.06, 91.31, 89.84, 89.05, 86.96, 86.32, 84.33, 83.37, 82.13, 81.76, 80.7, 79.21, 78.97, 78.6, 78.02, 77.66, 76.92, 76.11, 75.75, 75.14, 74.79, 74.3, 74.13, 73.75, 73.16, 72.92, 73.07, 73.31, 72.78]
2024-10-02 21:48:47,328 [trainer.py] => CNN top5 curve: [100.0, 99.68, 99.29, 98.55, 97.83, 97.27, 97.37, 96.82, 96.18, 95.44, 95.01, 94.4, 93.49, 93.21, 92.85, 92.55, 92.5, 92.13, 91.89, 91.83, 91.78, 91.5, 91.11, 90.95, 90.83, 90.22, 89.96, 89.99, 90.15, 89.89]

2024-10-02 21:48:47,328 [trainer.py] => Average Accuracy (CNN): 80.17833333333334 

2024-10-02 21:48:47,328 [trainer.py] => All params: 90448130
2024-10-02 21:48:47,329 [trainer.py] => Trainable params: 1189632
2024-10-02 21:48:47,349 [ease.py] => Learning on 150-155
2024-10-02 21:52:13,714 [ease.py] => Task 30, Epoch 20/20 => Loss 0.176, Train_accy 95.32
2024-10-02 22:08:33,179 [ease.py] => Task correct: 72.97693920335429
2024-10-02 22:08:33,180 [ease.py] => Task acc: 96.20545073375263
2024-10-02 22:08:33,202 [trainer.py] => No NME accuracy.
2024-10-02 22:08:33,202 [trainer.py] => CNN: {'total': 72.73, '00-04': 68.97, '05-09': 69.19, '10-14': 73.68, '15-19': 77.6, '20-24': 80.99, '25-29': 69.62, '30-34': 81.46, '35-39': 73.48, '40-44': 67.12, '45-49': 69.23, '50-54': 83.02, '55-59': 66.9, '60-64': 54.11, '65-69': 74.34, '70-74': 63.2, '75-79': 74.32, '80-84': 80.0, '85-89': 70.56, '90-94': 51.49, '95-99': 64.47, '100-104': 69.08, '105-109': 74.24, '110-114': 67.86, '115-119': 84.32, '120-124': 68.12, '125-129': 54.05, '130-134': 69.06, '135-139': 85.53, '140-144': 88.24, '145-149': 71.17, '150-154': 78.31, 'old': 72.5, 'new': 78.31}
2024-10-02 22:08:33,202 [trainer.py] => CNN top1 curve: [97.93, 93.06, 91.31, 89.84, 89.05, 86.96, 86.32, 84.33, 83.37, 82.13, 81.76, 80.7, 79.21, 78.97, 78.6, 78.02, 77.66, 76.92, 76.11, 75.75, 75.14, 74.79, 74.3, 74.13, 73.75, 73.16, 72.92, 73.07, 73.31, 72.78, 72.73]
2024-10-02 22:08:33,202 [trainer.py] => CNN top5 curve: [100.0, 99.68, 99.29, 98.55, 97.83, 97.27, 97.37, 96.82, 96.18, 95.44, 95.01, 94.4, 93.49, 93.21, 92.85, 92.55, 92.5, 92.13, 91.89, 91.83, 91.78, 91.5, 91.11, 90.95, 90.83, 90.22, 89.96, 89.99, 90.15, 89.89, 89.87]

2024-10-02 22:08:33,202 [trainer.py] => Average Accuracy (CNN): 79.93806451612905 

2024-10-02 22:08:33,203 [trainer.py] => All params: 90682370
2024-10-02 22:08:33,203 [trainer.py] => Trainable params: 1189632
2024-10-02 22:08:33,228 [ease.py] => Learning on 155-160
2024-10-02 22:11:21,418 [ease.py] => Task 31, Epoch 20/20 => Loss 0.201, Train_accy 96.40
2024-10-02 22:28:10,358 [ease.py] => Task correct: 72.58749747117136
2024-10-02 22:28:10,358 [ease.py] => Task acc: 96.13594982803966
2024-10-02 22:28:10,379 [trainer.py] => No NME accuracy.
2024-10-02 22:28:10,379 [trainer.py] => CNN: {'total': 72.36, '00-04': 68.97, '05-09': 69.19, '10-14': 74.09, '15-19': 77.6, '20-24': 80.99, '25-29': 68.99, '30-34': 81.46, '35-39': 72.93, '40-44': 67.12, '45-49': 67.95, '50-54': 83.02, '55-59': 66.9, '60-64': 54.11, '65-69': 73.68, '70-74': 62.4, '75-79': 74.32, '80-84': 80.0, '85-89': 69.44, '90-94': 51.49, '95-99': 63.16, '100-104': 69.08, '105-109': 74.24, '110-114': 67.14, '115-119': 83.9, '120-124': 68.12, '125-129': 52.25, '130-134': 69.06, '135-139': 85.53, '140-144': 88.24, '145-149': 71.17, '150-154': 77.78, '155-159': 69.94, 'old': 72.45, 'new': 69.94}
2024-10-02 22:28:10,379 [trainer.py] => CNN top1 curve: [97.93, 93.06, 91.31, 89.84, 89.05, 86.96, 86.32, 84.33, 83.37, 82.13, 81.76, 80.7, 79.21, 78.97, 78.6, 78.02, 77.66, 76.92, 76.11, 75.75, 75.14, 74.79, 74.3, 74.13, 73.75, 73.16, 72.92, 73.07, 73.31, 72.78, 72.73, 72.36]
2024-10-02 22:28:10,379 [trainer.py] => CNN top5 curve: [100.0, 99.68, 99.29, 98.55, 97.83, 97.27, 97.37, 96.82, 96.18, 95.44, 95.01, 94.4, 93.49, 93.21, 92.85, 92.55, 92.5, 92.13, 91.89, 91.83, 91.78, 91.5, 91.11, 90.95, 90.83, 90.22, 89.96, 89.99, 90.15, 89.89, 89.87, 89.38]

2024-10-02 22:28:10,380 [trainer.py] => Average Accuracy (CNN): 79.70125000000002 

2024-10-02 22:28:10,380 [trainer.py] => All params: 90924290
2024-10-02 22:28:10,381 [trainer.py] => Trainable params: 1189632
2024-10-02 22:28:10,407 [ease.py] => Learning on 160-165
2024-10-02 22:30:21,035 [ease.py] => Task 32, Epoch 20/20 => Loss 0.286, Train_accy 91.93
2024-10-02 22:47:23,332 [ease.py] => Task correct: 72.20459952418716
2024-10-02 22:47:23,333 [ease.py] => Task acc: 96.01506740681998
2024-10-02 22:47:23,355 [trainer.py] => No NME accuracy.
2024-10-02 22:47:23,355 [trainer.py] => CNN: {'total': 71.99, '00-04': 68.97, '05-09': 69.19, '10-14': 74.09, '15-19': 77.6, '20-24': 80.99, '25-29': 68.99, '30-34': 81.46, '35-39': 72.93, '40-44': 67.12, '45-49': 66.67, '50-54': 83.02, '55-59': 66.9, '60-64': 54.11, '65-69': 73.68, '70-74': 62.4, '75-79': 73.65, '80-84': 78.46, '85-89': 69.44, '90-94': 51.49, '95-99': 63.16, '100-104': 69.08, '105-109': 74.24, '110-114': 67.14, '115-119': 83.9, '120-124': 68.12, '125-129': 53.15, '130-134': 69.06, '135-139': 85.53, '140-144': 87.75, '145-149': 71.17, '150-154': 77.78, '155-159': 69.94, '160-164': 58.42, 'old': 72.26, 'new': 58.42}
2024-10-02 22:47:23,355 [trainer.py] => CNN top1 curve: [97.93, 93.06, 91.31, 89.84, 89.05, 86.96, 86.32, 84.33, 83.37, 82.13, 81.76, 80.7, 79.21, 78.97, 78.6, 78.02, 77.66, 76.92, 76.11, 75.75, 75.14, 74.79, 74.3, 74.13, 73.75, 73.16, 72.92, 73.07, 73.31, 72.78, 72.73, 72.36, 71.99]
2024-10-02 22:47:23,355 [trainer.py] => CNN top5 curve: [100.0, 99.68, 99.29, 98.55, 97.83, 97.27, 97.37, 96.82, 96.18, 95.44, 95.01, 94.4, 93.49, 93.21, 92.85, 92.55, 92.5, 92.13, 91.89, 91.83, 91.78, 91.5, 91.11, 90.95, 90.83, 90.22, 89.96, 89.99, 90.15, 89.89, 89.87, 89.38, 89.0]

2024-10-02 22:47:23,355 [trainer.py] => Average Accuracy (CNN): 79.46757575757577 

2024-10-02 22:47:23,356 [trainer.py] => All params: 91173890
2024-10-02 22:47:23,356 [trainer.py] => Trainable params: 1189632
2024-10-02 22:47:23,384 [ease.py] => Learning on 165-170
2024-10-02 22:50:07,786 [ease.py] => Task 33, Epoch 20/20 => Loss 0.261, Train_accy 92.14
2024-10-02 23:08:31,418 [ease.py] => Task correct: 71.64121399574715
2024-10-02 23:08:31,418 [ease.py] => Task acc: 95.80514208389715
2024-10-02 23:08:31,438 [trainer.py] => No NME accuracy.
2024-10-02 23:08:31,438 [trainer.py] => CNN: {'total': 71.43, '00-04': 68.97, '05-09': 69.19, '10-14': 74.49, '15-19': 77.6, '20-24': 80.99, '25-29': 68.99, '30-34': 81.46, '35-39': 72.93, '40-44': 66.44, '45-49': 66.67, '50-54': 82.39, '55-59': 66.21, '60-64': 54.11, '65-69': 73.68, '70-74': 62.4, '75-79': 72.97, '80-84': 78.46, '85-89': 69.44, '90-94': 51.49, '95-99': 63.16, '100-104': 67.76, '105-109': 74.24, '110-114': 67.14, '115-119': 83.9, '120-124': 68.12, '125-129': 52.25, '130-134': 69.06, '135-139': 85.53, '140-144': 87.75, '145-149': 69.94, '150-154': 76.72, '155-159': 69.94, '160-164': 57.43, '165-169': 58.14, 'old': 71.77, 'new': 58.14}
2024-10-02 23:08:31,438 [trainer.py] => CNN top1 curve: [97.93, 93.06, 91.31, 89.84, 89.05, 86.96, 86.32, 84.33, 83.37, 82.13, 81.76, 80.7, 79.21, 78.97, 78.6, 78.02, 77.66, 76.92, 76.11, 75.75, 75.14, 74.79, 74.3, 74.13, 73.75, 73.16, 72.92, 73.07, 73.31, 72.78, 72.73, 72.36, 71.99, 71.43]
2024-10-02 23:08:31,438 [trainer.py] => CNN top5 curve: [100.0, 99.68, 99.29, 98.55, 97.83, 97.27, 97.37, 96.82, 96.18, 95.44, 95.01, 94.4, 93.49, 93.21, 92.85, 92.55, 92.5, 92.13, 91.89, 91.83, 91.78, 91.5, 91.11, 90.95, 90.83, 90.22, 89.96, 89.99, 90.15, 89.89, 89.87, 89.38, 89.0, 88.58]

2024-10-02 23:08:31,438 [trainer.py] => Average Accuracy (CNN): 79.23117647058824 

2024-10-02 23:08:31,439 [trainer.py] => All params: 91431170
2024-10-02 23:08:31,439 [trainer.py] => Trainable params: 1189632
2024-10-02 23:08:31,465 [ease.py] => Learning on 170-175
2024-10-02 23:10:52,570 [ease.py] => Task 34, Epoch 20/20 => Loss 0.131, Train_accy 97.19
2024-10-02 23:30:02,637 [ease.py] => Task correct: 71.7948717948718
2024-10-02 23:30:02,638 [ease.py] => Task acc: 95.88989441930619
2024-10-02 23:30:02,657 [trainer.py] => No NME accuracy.
2024-10-02 23:30:02,657 [trainer.py] => CNN: {'total': 71.59, '00-04': 68.28, '05-09': 69.19, '10-14': 74.09, '15-19': 77.6, '20-24': 80.99, '25-29': 68.99, '30-34': 81.46, '35-39': 72.38, '40-44': 66.44, '45-49': 66.67, '50-54': 82.39, '55-59': 65.52, '60-64': 54.11, '65-69': 73.68, '70-74': 62.4, '75-79': 72.97, '80-84': 78.46, '85-89': 69.44, '90-94': 51.49, '95-99': 63.16, '100-104': 67.76, '105-109': 74.24, '110-114': 67.14, '115-119': 83.9, '120-124': 68.12, '125-129': 52.25, '130-134': 69.06, '135-139': 85.53, '140-144': 87.75, '145-149': 69.94, '150-154': 76.72, '155-159': 69.94, '160-164': 57.43, '165-169': 58.14, '170-174': 80.92, 'old': 71.35, 'new': 80.92}
2024-10-02 23:30:02,657 [trainer.py] => CNN top1 curve: [97.93, 93.06, 91.31, 89.84, 89.05, 86.96, 86.32, 84.33, 83.37, 82.13, 81.76, 80.7, 79.21, 78.97, 78.6, 78.02, 77.66, 76.92, 76.11, 75.75, 75.14, 74.79, 74.3, 74.13, 73.75, 73.16, 72.92, 73.07, 73.31, 72.78, 72.73, 72.36, 71.99, 71.43, 71.59]
2024-10-02 23:30:02,657 [trainer.py] => CNN top5 curve: [100.0, 99.68, 99.29, 98.55, 97.83, 97.27, 97.37, 96.82, 96.18, 95.44, 95.01, 94.4, 93.49, 93.21, 92.85, 92.55, 92.5, 92.13, 91.89, 91.83, 91.78, 91.5, 91.11, 90.95, 90.83, 90.22, 89.96, 89.99, 90.15, 89.89, 89.87, 89.38, 89.0, 88.58, 88.52]

2024-10-02 23:30:02,657 [trainer.py] => Average Accuracy (CNN): 79.01285714285716 

2024-10-02 23:30:02,658 [trainer.py] => All params: 91696130
2024-10-02 23:30:02,658 [trainer.py] => Trainable params: 1189632
2024-10-02 23:30:02,684 [ease.py] => Learning on 175-180
2024-10-02 23:32:29,154 [ease.py] => Task 35, Epoch 20/20 => Loss 0.169, Train_accy 95.72
2024-10-02 23:52:44,106 [ease.py] => Task correct: 71.70263788968825
2024-10-02 23:52:44,106 [ease.py] => Task acc: 95.90481460985058
2024-10-02 23:52:44,126 [trainer.py] => No NME accuracy.
2024-10-02 23:52:44,126 [trainer.py] => CNN: {'total': 71.48, '00-04': 67.59, '05-09': 69.19, '10-14': 74.09, '15-19': 76.0, '20-24': 80.99, '25-29': 68.99, '30-34': 81.46, '35-39': 72.38, '40-44': 66.44, '45-49': 66.67, '50-54': 82.39, '55-59': 65.52, '60-64': 54.11, '65-69': 73.68, '70-74': 62.4, '75-79': 70.95, '80-84': 78.46, '85-89': 69.44, '90-94': 48.51, '95-99': 63.16, '100-104': 67.76, '105-109': 74.24, '110-114': 67.14, '115-119': 83.9, '120-124': 68.12, '125-129': 51.35, '130-134': 69.06, '135-139': 84.91, '140-144': 87.75, '145-149': 69.94, '150-154': 76.72, '155-159': 69.94, '160-164': 57.43, '165-169': 58.14, '170-174': 80.92, '175-179': 76.07, 'old': 71.38, 'new': 76.07}
2024-10-02 23:52:44,126 [trainer.py] => CNN top1 curve: [97.93, 93.06, 91.31, 89.84, 89.05, 86.96, 86.32, 84.33, 83.37, 82.13, 81.76, 80.7, 79.21, 78.97, 78.6, 78.02, 77.66, 76.92, 76.11, 75.75, 75.14, 74.79, 74.3, 74.13, 73.75, 73.16, 72.92, 73.07, 73.31, 72.78, 72.73, 72.36, 71.99, 71.43, 71.59, 71.48]
2024-10-02 23:52:44,126 [trainer.py] => CNN top5 curve: [100.0, 99.68, 99.29, 98.55, 97.83, 97.27, 97.37, 96.82, 96.18, 95.44, 95.01, 94.4, 93.49, 93.21, 92.85, 92.55, 92.5, 92.13, 91.89, 91.83, 91.78, 91.5, 91.11, 90.95, 90.83, 90.22, 89.96, 89.99, 90.15, 89.89, 89.87, 89.38, 89.0, 88.58, 88.52, 88.27]

2024-10-02 23:52:44,127 [trainer.py] => Average Accuracy (CNN): 78.80361111111112 

2024-10-02 23:52:44,127 [trainer.py] => All params: 91968770
2024-10-02 23:52:44,127 [trainer.py] => Trainable params: 1189632
2024-10-02 23:52:44,154 [ease.py] => Learning on 180-185
2024-10-02 23:55:20,059 [ease.py] => Task 36, Epoch 20/20 => Loss 0.244, Train_accy 93.49
2024-10-03 00:16:40,839 [ease.py] => Task correct: 71.16421128278836
2024-10-03 00:16:40,839 [ease.py] => Task acc: 95.95759971254043
2024-10-03 00:16:40,862 [trainer.py] => No NME accuracy.
2024-10-03 00:16:40,862 [trainer.py] => CNN: {'total': 70.97, '00-04': 67.59, '05-09': 69.19, '10-14': 74.09, '15-19': 76.0, '20-24': 80.28, '25-29': 68.35, '30-34': 81.46, '35-39': 72.38, '40-44': 66.44, '45-49': 66.67, '50-54': 82.39, '55-59': 65.52, '60-64': 54.11, '65-69': 73.03, '70-74': 61.6, '75-79': 70.95, '80-84': 78.46, '85-89': 68.89, '90-94': 48.51, '95-99': 63.16, '100-104': 67.11, '105-109': 74.24, '110-114': 67.14, '115-119': 83.47, '120-124': 66.88, '125-129': 50.45, '130-134': 69.06, '135-139': 84.91, '140-144': 87.75, '145-149': 69.94, '150-154': 76.19, '155-159': 69.94, '160-164': 56.44, '165-169': 58.14, '170-174': 80.92, '175-179': 76.07, '180-184': 60.0, 'old': 71.26, 'new': 60.0}
2024-10-03 00:16:40,862 [trainer.py] => CNN top1 curve: [97.93, 93.06, 91.31, 89.84, 89.05, 86.96, 86.32, 84.33, 83.37, 82.13, 81.76, 80.7, 79.21, 78.97, 78.6, 78.02, 77.66, 76.92, 76.11, 75.75, 75.14, 74.79, 74.3, 74.13, 73.75, 73.16, 72.92, 73.07, 73.31, 72.78, 72.73, 72.36, 71.99, 71.43, 71.59, 71.48, 70.97]
2024-10-03 00:16:40,862 [trainer.py] => CNN top5 curve: [100.0, 99.68, 99.29, 98.55, 97.83, 97.27, 97.37, 96.82, 96.18, 95.44, 95.01, 94.4, 93.49, 93.21, 92.85, 92.55, 92.5, 92.13, 91.89, 91.83, 91.78, 91.5, 91.11, 90.95, 90.83, 90.22, 89.96, 89.99, 90.15, 89.89, 89.87, 89.38, 89.0, 88.58, 88.52, 88.27, 87.94]

2024-10-03 00:16:40,862 [trainer.py] => Average Accuracy (CNN): 78.59189189189189 

2024-10-03 00:16:40,863 [trainer.py] => All params: 92249090
2024-10-03 00:16:40,863 [trainer.py] => Trainable params: 1189632
2024-10-03 00:16:40,897 [ease.py] => Learning on 185-190
2024-10-03 00:19:24,348 [ease.py] => Task 37, Epoch 20/20 => Loss 0.202, Train_accy 94.74
2024-10-03 00:41:56,394 [ease.py] => Task correct: 70.86751614592424
2024-10-03 00:41:56,395 [ease.py] => Task acc: 95.95042764880434
2024-10-03 00:41:56,415 [trainer.py] => No NME accuracy.
2024-10-03 00:41:56,415 [trainer.py] => CNN: {'total': 70.68, '00-04': 66.9, '05-09': 69.19, '10-14': 74.09, '15-19': 76.0, '20-24': 80.28, '25-29': 67.09, '30-34': 81.46, '35-39': 71.27, '40-44': 66.44, '45-49': 66.67, '50-54': 79.87, '55-59': 65.52, '60-64': 54.11, '65-69': 73.03, '70-74': 61.6, '75-79': 70.95, '80-84': 78.46, '85-89': 67.78, '90-94': 48.51, '95-99': 61.84, '100-104': 67.11, '105-109': 74.24, '110-114': 67.14, '115-119': 83.47, '120-124': 66.88, '125-129': 50.45, '130-134': 69.06, '135-139': 84.91, '140-144': 87.75, '145-149': 69.94, '150-154': 76.19, '155-159': 69.36, '160-164': 56.44, '165-169': 58.14, '170-174': 80.15, '175-179': 75.21, '180-184': 59.31, '185-189': 70.55, 'old': 70.68, 'new': 70.55}
2024-10-03 00:41:56,415 [trainer.py] => CNN top1 curve: [97.93, 93.06, 91.31, 89.84, 89.05, 86.96, 86.32, 84.33, 83.37, 82.13, 81.76, 80.7, 79.21, 78.97, 78.6, 78.02, 77.66, 76.92, 76.11, 75.75, 75.14, 74.79, 74.3, 74.13, 73.75, 73.16, 72.92, 73.07, 73.31, 72.78, 72.73, 72.36, 71.99, 71.43, 71.59, 71.48, 70.97, 70.68]
2024-10-03 00:41:56,415 [trainer.py] => CNN top5 curve: [100.0, 99.68, 99.29, 98.55, 97.83, 97.27, 97.37, 96.82, 96.18, 95.44, 95.01, 94.4, 93.49, 93.21, 92.85, 92.55, 92.5, 92.13, 91.89, 91.83, 91.78, 91.5, 91.11, 90.95, 90.83, 90.22, 89.96, 89.99, 90.15, 89.89, 89.87, 89.38, 89.0, 88.58, 88.52, 88.27, 87.94, 87.71]

2024-10-03 00:41:56,415 [trainer.py] => Average Accuracy (CNN): 78.38368421052631 

2024-10-03 00:41:56,415 [trainer.py] => All params: 92537090
2024-10-03 00:41:56,416 [trainer.py] => Trainable params: 1189632
2024-10-03 00:41:56,446 [ease.py] => Learning on 190-195
2024-10-03 00:44:44,373 [ease.py] => Task 38, Epoch 20/20 => Loss 0.159, Train_accy 95.99
2024-10-03 01:08:34,640 [ease.py] => Task correct: 70.20227774944756
2024-10-03 01:08:34,641 [ease.py] => Task acc: 96.00543940166581
2024-10-03 01:08:34,664 [trainer.py] => No NME accuracy.
2024-10-03 01:08:34,664 [trainer.py] => CNN: {'total': 70.02, '00-04': 66.9, '05-09': 69.19, '10-14': 74.09, '15-19': 76.0, '20-24': 80.28, '25-29': 67.09, '30-34': 80.13, '35-39': 71.27, '40-44': 66.44, '45-49': 66.67, '50-54': 79.87, '55-59': 65.52, '60-64': 54.11, '65-69': 73.03, '70-74': 61.6, '75-79': 70.95, '80-84': 78.46, '85-89': 67.78, '90-94': 48.51, '95-99': 61.84, '100-104': 67.11, '105-109': 73.48, '110-114': 67.14, '115-119': 83.47, '120-124': 66.88, '125-129': 50.45, '130-134': 69.06, '135-139': 84.91, '140-144': 86.76, '145-149': 69.94, '150-154': 76.19, '155-159': 69.36, '160-164': 56.44, '165-169': 58.14, '170-174': 80.15, '175-179': 75.21, '180-184': 58.62, '185-189': 70.55, '190-194': 49.35, 'old': 70.57, 'new': 49.35}
2024-10-03 01:08:34,664 [trainer.py] => CNN top1 curve: [97.93, 93.06, 91.31, 89.84, 89.05, 86.96, 86.32, 84.33, 83.37, 82.13, 81.76, 80.7, 79.21, 78.97, 78.6, 78.02, 77.66, 76.92, 76.11, 75.75, 75.14, 74.79, 74.3, 74.13, 73.75, 73.16, 72.92, 73.07, 73.31, 72.78, 72.73, 72.36, 71.99, 71.43, 71.59, 71.48, 70.97, 70.68, 70.02]
2024-10-03 01:08:34,664 [trainer.py] => CNN top5 curve: [100.0, 99.68, 99.29, 98.55, 97.83, 97.27, 97.37, 96.82, 96.18, 95.44, 95.01, 94.4, 93.49, 93.21, 92.85, 92.55, 92.5, 92.13, 91.89, 91.83, 91.78, 91.5, 91.11, 90.95, 90.83, 90.22, 89.96, 89.99, 90.15, 89.89, 89.87, 89.38, 89.0, 88.58, 88.52, 88.27, 87.94, 87.71, 87.49]

2024-10-03 01:08:34,664 [trainer.py] => Average Accuracy (CNN): 78.16923076923077 

2024-10-03 01:08:34,664 [trainer.py] => All params: 92832770
2024-10-03 01:08:34,665 [trainer.py] => Trainable params: 1189632
2024-10-03 01:08:34,702 [ease.py] => Learning on 195-200
2024-10-03 01:11:06,872 [ease.py] => Task 39, Epoch 20/20 => Loss 0.157, Train_accy 96.79
2024-10-03 01:35:40,108 [ease.py] => Task correct: 70.26666666666667
2024-10-03 01:35:40,109 [ease.py] => Task acc: 96.05
2024-10-03 01:35:40,131 [trainer.py] => No NME accuracy.
2024-10-03 01:35:40,131 [trainer.py] => CNN: {'total': 70.08, '00-04': 66.9, '05-09': 69.19, '10-14': 73.68, '15-19': 76.0, '20-24': 80.28, '25-29': 67.09, '30-34': 79.47, '35-39': 71.27, '40-44': 66.44, '45-49': 66.67, '50-54': 79.87, '55-59': 65.52, '60-64': 54.11, '65-69': 73.03, '70-74': 60.8, '75-79': 70.95, '80-84': 78.46, '85-89': 67.22, '90-94': 47.52, '95-99': 61.84, '100-104': 67.11, '105-109': 73.48, '110-114': 67.14, '115-119': 83.47, '120-124': 66.25, '125-129': 50.45, '130-134': 69.06, '135-139': 84.91, '140-144': 86.76, '145-149': 69.94, '150-154': 75.66, '155-159': 69.36, '160-164': 56.44, '165-169': 58.14, '170-174': 80.15, '175-179': 75.21, '180-184': 58.62, '185-189': 70.55, '190-194': 48.7, '195-199': 80.34, 'old': 69.88, 'new': 80.34}
2024-10-03 01:35:40,131 [trainer.py] => CNN top1 curve: [97.93, 93.06, 91.31, 89.84, 89.05, 86.96, 86.32, 84.33, 83.37, 82.13, 81.76, 80.7, 79.21, 78.97, 78.6, 78.02, 77.66, 76.92, 76.11, 75.75, 75.14, 74.79, 74.3, 74.13, 73.75, 73.16, 72.92, 73.07, 73.31, 72.78, 72.73, 72.36, 71.99, 71.43, 71.59, 71.48, 70.97, 70.68, 70.02, 70.08]
2024-10-03 01:35:40,131 [trainer.py] => CNN top5 curve: [100.0, 99.68, 99.29, 98.55, 97.83, 97.27, 97.37, 96.82, 96.18, 95.44, 95.01, 94.4, 93.49, 93.21, 92.85, 92.55, 92.5, 92.13, 91.89, 91.83, 91.78, 91.5, 91.11, 90.95, 90.83, 90.22, 89.96, 89.99, 90.15, 89.89, 89.87, 89.38, 89.0, 88.58, 88.52, 88.27, 87.94, 87.71, 87.49, 87.45]

2024-10-03 01:35:40,131 [trainer.py] => Average Accuracy (CNN): 77.967 

