2024-10-02 11:21:18,655 [trainer.py] => config: ./exps/ease_vtab_in21k.json
2024-10-02 11:21:18,656 [trainer.py] => prefix:  
2024-10-02 11:21:18,656 [trainer.py] => dataset: vtab
2024-10-02 11:21:18,656 [trainer.py] => memory_size: 0
2024-10-02 11:21:18,656 [trainer.py] => memory_per_class: 0
2024-10-02 11:21:18,656 [trainer.py] => fixed_memory: False
2024-10-02 11:21:18,656 [trainer.py] => shuffle: False
2024-10-02 11:21:18,656 [trainer.py] => init_cls: 10
2024-10-02 11:21:18,657 [trainer.py] => increment: 10
2024-10-02 11:21:18,657 [trainer.py] => model_name: ease
2024-10-02 11:21:18,657 [trainer.py] => backbone_type: vit_base_patch16_224_in21k_ease
2024-10-02 11:21:18,657 [trainer.py] => device: [device(type='cuda', index=3)]
2024-10-02 11:21:18,657 [trainer.py] => seed: 1993
2024-10-02 11:21:18,657 [trainer.py] => init_epochs: 45
2024-10-02 11:21:18,657 [trainer.py] => init_lr: 0.03
2024-10-02 11:21:18,657 [trainer.py] => later_epochs: 45
2024-10-02 11:21:18,657 [trainer.py] => later_lr: 0.03
2024-10-02 11:21:18,657 [trainer.py] => batch_size: 16
2024-10-02 11:21:18,657 [trainer.py] => weight_decay: 0.005
2024-10-02 11:21:18,658 [trainer.py] => min_lr: 0
2024-10-02 11:21:18,658 [trainer.py] => optimizer: sgd
2024-10-02 11:21:18,658 [trainer.py] => scheduler: cosine
2024-10-02 11:21:18,658 [trainer.py] => pretrained: True
2024-10-02 11:21:18,658 [trainer.py] => vpt_type: Deep
2024-10-02 11:21:18,658 [trainer.py] => prompt_token_num: 5
2024-10-02 11:21:18,658 [trainer.py] => ffn_num: 16
2024-10-02 11:21:18,658 [trainer.py] => use_diagonal: False
2024-10-02 11:21:18,658 [trainer.py] => recalc_sim: True
2024-10-02 11:21:18,658 [trainer.py] => alpha: 0.1
2024-10-02 11:21:18,658 [trainer.py] => use_init_ptm: False
2024-10-02 11:21:18,658 [trainer.py] => beta: 0
2024-10-02 11:21:18,659 [trainer.py] => use_old_data: False
2024-10-02 11:21:18,659 [trainer.py] => use_reweight: True
2024-10-02 11:21:18,659 [trainer.py] => moni_adam: False
2024-10-02 11:21:18,659 [trainer.py] => adapter_num: -1
2024-10-02 11:21:18,903 [data_manager.py] => [0, 1, 2, 3, 4, 5, 6, 7, 8, 9, 10, 11, 12, 13, 14, 15, 16, 17, 18, 19, 20, 21, 22, 23, 24, 25, 26, 27, 28, 29, 30, 31, 32, 33, 34, 35, 36, 37, 38, 39, 40, 41, 42, 43, 44, 45, 46, 47, 48, 49]
2024-10-02 11:41:53,298 [trainer.py] => config: ./exps/ease_vtab_in21k.json
2024-10-02 11:41:53,299 [trainer.py] => prefix:  
2024-10-02 11:41:53,299 [trainer.py] => dataset: vtab
2024-10-02 11:41:53,299 [trainer.py] => memory_size: 0
2024-10-02 11:41:53,299 [trainer.py] => memory_per_class: 0
2024-10-02 11:41:53,299 [trainer.py] => fixed_memory: False
2024-10-02 11:41:53,299 [trainer.py] => shuffle: False
2024-10-02 11:41:53,299 [trainer.py] => init_cls: 10
2024-10-02 11:41:53,299 [trainer.py] => increment: 10
2024-10-02 11:41:53,299 [trainer.py] => model_name: ease
2024-10-02 11:41:53,299 [trainer.py] => backbone_type: vit_base_patch16_224_in21k_ease
2024-10-02 11:41:53,299 [trainer.py] => device: [device(type='cuda', index=0)]
2024-10-02 11:41:53,300 [trainer.py] => seed: 1993
2024-10-02 11:41:53,300 [trainer.py] => init_epochs: 45
2024-10-02 11:41:53,300 [trainer.py] => init_lr: 0.03
2024-10-02 11:41:53,300 [trainer.py] => later_epochs: 45
2024-10-02 11:41:53,300 [trainer.py] => later_lr: 0.03
2024-10-02 11:41:53,300 [trainer.py] => batch_size: 16
2024-10-02 11:41:53,300 [trainer.py] => weight_decay: 0.005
2024-10-02 11:41:53,300 [trainer.py] => min_lr: 0
2024-10-02 11:41:53,300 [trainer.py] => optimizer: sgd
2024-10-02 11:41:53,300 [trainer.py] => scheduler: cosine
2024-10-02 11:41:53,300 [trainer.py] => pretrained: True
2024-10-02 11:41:53,300 [trainer.py] => vpt_type: Deep
2024-10-02 11:41:53,300 [trainer.py] => prompt_token_num: 5
2024-10-02 11:41:53,300 [trainer.py] => ffn_num: 16
2024-10-02 11:41:53,301 [trainer.py] => use_diagonal: False
2024-10-02 11:41:53,301 [trainer.py] => recalc_sim: True
2024-10-02 11:41:53,301 [trainer.py] => alpha: 0.1
2024-10-02 11:41:53,301 [trainer.py] => use_init_ptm: False
2024-10-02 11:41:53,301 [trainer.py] => beta: 0
2024-10-02 11:41:53,301 [trainer.py] => use_old_data: False
2024-10-02 11:41:53,301 [trainer.py] => use_reweight: True
2024-10-02 11:41:53,301 [trainer.py] => moni_adam: False
2024-10-02 11:41:53,301 [trainer.py] => adapter_num: -1
2024-10-02 11:41:53,542 [data_manager.py] => [0, 1, 2, 3, 4, 5, 6, 7, 8, 9, 10, 11, 12, 13, 14, 15, 16, 17, 18, 19, 20, 21, 22, 23, 24, 25, 26, 27, 28, 29, 30, 31, 32, 33, 34, 35, 36, 37, 38, 39, 40, 41, 42, 43, 44, 45, 46, 47, 48, 49]
2024-10-02 11:41:59,119 [_builder.py] => Loading pretrained weights from Hugging Face hub (timm/vit_base_patch16_224.augreg_in21k)
2024-10-02 11:42:40,579 [_hub.py] => [timm/vit_base_patch16_224.augreg_in21k] Safe alternative available for 'pytorch_model.bin' (as 'model.safetensors'). Loading weights using safetensors.
2024-10-02 11:42:41,100 [trainer.py] => All params: 86102976
2024-10-02 11:42:41,101 [trainer.py] => Trainable params: 304320
2024-10-02 11:42:41,113 [ease.py] => Learning on 0-10
2024-10-02 11:45:50,815 [ease.py] => Task 0, Epoch 45/45 => Loss 0.254, Train_accy 96.83
2024-10-02 11:46:01,123 [ease.py] => Task correct: 100.0
2024-10-02 11:46:01,124 [ease.py] => Task acc: 96.2
2024-10-02 11:46:01,137 [trainer.py] => No NME accuracy.
2024-10-02 11:46:01,137 [trainer.py] => CNN: {'total': 96.2, '00-09': 96.2, 'old': 0, 'new': 96.2}
2024-10-02 11:46:01,137 [trainer.py] => CNN top1 curve: [96.2]
2024-10-02 11:46:01,137 [trainer.py] => CNN top5 curve: [99.8]

2024-10-02 11:46:01,137 [trainer.py] => Average Accuracy (CNN): 96.2 

2024-10-02 11:46:01,138 [trainer.py] => All params: 86118338
2024-10-02 11:46:01,138 [trainer.py] => Trainable params: 304320
2024-10-02 11:46:01,139 [ease.py] => Learning on 10-20
2024-10-02 11:49:06,120 [ease.py] => Task 1, Epoch 45/45 => Loss 0.184, Train_accy 99.08
2024-10-02 11:49:28,145 [ease.py] => Task correct: 97.35714285714286
2024-10-02 11:49:28,146 [ease.py] => Task acc: 94.0
2024-10-02 11:49:28,158 [trainer.py] => No NME accuracy.
2024-10-02 11:49:28,158 [trainer.py] => CNN: {'total': 92.5, '00-09': 95.8, '10-19': 84.25, 'old': 95.8, 'new': 84.25}
2024-10-02 11:49:28,158 [trainer.py] => CNN top1 curve: [96.2, 92.5]
2024-10-02 11:49:28,158 [trainer.py] => CNN top5 curve: [99.8, 99.14]

2024-10-02 11:49:28,158 [trainer.py] => Average Accuracy (CNN): 94.35 

2024-10-02 11:49:28,159 [trainer.py] => All params: 86141378
2024-10-02 11:49:28,159 [trainer.py] => Trainable params: 304320
2024-10-02 11:49:28,161 [ease.py] => Learning on 20-30
2024-10-02 11:53:00,652 [ease.py] => Task 2, Epoch 45/45 => Loss 0.202, Train_accy 98.13
2024-10-02 11:53:48,860 [ease.py] => Task correct: 98.23899371069183
2024-10-02 11:53:48,861 [ease.py] => Task acc: 94.0461215932914
2024-10-02 11:53:48,875 [trainer.py] => No NME accuracy.
2024-10-02 11:53:48,875 [trainer.py] => CNN: {'total': 92.96, '00-09': 95.8, '10-19': 83.0, '20-29': 94.11, 'old': 92.14, 'new': 94.11}
2024-10-02 11:53:48,875 [trainer.py] => CNN top1 curve: [96.2, 92.5, 92.96]
2024-10-02 11:53:48,875 [trainer.py] => CNN top5 curve: [99.8, 99.14, 99.41]

2024-10-02 11:53:48,875 [trainer.py] => Average Accuracy (CNN): 93.88666666666666 

2024-10-02 11:53:48,876 [trainer.py] => All params: 86179778
2024-10-02 11:53:48,876 [trainer.py] => Trainable params: 304320
2024-10-02 11:53:48,878 [ease.py] => Learning on 30-40
2024-10-02 12:02:55,260 [ease.py] => Task 3, Epoch 45/45 => Loss 0.263, Train_accy 94.20
2024-10-02 12:06:02,925 [ease.py] => Task correct: 98.76685934489403
2024-10-02 12:06:02,926 [ease.py] => Task acc: 93.538856775851
2024-10-02 12:06:02,942 [trainer.py] => No NME accuracy.
2024-10-02 12:06:02,942 [trainer.py] => CNN: {'total': 92.65, '00-09': 94.1, '10-19': 81.5, '20-29': 94.11, '30-39': 92.94, 'old': 91.99, 'new': 92.94}
2024-10-02 12:06:02,942 [trainer.py] => CNN top1 curve: [96.2, 92.5, 92.96, 92.65]
2024-10-02 12:06:02,942 [trainer.py] => CNN top5 curve: [99.8, 99.14, 99.41, 99.46]

2024-10-02 12:06:02,942 [trainer.py] => Average Accuracy (CNN): 93.57749999999999 

2024-10-02 12:06:02,943 [trainer.py] => All params: 86233538
2024-10-02 12:06:02,944 [trainer.py] => Trainable params: 304320
2024-10-02 12:06:02,946 [ease.py] => Learning on 40-50
2024-10-02 12:08:02,610 [ease.py] => Task 4, Epoch 45/45 => Loss 0.081, Train_accy 100.00
2024-10-02 12:11:52,764 [ease.py] => Task correct: 98.89778396565727
2024-10-02 12:11:52,765 [ease.py] => Task acc: 94.15245388096066
2024-10-02 12:11:52,783 [trainer.py] => No NME accuracy.
2024-10-02 12:11:52,784 [trainer.py] => CNN: {'total': 93.36, '00-09': 94.1, '10-19': 81.25, '20-29': 94.11, '30-39': 92.96, '40-49': 100.0, 'old': 92.65, 'new': 100.0}
2024-10-02 12:11:52,784 [trainer.py] => CNN top1 curve: [96.2, 92.5, 92.96, 92.65, 93.36]
2024-10-02 12:11:52,784 [trainer.py] => CNN top5 curve: [99.8, 99.14, 99.41, 99.46, 99.52]

2024-10-02 12:11:52,784 [trainer.py] => Average Accuracy (CNN): 93.53399999999999 

