2024-10-03 07:38:48,213 [trainer.py] => config: ./exps/ease_cifar_in21k.json
2024-10-03 07:38:48,214 [trainer.py] => prefix:  
2024-10-03 07:38:48,214 [trainer.py] => dataset: cifar224
2024-10-03 07:38:48,214 [trainer.py] => memory_size: 0
2024-10-03 07:38:48,214 [trainer.py] => memory_per_class: 0
2024-10-03 07:38:48,214 [trainer.py] => fixed_memory: False
2024-10-03 07:38:48,215 [trainer.py] => shuffle: True
2024-10-03 07:38:48,215 [trainer.py] => init_cls: 5
2024-10-03 07:38:48,215 [trainer.py] => increment: 5
2024-10-03 07:38:48,215 [trainer.py] => model_name: ease
2024-10-03 07:38:48,215 [trainer.py] => backbone_type: vit_base_patch16_224_in21k_ease
2024-10-03 07:38:48,215 [trainer.py] => device: [device(type='cuda', index=0)]
2024-10-03 07:38:48,215 [trainer.py] => seed: 1993
2024-10-03 07:38:48,215 [trainer.py] => init_epochs: 20
2024-10-03 07:38:48,215 [trainer.py] => init_lr: 0.025
2024-10-03 07:38:48,215 [trainer.py] => later_epochs: 20
2024-10-03 07:38:48,215 [trainer.py] => later_lr: 0.025
2024-10-03 07:38:48,216 [trainer.py] => batch_size: 48
2024-10-03 07:38:48,216 [trainer.py] => weight_decay: 0.0005
2024-10-03 07:38:48,216 [trainer.py] => min_lr: 0
2024-10-03 07:38:48,216 [trainer.py] => optimizer: sgd
2024-10-03 07:38:48,216 [trainer.py] => scheduler: cosine
2024-10-03 07:38:48,216 [trainer.py] => pretrained: True
2024-10-03 07:38:48,216 [trainer.py] => vpt_type: Deep
2024-10-03 07:38:48,216 [trainer.py] => prompt_token_num: 5
2024-10-03 07:38:48,216 [trainer.py] => ffn_num: 64
2024-10-03 07:38:48,216 [trainer.py] => use_diagonal: False
2024-10-03 07:38:48,216 [trainer.py] => recalc_sim: True
2024-10-03 07:38:48,216 [trainer.py] => alpha: 0.1
2024-10-03 07:38:48,217 [trainer.py] => use_init_ptm: False
2024-10-03 07:38:48,217 [trainer.py] => beta: 0
2024-10-03 07:38:48,217 [trainer.py] => use_old_data: False
2024-10-03 07:38:48,217 [trainer.py] => use_reweight: True
2024-10-03 07:38:48,217 [trainer.py] => moni_adam: False
2024-10-03 07:38:48,217 [trainer.py] => adapter_num: -1
2024-10-03 07:38:50,760 [data_manager.py] => [68, 56, 78, 8, 23, 84, 90, 65, 74, 76, 40, 89, 3, 92, 55, 9, 26, 80, 43, 38, 58, 70, 77, 1, 85, 19, 17, 50, 28, 53, 13, 81, 45, 82, 6, 59, 83, 16, 15, 44, 91, 41, 72, 60, 79, 52, 20, 10, 31, 54, 37, 95, 14, 71, 96, 98, 97, 2, 64, 66, 42, 22, 35, 86, 24, 34, 87, 21, 99, 0, 88, 27, 18, 94, 11, 12, 47, 25, 30, 46, 62, 69, 36, 61, 7, 63, 75, 5, 32, 4, 51, 48, 73, 93, 39, 67, 29, 49, 57, 33]
2024-10-03 07:39:00,254 [_builder.py] => Loading pretrained weights from Hugging Face hub (timm/vit_base_patch16_224.augreg_in21k)
2024-10-03 07:39:00,649 [_hub.py] => [timm/vit_base_patch16_224.augreg_in21k] Safe alternative available for 'pytorch_model.bin' (as 'model.safetensors'). Loading weights using safetensors.
2024-10-03 07:39:01,796 [trainer.py] => All params: 86988288
2024-10-03 07:39:01,796 [trainer.py] => Trainable params: 1189632
2024-10-03 07:39:01,834 [ease.py] => Learning on 0-5
2024-10-03 07:47:41,475 [ease.py] => Task 0, Epoch 20/20 => Loss 0.118, Train_accy 96.36
2024-10-03 07:48:00,123 [ease.py] => Task correct: 100.0
2024-10-03 07:48:00,125 [ease.py] => Task acc: 99.4
2024-10-03 07:48:00,143 [trainer.py] => No NME accuracy.
2024-10-03 07:48:00,143 [trainer.py] => CNN: {'total': 99.4, '00-04': 99.4, 'old': 0, 'new': 99.4}
2024-10-03 07:48:00,143 [trainer.py] => CNN top1 curve: [99.4]
2024-10-03 07:48:00,143 [trainer.py] => CNN top5 curve: [100.0]

2024-10-03 07:48:00,143 [trainer.py] => Average Accuracy (CNN): 99.4 

2024-10-03 07:48:00,144 [trainer.py] => All params: 86995970
2024-10-03 07:48:00,144 [trainer.py] => Trainable params: 1189632
2024-10-03 07:48:00,145 [ease.py] => Learning on 5-10
2024-10-03 07:56:40,769 [ease.py] => Task 1, Epoch 20/20 => Loss 0.147, Train_accy 95.68
2024-10-03 07:57:20,413 [ease.py] => Task correct: 98.9
2024-10-03 07:57:20,422 [ease.py] => Task acc: 99.2
2024-10-03 07:57:20,443 [trainer.py] => No NME accuracy.
2024-10-03 07:57:20,443 [trainer.py] => CNN: {'total': 98.2, '00-04': 98.4, '05-09': 98.0, 'old': 98.4, 'new': 98.0}
2024-10-03 07:57:20,443 [trainer.py] => CNN top1 curve: [99.4, 98.2]
2024-10-03 07:57:20,443 [trainer.py] => CNN top5 curve: [100.0, 100.0]

2024-10-03 07:57:20,443 [trainer.py] => Average Accuracy (CNN): 98.80000000000001 

2024-10-03 07:57:20,443 [trainer.py] => All params: 87007490
2024-10-03 07:57:20,444 [trainer.py] => Trainable params: 1189632
2024-10-03 07:57:20,445 [ease.py] => Learning on 10-15
2024-10-03 08:06:00,366 [ease.py] => Task 2, Epoch 20/20 => Loss 0.160, Train_accy 94.36
2024-10-03 08:07:05,555 [ease.py] => Task correct: 97.66666666666667
2024-10-03 08:07:05,558 [ease.py] => Task acc: 99.06666666666666
2024-10-03 08:07:05,575 [trainer.py] => No NME accuracy.
2024-10-03 08:07:05,575 [trainer.py] => CNN: {'total': 97.27, '00-04': 98.4, '05-09': 96.4, '10-14': 97.0, 'old': 97.4, 'new': 97.0}
2024-10-03 08:07:05,575 [trainer.py] => CNN top1 curve: [99.4, 98.2, 97.27]
2024-10-03 08:07:05,575 [trainer.py] => CNN top5 curve: [100.0, 100.0, 99.73]

2024-10-03 08:07:05,575 [trainer.py] => Average Accuracy (CNN): 98.29 

2024-10-03 08:07:05,575 [trainer.py] => All params: 87026690
2024-10-03 08:07:05,576 [trainer.py] => Trainable params: 1189632
2024-10-03 08:07:05,576 [ease.py] => Learning on 15-20
2024-10-03 08:15:44,257 [ease.py] => Task 3, Epoch 20/20 => Loss 0.151, Train_accy 95.24
2024-10-03 08:17:18,781 [ease.py] => Task correct: 96.85
2024-10-03 08:17:18,790 [ease.py] => Task acc: 98.85
2024-10-03 08:17:18,810 [trainer.py] => No NME accuracy.
2024-10-03 08:17:18,810 [trainer.py] => CNN: {'total': 96.45, '00-04': 98.4, '05-09': 95.6, '10-14': 96.6, '15-19': 95.2, 'old': 96.87, 'new': 95.2}
2024-10-03 08:17:18,810 [trainer.py] => CNN top1 curve: [99.4, 98.2, 97.27, 96.45]
2024-10-03 08:17:18,811 [trainer.py] => CNN top5 curve: [100.0, 100.0, 99.73, 99.5]

2024-10-03 08:17:18,811 [trainer.py] => Average Accuracy (CNN): 97.83 

2024-10-03 08:17:18,811 [trainer.py] => All params: 87053570
2024-10-03 08:17:18,812 [trainer.py] => Trainable params: 1189632
2024-10-03 08:17:18,813 [ease.py] => Learning on 20-25
2024-10-03 08:25:57,674 [ease.py] => Task 4, Epoch 20/20 => Loss 0.081, Train_accy 97.24
2024-10-03 08:28:06,733 [ease.py] => Task correct: 96.64
2024-10-03 08:28:06,736 [ease.py] => Task acc: 99.04
2024-10-03 08:28:06,754 [trainer.py] => No NME accuracy.
2024-10-03 08:28:06,754 [trainer.py] => CNN: {'total': 96.32, '00-04': 98.2, '05-09': 94.8, '10-14': 95.6, '15-19': 95.2, '20-24': 97.8, 'old': 95.95, 'new': 97.8}
2024-10-03 08:28:06,754 [trainer.py] => CNN top1 curve: [99.4, 98.2, 97.27, 96.45, 96.32]
2024-10-03 08:28:06,754 [trainer.py] => CNN top5 curve: [100.0, 100.0, 99.73, 99.5, 99.4]

2024-10-03 08:28:06,754 [trainer.py] => Average Accuracy (CNN): 97.52799999999999 

2024-10-03 08:28:06,754 [trainer.py] => All params: 87088130
2024-10-03 08:28:06,755 [trainer.py] => Trainable params: 1189632
2024-10-03 08:28:06,756 [ease.py] => Learning on 25-30
2024-10-03 08:36:45,219 [ease.py] => Task 5, Epoch 20/20 => Loss 0.086, Train_accy 97.16
2024-10-03 08:39:33,087 [ease.py] => Task correct: 95.16666666666667
2024-10-03 08:39:33,088 [ease.py] => Task acc: 99.13333333333334
2024-10-03 08:39:33,105 [trainer.py] => No NME accuracy.
2024-10-03 08:39:33,105 [trainer.py] => CNN: {'total': 94.9, '00-04': 97.2, '05-09': 89.2, '10-14': 94.4, '15-19': 93.4, '20-24': 97.8, '25-29': 97.4, 'old': 94.4, 'new': 97.4}
2024-10-03 08:39:33,105 [trainer.py] => CNN top1 curve: [99.4, 98.2, 97.27, 96.45, 96.32, 94.9]
2024-10-03 08:39:33,105 [trainer.py] => CNN top5 curve: [100.0, 100.0, 99.73, 99.5, 99.4, 99.37]

2024-10-03 08:39:33,105 [trainer.py] => Average Accuracy (CNN): 97.08999999999999 

2024-10-03 08:39:33,106 [trainer.py] => All params: 87130370
2024-10-03 08:39:33,106 [trainer.py] => Trainable params: 1189632
2024-10-03 08:39:33,108 [ease.py] => Learning on 30-35
2024-10-03 08:48:10,805 [ease.py] => Task 6, Epoch 20/20 => Loss 0.178, Train_accy 93.60
2024-10-03 08:51:42,639 [ease.py] => Task correct: 93.8
2024-10-03 08:51:42,639 [ease.py] => Task acc: 98.94285714285714
2024-10-03 08:51:42,657 [trainer.py] => No NME accuracy.
2024-10-03 08:51:42,657 [trainer.py] => CNN: {'total': 93.37, '00-04': 97.4, '05-09': 89.0, '10-14': 94.2, '15-19': 91.4, '20-24': 97.8, '25-29': 97.4, '30-34': 86.4, 'old': 94.53, 'new': 86.4}
2024-10-03 08:51:42,657 [trainer.py] => CNN top1 curve: [99.4, 98.2, 97.27, 96.45, 96.32, 94.9, 93.37]
2024-10-03 08:51:42,657 [trainer.py] => CNN top5 curve: [100.0, 100.0, 99.73, 99.5, 99.4, 99.37, 99.37]

2024-10-03 08:51:42,657 [trainer.py] => Average Accuracy (CNN): 96.55857142857143 

2024-10-03 08:51:42,658 [trainer.py] => All params: 87180290
2024-10-03 08:51:42,658 [trainer.py] => Trainable params: 1189632
2024-10-03 08:51:42,660 [ease.py] => Learning on 35-40
2024-10-03 09:00:20,275 [ease.py] => Task 7, Epoch 20/20 => Loss 0.097, Train_accy 97.00
2024-10-03 09:04:40,026 [ease.py] => Task correct: 93.45
2024-10-03 09:04:40,027 [ease.py] => Task acc: 99.025
2024-10-03 09:04:40,045 [trainer.py] => No NME accuracy.
2024-10-03 09:04:40,045 [trainer.py] => CNN: {'total': 93.08, '00-04': 94.2, '05-09': 89.0, '10-14': 93.4, '15-19': 90.8, '20-24': 97.4, '25-29': 96.8, '30-34': 86.2, '35-39': 96.8, 'old': 92.54, 'new': 96.8}
2024-10-03 09:04:40,045 [trainer.py] => CNN top1 curve: [99.4, 98.2, 97.27, 96.45, 96.32, 94.9, 93.37, 93.08]
2024-10-03 09:04:40,045 [trainer.py] => CNN top5 curve: [100.0, 100.0, 99.73, 99.5, 99.4, 99.37, 99.37, 99.3]

2024-10-03 09:04:40,045 [trainer.py] => Average Accuracy (CNN): 96.12375 

2024-10-03 09:04:40,045 [trainer.py] => All params: 87237890
2024-10-03 09:04:40,046 [trainer.py] => Trainable params: 1189632
2024-10-03 09:04:40,048 [ease.py] => Learning on 40-45
2024-10-03 09:13:17,329 [ease.py] => Task 8, Epoch 20/20 => Loss 0.133, Train_accy 95.80
2024-10-03 09:18:30,579 [ease.py] => Task correct: 92.64444444444445
2024-10-03 09:18:30,580 [ease.py] => Task acc: 99.11111111111111
2024-10-03 09:18:30,597 [trainer.py] => No NME accuracy.
2024-10-03 09:18:30,597 [trainer.py] => CNN: {'total': 92.33, '00-04': 93.0, '05-09': 88.8, '10-14': 89.6, '15-19': 90.0, '20-24': 97.4, '25-29': 96.8, '30-34': 85.6, '35-39': 96.2, '40-44': 93.6, 'old': 92.18, 'new': 93.6}
2024-10-03 09:18:30,597 [trainer.py] => CNN top1 curve: [99.4, 98.2, 97.27, 96.45, 96.32, 94.9, 93.37, 93.08, 92.33]
2024-10-03 09:18:30,597 [trainer.py] => CNN top5 curve: [100.0, 100.0, 99.73, 99.5, 99.4, 99.37, 99.37, 99.3, 99.16]

2024-10-03 09:18:30,597 [trainer.py] => Average Accuracy (CNN): 95.70222222222223 

2024-10-03 09:18:30,598 [trainer.py] => All params: 87303170
2024-10-03 09:18:30,598 [trainer.py] => Trainable params: 1189632
2024-10-03 09:18:30,601 [ease.py] => Learning on 45-50
2024-10-03 09:27:07,999 [ease.py] => Task 9, Epoch 20/20 => Loss 0.082, Train_accy 97.52
2024-10-03 09:33:18,196 [ease.py] => Task correct: 91.22
2024-10-03 09:33:18,198 [ease.py] => Task acc: 99.18
2024-10-03 09:33:18,219 [trainer.py] => No NME accuracy.
2024-10-03 09:33:18,219 [trainer.py] => CNN: {'total': 90.94, '00-04': 92.6, '05-09': 86.8, '10-14': 87.0, '15-19': 89.0, '20-24': 97.2, '25-29': 92.0, '30-34': 85.0, '35-39': 91.8, '40-44': 93.2, '45-49': 94.8, 'old': 90.51, 'new': 94.8}
2024-10-03 09:33:18,219 [trainer.py] => CNN top1 curve: [99.4, 98.2, 97.27, 96.45, 96.32, 94.9, 93.37, 93.08, 92.33, 90.94]
2024-10-03 09:33:18,219 [trainer.py] => CNN top5 curve: [100.0, 100.0, 99.73, 99.5, 99.4, 99.37, 99.37, 99.3, 99.16, 99.04]

2024-10-03 09:33:18,219 [trainer.py] => Average Accuracy (CNN): 95.226 

2024-10-03 09:33:18,220 [trainer.py] => All params: 87376130
2024-10-03 09:33:18,220 [trainer.py] => Trainable params: 1189632
2024-10-03 09:33:18,224 [ease.py] => Learning on 50-55
2024-10-03 09:41:56,595 [ease.py] => Task 10, Epoch 20/20 => Loss 0.116, Train_accy 96.72
2024-10-03 09:49:09,698 [ease.py] => Task correct: 90.27272727272727
2024-10-03 09:49:09,706 [ease.py] => Task acc: 99.18181818181819
2024-10-03 09:49:09,727 [trainer.py] => No NME accuracy.
2024-10-03 09:49:09,727 [trainer.py] => CNN: {'total': 90.0, '00-04': 90.8, '05-09': 86.6, '10-14': 86.8, '15-19': 89.0, '20-24': 97.0, '25-29': 90.6, '30-34': 83.6, '35-39': 91.4, '40-44': 92.6, '45-49': 93.8, '50-54': 87.8, 'old': 90.22, 'new': 87.8}
2024-10-03 09:49:09,727 [trainer.py] => CNN top1 curve: [99.4, 98.2, 97.27, 96.45, 96.32, 94.9, 93.37, 93.08, 92.33, 90.94, 90.0]
2024-10-03 09:49:09,728 [trainer.py] => CNN top5 curve: [100.0, 100.0, 99.73, 99.5, 99.4, 99.37, 99.37, 99.3, 99.16, 99.04, 99.04]

2024-10-03 09:49:09,728 [trainer.py] => Average Accuracy (CNN): 94.75090909090909 

2024-10-03 09:49:09,728 [trainer.py] => All params: 87456770
2024-10-03 09:49:09,729 [trainer.py] => Trainable params: 1189632
2024-10-03 09:49:09,733 [ease.py] => Learning on 55-60
2024-10-03 09:57:48,486 [ease.py] => Task 11, Epoch 20/20 => Loss 0.206, Train_accy 92.72
2024-10-03 10:06:08,675 [ease.py] => Task correct: 90.23333333333333
2024-10-03 10:06:08,676 [ease.py] => Task acc: 99.15
2024-10-03 10:06:08,696 [trainer.py] => No NME accuracy.
2024-10-03 10:06:08,696 [trainer.py] => CNN: {'total': 89.95, '00-04': 90.8, '05-09': 86.6, '10-14': 86.4, '15-19': 89.4, '20-24': 97.0, '25-29': 91.0, '30-34': 83.4, '35-39': 91.0, '40-44': 92.6, '45-49': 93.6, '50-54': 88.0, '55-59': 89.6, 'old': 89.98, 'new': 89.6}
2024-10-03 10:06:08,696 [trainer.py] => CNN top1 curve: [99.4, 98.2, 97.27, 96.45, 96.32, 94.9, 93.37, 93.08, 92.33, 90.94, 90.0, 89.95]
2024-10-03 10:06:08,696 [trainer.py] => CNN top5 curve: [100.0, 100.0, 99.73, 99.5, 99.4, 99.37, 99.37, 99.3, 99.16, 99.04, 99.04, 98.88]

2024-10-03 10:06:08,696 [trainer.py] => Average Accuracy (CNN): 94.35083333333334 

2024-10-03 10:06:08,697 [trainer.py] => All params: 87545090
2024-10-03 10:06:08,697 [trainer.py] => Trainable params: 1189632
2024-10-03 10:06:08,702 [ease.py] => Learning on 60-65
2024-10-03 10:14:44,809 [ease.py] => Task 12, Epoch 20/20 => Loss 0.099, Train_accy 96.80
2024-10-03 10:24:16,125 [ease.py] => Task correct: 89.56923076923077
2024-10-03 10:24:16,132 [ease.py] => Task acc: 99.2
2024-10-03 10:24:16,154 [trainer.py] => No NME accuracy.
2024-10-03 10:24:16,154 [trainer.py] => CNN: {'total': 89.35, '00-04': 90.8, '05-09': 86.2, '10-14': 85.8, '15-19': 88.2, '20-24': 97.0, '25-29': 91.0, '30-34': 83.2, '35-39': 90.4, '40-44': 92.6, '45-49': 93.4, '50-54': 88.2, '55-59': 80.8, '60-64': 94.0, 'old': 88.97, 'new': 94.0}
2024-10-03 10:24:16,154 [trainer.py] => CNN top1 curve: [99.4, 98.2, 97.27, 96.45, 96.32, 94.9, 93.37, 93.08, 92.33, 90.94, 90.0, 89.95, 89.35]
2024-10-03 10:24:16,154 [trainer.py] => CNN top5 curve: [100.0, 100.0, 99.73, 99.5, 99.4, 99.37, 99.37, 99.3, 99.16, 99.04, 99.04, 98.88, 98.89]

2024-10-03 10:24:16,154 [trainer.py] => Average Accuracy (CNN): 93.96615384615384 

2024-10-03 10:24:16,154 [trainer.py] => All params: 87641090
2024-10-03 10:24:16,155 [trainer.py] => Trainable params: 1189632
2024-10-03 10:24:16,161 [ease.py] => Learning on 65-70
2024-10-03 10:32:56,692 [ease.py] => Task 13, Epoch 20/20 => Loss 0.081, Train_accy 97.08
2024-10-03 10:43:44,599 [ease.py] => Task correct: 89.51428571428572
2024-10-03 10:43:44,603 [ease.py] => Task acc: 99.25714285714285
2024-10-03 10:43:44,624 [trainer.py] => No NME accuracy.
2024-10-03 10:43:44,624 [trainer.py] => CNN: {'total': 89.31, '00-04': 88.8, '05-09': 85.8, '10-14': 84.6, '15-19': 87.8, '20-24': 97.0, '25-29': 91.0, '30-34': 82.8, '35-39': 90.2, '40-44': 92.6, '45-49': 92.8, '50-54': 88.0, '55-59': 80.2, '60-64': 92.6, '65-69': 96.2, 'old': 88.78, 'new': 96.2}
2024-10-03 10:43:44,624 [trainer.py] => CNN top1 curve: [99.4, 98.2, 97.27, 96.45, 96.32, 94.9, 93.37, 93.08, 92.33, 90.94, 90.0, 89.95, 89.35, 89.31]
2024-10-03 10:43:44,624 [trainer.py] => CNN top5 curve: [100.0, 100.0, 99.73, 99.5, 99.4, 99.37, 99.37, 99.3, 99.16, 99.04, 99.04, 98.88, 98.89, 98.87]

2024-10-03 10:43:44,624 [trainer.py] => Average Accuracy (CNN): 93.63357142857141 

2024-10-03 10:43:44,625 [trainer.py] => All params: 87744770
2024-10-03 10:43:44,625 [trainer.py] => Trainable params: 1189632
2024-10-03 10:43:44,631 [ease.py] => Learning on 70-75
2024-10-03 10:52:23,086 [ease.py] => Task 14, Epoch 20/20 => Loss 0.108, Train_accy 96.44
2024-10-03 11:04:32,649 [ease.py] => Task correct: 88.58666666666667
2024-10-03 11:04:32,650 [ease.py] => Task acc: 99.26666666666667
2024-10-03 11:04:32,669 [trainer.py] => No NME accuracy.
2024-10-03 11:04:32,697 [trainer.py] => CNN: {'total': 88.4, '00-04': 88.6, '05-09': 85.8, '10-14': 84.2, '15-19': 87.8, '20-24': 97.0, '25-29': 90.8, '30-34': 82.6, '35-39': 89.8, '40-44': 92.2, '45-49': 92.6, '50-54': 87.8, '55-59': 77.4, '60-64': 86.0, '65-69': 95.2, '70-74': 88.2, 'old': 88.41, 'new': 88.2}
2024-10-03 11:04:32,697 [trainer.py] => CNN top1 curve: [99.4, 98.2, 97.27, 96.45, 96.32, 94.9, 93.37, 93.08, 92.33, 90.94, 90.0, 89.95, 89.35, 89.31, 88.4]
2024-10-03 11:04:32,697 [trainer.py] => CNN top5 curve: [100.0, 100.0, 99.73, 99.5, 99.4, 99.37, 99.37, 99.3, 99.16, 99.04, 99.04, 98.88, 98.89, 98.87, 98.85]

2024-10-03 11:04:32,697 [trainer.py] => Average Accuracy (CNN): 93.28466666666667 

2024-10-03 11:04:32,698 [trainer.py] => All params: 87856130
2024-10-03 11:04:32,699 [trainer.py] => Trainable params: 1189632
2024-10-03 11:04:32,710 [ease.py] => Learning on 75-80
2024-10-03 11:13:12,077 [ease.py] => Task 15, Epoch 20/20 => Loss 0.109, Train_accy 96.28
2024-10-03 11:26:46,939 [ease.py] => Task correct: 87.1
2024-10-03 11:26:46,947 [ease.py] => Task acc: 99.2625
2024-10-03 11:26:46,969 [trainer.py] => No NME accuracy.
2024-10-03 11:26:46,969 [trainer.py] => CNN: {'total': 86.92, '00-04': 88.6, '05-09': 84.8, '10-14': 84.6, '15-19': 87.8, '20-24': 97.0, '25-29': 90.8, '30-34': 82.4, '35-39': 89.6, '40-44': 92.0, '45-49': 85.4, '50-54': 79.4, '55-59': 73.4, '60-64': 84.4, '65-69': 95.2, '70-74': 85.0, '75-79': 90.4, 'old': 86.69, 'new': 90.4}
2024-10-03 11:26:46,969 [trainer.py] => CNN top1 curve: [99.4, 98.2, 97.27, 96.45, 96.32, 94.9, 93.37, 93.08, 92.33, 90.94, 90.0, 89.95, 89.35, 89.31, 88.4, 86.92]
2024-10-03 11:26:46,969 [trainer.py] => CNN top5 curve: [100.0, 100.0, 99.73, 99.5, 99.4, 99.37, 99.37, 99.3, 99.16, 99.04, 99.04, 98.88, 98.89, 98.87, 98.85, 98.8]

2024-10-03 11:26:46,969 [trainer.py] => Average Accuracy (CNN): 92.886875 

2024-10-03 11:26:46,969 [trainer.py] => All params: 87975170
2024-10-03 11:26:46,970 [trainer.py] => Trainable params: 1189632
2024-10-03 11:26:46,976 [ease.py] => Learning on 80-85
2024-10-03 11:35:27,329 [ease.py] => Task 16, Epoch 20/20 => Loss 0.078, Train_accy 97.40
2024-10-03 11:50:32,907 [ease.py] => Task correct: 86.62352941176471
2024-10-03 11:50:32,908 [ease.py] => Task acc: 99.28235294117647
2024-10-03 11:50:32,926 [trainer.py] => No NME accuracy.
2024-10-03 11:50:32,926 [trainer.py] => CNN: {'total': 86.47, '00-04': 88.2, '05-09': 83.0, '10-14': 83.4, '15-19': 87.6, '20-24': 96.8, '25-29': 90.0, '30-34': 81.8, '35-39': 89.4, '40-44': 92.0, '45-49': 83.2, '50-54': 78.6, '55-59': 73.0, '60-64': 82.6, '65-69': 95.2, '70-74': 84.6, '75-79': 90.6, '80-84': 90.0, 'old': 86.25, 'new': 90.0}
2024-10-03 11:50:32,926 [trainer.py] => CNN top1 curve: [99.4, 98.2, 97.27, 96.45, 96.32, 94.9, 93.37, 93.08, 92.33, 90.94, 90.0, 89.95, 89.35, 89.31, 88.4, 86.92, 86.47]
2024-10-03 11:50:32,926 [trainer.py] => CNN top5 curve: [100.0, 100.0, 99.73, 99.5, 99.4, 99.37, 99.37, 99.3, 99.16, 99.04, 99.04, 98.88, 98.89, 98.87, 98.85, 98.8, 98.73]

2024-10-03 11:50:32,926 [trainer.py] => Average Accuracy (CNN): 92.50941176470589 

2024-10-03 11:50:32,927 [trainer.py] => All params: 88101890
2024-10-03 11:50:32,927 [trainer.py] => Trainable params: 1189632
2024-10-03 11:50:32,935 [ease.py] => Learning on 85-90
2024-10-03 11:59:09,370 [ease.py] => Task 17, Epoch 20/20 => Loss 0.190, Train_accy 93.56
2024-10-03 12:15:47,575 [ease.py] => Task correct: 86.38888888888889
2024-10-03 12:15:47,576 [ease.py] => Task acc: 99.2
2024-10-03 12:15:47,594 [trainer.py] => No NME accuracy.
2024-10-03 12:15:47,594 [trainer.py] => CNN: {'total': 86.22, '00-04': 88.2, '05-09': 82.6, '10-14': 82.8, '15-19': 87.6, '20-24': 96.6, '25-29': 90.0, '30-34': 81.6, '35-39': 89.0, '40-44': 91.8, '45-49': 83.0, '50-54': 78.6, '55-59': 73.2, '60-64': 82.4, '65-69': 94.8, '70-74': 84.2, '75-79': 89.4, '80-84': 90.2, '85-89': 86.0, 'old': 86.24, 'new': 86.0}
2024-10-03 12:15:47,594 [trainer.py] => CNN top1 curve: [99.4, 98.2, 97.27, 96.45, 96.32, 94.9, 93.37, 93.08, 92.33, 90.94, 90.0, 89.95, 89.35, 89.31, 88.4, 86.92, 86.47, 86.22]
2024-10-03 12:15:47,594 [trainer.py] => CNN top5 curve: [100.0, 100.0, 99.73, 99.5, 99.4, 99.37, 99.37, 99.3, 99.16, 99.04, 99.04, 98.88, 98.89, 98.87, 98.85, 98.8, 98.73, 98.56]

2024-10-03 12:15:47,594 [trainer.py] => Average Accuracy (CNN): 92.16000000000001 

2024-10-03 12:15:47,595 [trainer.py] => All params: 88236290
2024-10-03 12:15:47,595 [trainer.py] => Trainable params: 1189632
2024-10-03 12:15:47,603 [ease.py] => Learning on 90-95
2024-10-03 12:24:23,525 [ease.py] => Task 18, Epoch 20/20 => Loss 0.113, Train_accy 96.32
2024-10-03 12:42:42,607 [ease.py] => Task correct: 86.52631578947368
2024-10-03 12:42:42,608 [ease.py] => Task acc: 99.22105263157894
2024-10-03 12:42:42,630 [trainer.py] => No NME accuracy.
2024-10-03 12:42:42,630 [trainer.py] => CNN: {'total': 86.36, '00-04': 87.2, '05-09': 82.6, '10-14': 82.6, '15-19': 87.4, '20-24': 96.2, '25-29': 90.0, '30-34': 81.6, '35-39': 89.0, '40-44': 90.8, '45-49': 83.0, '50-54': 78.4, '55-59': 72.4, '60-64': 82.4, '65-69': 94.4, '70-74': 84.2, '75-79': 89.4, '80-84': 90.0, '85-89': 86.2, '90-94': 93.0, 'old': 85.99, 'new': 93.0}
2024-10-03 12:42:42,630 [trainer.py] => CNN top1 curve: [99.4, 98.2, 97.27, 96.45, 96.32, 94.9, 93.37, 93.08, 92.33, 90.94, 90.0, 89.95, 89.35, 89.31, 88.4, 86.92, 86.47, 86.22, 86.36]
2024-10-03 12:42:42,630 [trainer.py] => CNN top5 curve: [100.0, 100.0, 99.73, 99.5, 99.4, 99.37, 99.37, 99.3, 99.16, 99.04, 99.04, 98.88, 98.89, 98.87, 98.85, 98.8, 98.73, 98.56, 98.53]

2024-10-03 12:42:42,630 [trainer.py] => Average Accuracy (CNN): 91.85473684210527 

2024-10-03 12:42:42,630 [trainer.py] => All params: 88378370
2024-10-03 12:42:42,631 [trainer.py] => Trainable params: 1189632
2024-10-03 12:42:42,642 [ease.py] => Learning on 95-100
2024-10-03 12:51:19,399 [ease.py] => Task 19, Epoch 20/20 => Loss 0.140, Train_accy 95.28
2024-10-03 13:11:18,847 [ease.py] => Task correct: 86.08
2024-10-03 13:11:18,848 [ease.py] => Task acc: 99.14
2024-10-03 13:11:18,870 [trainer.py] => No NME accuracy.
2024-10-03 13:11:18,870 [trainer.py] => CNN: {'total': 85.89, '00-04': 86.4, '05-09': 82.6, '10-14': 82.4, '15-19': 87.2, '20-24': 96.4, '25-29': 89.6, '30-34': 81.6, '35-39': 88.6, '40-44': 90.2, '45-49': 83.4, '50-54': 77.6, '55-59': 72.2, '60-64': 82.4, '65-69': 94.4, '70-74': 84.0, '75-79': 88.4, '80-84': 90.0, '85-89': 85.8, '90-94': 92.6, '95-99': 82.0, 'old': 86.09, 'new': 82.0}
2024-10-03 13:11:18,870 [trainer.py] => CNN top1 curve: [99.4, 98.2, 97.27, 96.45, 96.32, 94.9, 93.37, 93.08, 92.33, 90.94, 90.0, 89.95, 89.35, 89.31, 88.4, 86.92, 86.47, 86.22, 86.36, 85.89]
2024-10-03 13:11:18,870 [trainer.py] => CNN top5 curve: [100.0, 100.0, 99.73, 99.5, 99.4, 99.37, 99.37, 99.3, 99.16, 99.04, 99.04, 98.88, 98.89, 98.87, 98.85, 98.8, 98.73, 98.56, 98.53, 98.37]

2024-10-03 13:11:18,870 [trainer.py] => Average Accuracy (CNN): 91.5565 

