Lmod has detected the following error: The following module(s) are unknown:
"anaconda"

Please check the spelling or version number. Also try "module spider ..."
It is also possible your cache file is out-of-date; it may help to try:
  $ module --ignore_cache load "anaconda"

Also make sure that all modulefiles written in TCL start with the string
#%Module




CondaError: Run 'conda init' before 'conda activate'

2024-12-11 02:41:03,704 [trainer.py] => config: ./exps/ease_vtab_in21k.json
2024-12-11 02:41:03,705 [trainer.py] => prefix:  
2024-12-11 02:41:03,705 [trainer.py] => dataset: vtab
2024-12-11 02:41:03,705 [trainer.py] => memory_size: 0
2024-12-11 02:41:03,705 [trainer.py] => memory_per_class: 0
2024-12-11 02:41:03,705 [trainer.py] => fixed_memory: False
2024-12-11 02:41:03,705 [trainer.py] => shuffle: False
2024-12-11 02:41:03,705 [trainer.py] => init_cls: 10
2024-12-11 02:41:03,705 [trainer.py] => increment: 10
2024-12-11 02:41:03,706 [trainer.py] => model_name: ease
2024-12-11 02:41:03,706 [trainer.py] => backbone_type: vit_base_patch16_224_in21k_ease
2024-12-11 02:41:03,706 [trainer.py] => device: [device(type='cuda', index=0)]
2024-12-11 02:41:03,706 [trainer.py] => seed: 1993
2024-12-11 02:41:03,706 [trainer.py] => init_epochs: 45
2024-12-11 02:41:03,706 [trainer.py] => init_lr: 0.03
2024-12-11 02:41:03,706 [trainer.py] => later_epochs: 45
2024-12-11 02:41:03,706 [trainer.py] => later_lr: 0.03
2024-12-11 02:41:03,706 [trainer.py] => batch_size: 16
2024-12-11 02:41:03,706 [trainer.py] => weight_decay: 0.005
2024-12-11 02:41:03,706 [trainer.py] => min_lr: 0
2024-12-11 02:41:03,707 [trainer.py] => optimizer: sgd
2024-12-11 02:41:03,707 [trainer.py] => scheduler: cosine
2024-12-11 02:41:03,707 [trainer.py] => pretrained: True
2024-12-11 02:41:03,707 [trainer.py] => vpt_type: Deep
2024-12-11 02:41:03,707 [trainer.py] => prompt_token_num: 5
2024-12-11 02:41:03,707 [trainer.py] => ffn_num: 16
2024-12-11 02:41:03,707 [trainer.py] => use_diagonal: False
2024-12-11 02:41:03,707 [trainer.py] => recalc_sim: True
2024-12-11 02:41:03,707 [trainer.py] => alpha: 0.1
2024-12-11 02:41:03,707 [trainer.py] => use_init_ptm: False
2024-12-11 02:41:03,707 [trainer.py] => beta: 0
2024-12-11 02:41:03,707 [trainer.py] => use_old_data: False
2024-12-11 02:41:03,708 [trainer.py] => use_reweight: True
2024-12-11 02:41:03,708 [trainer.py] => moni_adam: False
2024-12-11 02:41:03,708 [trainer.py] => adapter_num: -1
{'10': 0, '11': 1, '12': 2, '13': 3, '14': 4, '15': 5, '16': 6, '17': 7, '18': 8, '19': 9, '20': 10, '21': 11, '22': 12, '23': 13, '24': 14, '25': 15, '26': 16, '27': 17, '28': 18, '29': 19, '30': 20, '31': 21, '32': 22, '33': 23, '34': 24, '35': 25, '36': 26, '37': 27, '38': 28, '39': 29, '40': 30, '41': 31, '42': 32, '43': 33, '44': 34, '45': 35, '46': 36, '47': 37, '48': 38, '49': 39, '50': 40, '51': 41, '52': 42, '53': 43, '54': 44, '55': 45, '56': 46, '57': 47, '58': 48, '59': 49}
{'10': 0, '11': 1, '12': 2, '13': 3, '14': 4, '15': 5, '16': 6, '17': 7, '18': 8, '19': 9, '20': 10, '21': 11, '22': 12, '23': 13, '24': 14, '25': 15, '26': 16, '27': 17, '28': 18, '29': 19, '30': 20, '31': 21, '32': 22, '33': 23, '34': 24, '35': 25, '36': 26, '37': 27, '38': 28, '39': 29, '40': 30, '41': 31, '42': 32, '43': 33, '44': 34, '45': 35, '46': 36, '47': 37, '48': 38, '49': 39, '50': 40, '51': 41, '52': 42, '53': 43, '54': 44, '55': 45, '56': 46, '57': 47, '58': 48, '59': 49}
2024-12-11 02:41:03,937 [data_manager.py] => [0, 1, 2, 3, 4, 5, 6, 7, 8, 9, 10, 11, 12, 13, 14, 15, 16, 17, 18, 19, 20, 21, 22, 23, 24, 25, 26, 27, 28, 29, 30, 31, 32, 33, 34, 35, 36, 37, 38, 39, 40, 41, 42, 43, 44, 45, 46, 47, 48, 49]
/csehome/b22ai061/.conda/envs/Easeenv/lib/python3.12/site-packages/timm/models/layers/__init__.py:48: FutureWarning: Importing from timm.models.layers is deprecated, please import via timm.layers
  warnings.warn(f"Importing from {__name__} is deprecated, please import via timm.layers", FutureWarning)
/csehome/b22ai061/.conda/envs/Easeenv/lib/python3.12/site-packages/timm/models/_factory.py:117: UserWarning: Mapping deprecated model name vit_base_patch16_224_in21k to current vit_base_patch16_224.augreg_in21k.
  model = create_fn(
This is for the BaseNet initialization.
I'm using ViT with adapters and improved logic.
2024-12-11 02:41:09,448 [_builder.py] => Loading pretrained weights from Hugging Face hub (timm/vit_base_patch16_224.augreg_in21k)
2024-12-11 02:41:10,534 [_hub.py] => [timm/vit_base_patch16_224.augreg_in21k] Safe alternative available for 'pytorch_model.bin' (as 'model.safetensors'). Loading weights using safetensors.
_IncompatibleKeys(missing_keys=['cur_adapter.0.down_proj.weight', 'cur_adapter.0.down_proj.bias', 'cur_adapter.0.up_proj.weight', 'cur_adapter.0.up_proj.bias', 'cur_adapter.1.down_proj.weight', 'cur_adapter.1.down_proj.bias', 'cur_adapter.1.up_proj.weight', 'cur_adapter.1.up_proj.bias', 'cur_adapter.2.down_proj.weight', 'cur_adapter.2.down_proj.bias', 'cur_adapter.2.up_proj.weight', 'cur_adapter.2.up_proj.bias', 'cur_adapter.3.down_proj.weight', 'cur_adapter.3.down_proj.bias', 'cur_adapter.3.up_proj.weight', 'cur_adapter.3.up_proj.bias', 'cur_adapter.4.down_proj.weight', 'cur_adapter.4.down_proj.bias', 'cur_adapter.4.up_proj.weight', 'cur_adapter.4.up_proj.bias', 'cur_adapter.5.down_proj.weight', 'cur_adapter.5.down_proj.bias', 'cur_adapter.5.up_proj.weight', 'cur_adapter.5.up_proj.bias', 'cur_adapter.6.down_proj.weight', 'cur_adapter.6.down_proj.bias', 'cur_adapter.6.up_proj.weight', 'cur_adapter.6.up_proj.bias', 'cur_adapter.7.down_proj.weight', 'cur_adapter.7.down_proj.bias', 'cur_adapter.7.up_proj.weight', 'cur_adapter.7.up_proj.bias', 'cur_adapter.8.down_proj.weight', 'cur_adapter.8.down_proj.bias', 'cur_adapter.8.up_proj.weight', 'cur_adapter.8.up_proj.bias', 'cur_adapter.9.down_proj.weight', 'cur_adapter.9.down_proj.bias', 'cur_adapter.9.up_proj.weight', 'cur_adapter.9.up_proj.bias', 'cur_adapter.10.down_proj.weight', 'cur_adapter.10.down_proj.bias', 'cur_adapter.10.up_proj.weight', 'cur_adapter.10.up_proj.bias', 'cur_adapter.11.down_proj.weight', 'cur_adapter.11.down_proj.bias', 'cur_adapter.11.up_proj.weight', 'cur_adapter.11.up_proj.bias'], unexpected_keys=[])
After BaseNet initialization.
2024-12-11 02:41:10,650 [trainer.py] => All params: 86102976
2024-12-11 02:41:10,651 [trainer.py] => Trainable params: 304320
2024-12-11 02:41:10,658 [ease.py] => Learning on 0-10
/csehome/b22ai061/.conda/envs/Easeenv/lib/python3.12/site-packages/torch/utils/data/dataloader.py:557: UserWarning: This DataLoader will create 8 worker processes in total. Our suggested max number of worker in current system is 2, which is smaller than what this DataLoader is going to create. Please be aware that excessive worker creation might get DataLoader running slow or even freeze, lower the worker number to avoid potential slowness/freeze if necessary.
  warnings.warn(_create_warning_msg(

  0%|          | 0/45 [00:00<?, ?it/s]
Task 0, Epoch 1/45 => Loss 2.276, Train_accy 26.24:   0%|          | 0/45 [00:04<?, ?it/s]
Task 0, Epoch 1/45 => Loss 2.276, Train_accy 26.24:   2%|▏         | 1/45 [00:04<03:28,  4.74s/it]
Task 0, Epoch 2/45 => Loss 2.112, Train_accy 61.54:   2%|▏         | 1/45 [00:08<03:28,  4.74s/it]
Task 0, Epoch 2/45 => Loss 2.112, Train_accy 61.54:   4%|▍         | 2/45 [00:08<03:04,  4.29s/it]
Task 0, Epoch 3/45 => Loss 1.849, Train_accy 77.83:   4%|▍         | 2/45 [00:12<03:04,  4.29s/it]
Task 0, Epoch 3/45 => Loss 1.849, Train_accy 77.83:   7%|▋         | 3/45 [00:12<02:53,  4.14s/it]
Task 0, Epoch 4/45 => Loss 1.554, Train_accy 82.35:   7%|▋         | 3/45 [00:16<02:53,  4.14s/it]
Task 0, Epoch 4/45 => Loss 1.554, Train_accy 82.35:   9%|▉         | 4/45 [00:16<02:46,  4.06s/it]
Task 0, Epoch 5/45 => Loss 1.260, Train_accy 88.69:   9%|▉         | 4/45 [00:20<02:46,  4.06s/it]
Task 0, Epoch 5/45 => Loss 1.260, Train_accy 88.69:  11%|█         | 5/45 [00:20<02:40,  4.02s/it]
Task 0, Epoch 6/45 => Loss 1.054, Train_accy 88.69:  11%|█         | 5/45 [00:24<02:40,  4.02s/it]
Task 0, Epoch 6/45 => Loss 1.054, Train_accy 88.69:  13%|█▎        | 6/45 [00:24<02:36,  4.01s/it]
Task 0, Epoch 7/45 => Loss 0.894, Train_accy 88.69:  13%|█▎        | 6/45 [00:28<02:36,  4.01s/it]
Task 0, Epoch 7/45 => Loss 0.894, Train_accy 88.69:  16%|█▌        | 7/45 [00:28<02:31,  3.99s/it]
Task 0, Epoch 8/45 => Loss 0.842, Train_accy 85.97:  16%|█▌        | 7/45 [00:32<02:31,  3.99s/it]
Task 0, Epoch 8/45 => Loss 0.842, Train_accy 85.97:  18%|█▊        | 8/45 [00:32<02:28,  4.00s/it]
Task 0, Epoch 9/45 => Loss 0.700, Train_accy 90.50:  18%|█▊        | 8/45 [00:36<02:28,  4.00s/it]
Task 0, Epoch 9/45 => Loss 0.700, Train_accy 90.50:  20%|██        | 9/45 [00:36<02:24,  4.02s/it]
Task 0, Epoch 10/45 => Loss 0.573, Train_accy 93.21:  20%|██        | 9/45 [00:40<02:24,  4.02s/it]
Task 0, Epoch 10/45 => Loss 0.573, Train_accy 93.21:  22%|██▏       | 10/45 [00:40<02:20,  4.02s/it]
Task 0, Epoch 11/45 => Loss 0.532, Train_accy 93.21:  22%|██▏       | 10/45 [00:44<02:20,  4.02s/it]
Task 0, Epoch 11/45 => Loss 0.532, Train_accy 93.21:  24%|██▍       | 11/45 [00:44<02:16,  4.02s/it]
Task 0, Epoch 12/45 => Loss 0.484, Train_accy 92.31:  24%|██▍       | 11/45 [00:48<02:16,  4.02s/it]
Task 0, Epoch 12/45 => Loss 0.484, Train_accy 92.31:  27%|██▋       | 12/45 [00:48<02:13,  4.03s/it]
Task 0, Epoch 13/45 => Loss 0.443, Train_accy 95.02:  27%|██▋       | 12/45 [00:52<02:13,  4.03s/it]
Task 0, Epoch 13/45 => Loss 0.443, Train_accy 95.02:  29%|██▉       | 13/45 [00:52<02:08,  4.01s/it]
Task 0, Epoch 14/45 => Loss 0.389, Train_accy 94.57:  29%|██▉       | 13/45 [00:56<02:08,  4.01s/it]
Task 0, Epoch 14/45 => Loss 0.389, Train_accy 94.57:  31%|███       | 14/45 [00:56<02:04,  4.03s/it]
Task 0, Epoch 15/45 => Loss 0.414, Train_accy 95.02:  31%|███       | 14/45 [01:00<02:04,  4.03s/it]
Task 0, Epoch 15/45 => Loss 0.414, Train_accy 95.02:  33%|███▎      | 15/45 [01:00<02:00,  4.00s/it]
Task 0, Epoch 16/45 => Loss 0.343, Train_accy 95.93:  33%|███▎      | 15/45 [01:04<02:00,  4.00s/it]
Task 0, Epoch 16/45 => Loss 0.343, Train_accy 95.93:  36%|███▌      | 16/45 [01:04<01:55,  3.99s/it]
Task 0, Epoch 17/45 => Loss 0.371, Train_accy 95.48:  36%|███▌      | 16/45 [01:08<01:55,  3.99s/it]
Task 0, Epoch 17/45 => Loss 0.371, Train_accy 95.48:  38%|███▊      | 17/45 [01:08<01:51,  3.97s/it]
Task 0, Epoch 18/45 => Loss 0.350, Train_accy 95.02:  38%|███▊      | 17/45 [01:12<01:51,  3.97s/it]
Task 0, Epoch 18/45 => Loss 0.350, Train_accy 95.02:  40%|████      | 18/45 [01:12<01:47,  3.97s/it]
Task 0, Epoch 19/45 => Loss 0.310, Train_accy 95.93:  40%|████      | 18/45 [01:16<01:47,  3.97s/it]
Task 0, Epoch 19/45 => Loss 0.310, Train_accy 95.93:  42%|████▏     | 19/45 [01:16<01:43,  3.98s/it]
Task 0, Epoch 20/45 => Loss 0.284, Train_accy 96.38:  42%|████▏     | 19/45 [01:20<01:43,  3.98s/it]
Task 0, Epoch 20/45 => Loss 0.284, Train_accy 96.38:  44%|████▍     | 20/45 [01:20<01:39,  3.96s/it]
Task 0, Epoch 21/45 => Loss 0.254, Train_accy 97.74:  44%|████▍     | 20/45 [01:24<01:39,  3.96s/it]
Task 0, Epoch 21/45 => Loss 0.254, Train_accy 97.74:  47%|████▋     | 21/45 [01:24<01:36,  4.01s/it]
Task 0, Epoch 22/45 => Loss 0.267, Train_accy 96.38:  47%|████▋     | 21/45 [01:28<01:36,  4.01s/it]
Task 0, Epoch 22/45 => Loss 0.267, Train_accy 96.38:  49%|████▉     | 22/45 [01:28<01:31,  3.97s/it]
Task 0, Epoch 23/45 => Loss 0.254, Train_accy 97.29:  49%|████▉     | 22/45 [01:32<01:31,  3.97s/it]
Task 0, Epoch 23/45 => Loss 0.254, Train_accy 97.29:  51%|█████     | 23/45 [01:32<01:28,  4.02s/it]
Task 0, Epoch 24/45 => Loss 0.267, Train_accy 95.48:  51%|█████     | 23/45 [01:36<01:28,  4.02s/it]
Task 0, Epoch 24/45 => Loss 0.267, Train_accy 95.48:  53%|█████▎    | 24/45 [01:36<01:24,  4.02s/it]
Task 0, Epoch 25/45 => Loss 0.236, Train_accy 97.29:  53%|█████▎    | 24/45 [01:40<01:24,  4.02s/it]
Task 0, Epoch 25/45 => Loss 0.236, Train_accy 97.29:  56%|█████▌    | 25/45 [01:40<01:17,  3.90s/it]
Task 0, Epoch 26/45 => Loss 0.277, Train_accy 95.48:  56%|█████▌    | 25/45 [01:44<01:17,  3.90s/it]
Task 0, Epoch 26/45 => Loss 0.277, Train_accy 95.48:  58%|█████▊    | 26/45 [01:44<01:14,  3.91s/it]
Task 0, Epoch 27/45 => Loss 0.261, Train_accy 95.93:  58%|█████▊    | 26/45 [01:48<01:14,  3.91s/it]
Task 0, Epoch 27/45 => Loss 0.261, Train_accy 95.93:  60%|██████    | 27/45 [01:48<01:10,  3.94s/it]
Task 0, Epoch 28/45 => Loss 0.217, Train_accy 97.74:  60%|██████    | 27/45 [01:52<01:10,  3.94s/it]
Task 0, Epoch 28/45 => Loss 0.217, Train_accy 97.74:  62%|██████▏   | 28/45 [01:52<01:07,  3.99s/it]
Task 0, Epoch 29/45 => Loss 0.192, Train_accy 99.55:  62%|██████▏   | 28/45 [01:56<01:07,  3.99s/it]
Task 0, Epoch 29/45 => Loss 0.192, Train_accy 99.55:  64%|██████▍   | 29/45 [01:56<01:03,  3.98s/it]
Task 0, Epoch 30/45 => Loss 0.200, Train_accy 98.19:  64%|██████▍   | 29/45 [02:00<01:03,  3.98s/it]
Task 0, Epoch 30/45 => Loss 0.200, Train_accy 98.19:  67%|██████▋   | 30/45 [02:00<00:59,  3.98s/it]
Task 0, Epoch 31/45 => Loss 0.214, Train_accy 97.74:  67%|██████▋   | 30/45 [02:04<00:59,  3.98s/it]
Task 0, Epoch 31/45 => Loss 0.214, Train_accy 97.74:  69%|██████▉   | 31/45 [02:04<00:55,  3.99s/it]
Task 0, Epoch 32/45 => Loss 0.204, Train_accy 98.64:  69%|██████▉   | 31/45 [02:08<00:55,  3.99s/it]
Task 0, Epoch 32/45 => Loss 0.204, Train_accy 98.64:  71%|███████   | 32/45 [02:08<00:52,  4.01s/it]
Task 0, Epoch 33/45 => Loss 0.231, Train_accy 95.48:  71%|███████   | 32/45 [02:12<00:52,  4.01s/it]
Task 0, Epoch 33/45 => Loss 0.231, Train_accy 95.48:  73%|███████▎  | 33/45 [02:12<00:47,  3.98s/it]
Task 0, Epoch 34/45 => Loss 0.219, Train_accy 97.74:  73%|███████▎  | 33/45 [02:16<00:47,  3.98s/it]
Task 0, Epoch 34/45 => Loss 0.219, Train_accy 97.74:  76%|███████▌  | 34/45 [02:16<00:44,  4.01s/it]
Task 0, Epoch 35/45 => Loss 0.186, Train_accy 98.64:  76%|███████▌  | 34/45 [02:20<00:44,  4.01s/it]
Task 0, Epoch 35/45 => Loss 0.186, Train_accy 98.64:  78%|███████▊  | 35/45 [02:20<00:40,  4.04s/it]
Task 0, Epoch 36/45 => Loss 0.199, Train_accy 97.74:  78%|███████▊  | 35/45 [02:24<00:40,  4.04s/it]
Task 0, Epoch 36/45 => Loss 0.199, Train_accy 97.74:  80%|████████  | 36/45 [02:24<00:36,  4.06s/it]
Task 0, Epoch 37/45 => Loss 0.234, Train_accy 96.83:  80%|████████  | 36/45 [02:28<00:36,  4.06s/it]
Task 0, Epoch 37/45 => Loss 0.234, Train_accy 96.83:  82%|████████▏ | 37/45 [02:28<00:32,  4.04s/it]
Task 0, Epoch 38/45 => Loss 0.204, Train_accy 98.19:  82%|████████▏ | 37/45 [02:32<00:32,  4.04s/it]
Task 0, Epoch 38/45 => Loss 0.204, Train_accy 98.19:  84%|████████▍ | 38/45 [02:32<00:28,  4.03s/it]
Task 0, Epoch 39/45 => Loss 0.222, Train_accy 98.19:  84%|████████▍ | 38/45 [02:36<00:28,  4.03s/it]
Task 0, Epoch 39/45 => Loss 0.222, Train_accy 98.19:  87%|████████▋ | 39/45 [02:36<00:24,  4.06s/it]
Task 0, Epoch 40/45 => Loss 0.183, Train_accy 98.64:  87%|████████▋ | 39/45 [02:40<00:24,  4.06s/it]
Task 0, Epoch 40/45 => Loss 0.183, Train_accy 98.64:  89%|████████▉ | 40/45 [02:40<00:20,  4.03s/it]
Task 0, Epoch 41/45 => Loss 0.265, Train_accy 94.12:  89%|████████▉ | 40/45 [02:44<00:20,  4.03s/it]
Task 0, Epoch 41/45 => Loss 0.265, Train_accy 94.12:  91%|█████████ | 41/45 [02:44<00:16,  4.05s/it]
Task 0, Epoch 42/45 => Loss 0.212, Train_accy 97.29:  91%|█████████ | 41/45 [02:48<00:16,  4.05s/it]
Task 0, Epoch 42/45 => Loss 0.212, Train_accy 97.29:  93%|█████████▎| 42/45 [02:48<00:12,  4.03s/it]
Task 0, Epoch 43/45 => Loss 0.216, Train_accy 96.83:  93%|█████████▎| 42/45 [02:52<00:12,  4.03s/it]
Task 0, Epoch 43/45 => Loss 0.216, Train_accy 96.83:  96%|█████████▌| 43/45 [02:52<00:08,  4.07s/it]
Task 0, Epoch 44/45 => Loss 0.215, Train_accy 96.83:  96%|█████████▌| 43/45 [02:56<00:08,  4.07s/it]
Task 0, Epoch 44/45 => Loss 0.215, Train_accy 96.83:  98%|█████████▊| 44/45 [02:56<00:04,  4.07s/it]
Task 0, Epoch 45/45 => Loss 0.254, Train_accy 96.83:  98%|█████████▊| 44/45 [03:01<00:04,  4.07s/it]
Task 0, Epoch 45/45 => Loss 0.254, Train_accy 96.83: 100%|██████████| 45/45 [03:01<00:00,  4.14s/it]
Task 0, Epoch 45/45 => Loss 0.254, Train_accy 96.83: 100%|██████████| 45/45 [03:01<00:00,  4.03s/it]
2024-12-11 02:44:11,886 [ease.py] => Task 0, Epoch 45/45 => Loss 0.254, Train_accy 96.83
2024-12-11 02:44:23,496 [trainer.py] => No NME accuracy.
2024-12-11 02:44:23,497 [trainer.py] => CNN: {'total': 96.2, '00-09': 96.2, 'old': 0, 'new': 96.2}
2024-12-11 02:44:23,497 [trainer.py] => CNN top1 curve: [96.2]
2024-12-11 02:44:23,497 [trainer.py] => CNN top5 curve: [99.8]

Average Accuracy (CNN): 96.2
2024-12-11 02:44:23,497 [trainer.py] => Average Accuracy (CNN): 96.2 

2024-12-11 02:44:23,497 [trainer.py] => All params: 86118338
2024-12-11 02:44:23,498 [trainer.py] => Trainable params: 304320
2024-12-11 02:44:23,499 [ease.py] => Learning on 10-20

  0%|          | 0/45 [00:00<?, ?it/s]
Task 1, Epoch 1/45 => Loss 2.279, Train_accy 28.90:   0%|          | 0/45 [00:04<?, ?it/s]
Task 1, Epoch 1/45 => Loss 2.279, Train_accy 28.90:   2%|▏         | 1/45 [00:04<03:03,  4.18s/it]
Task 1, Epoch 2/45 => Loss 2.118, Train_accy 72.94:   2%|▏         | 1/45 [00:08<03:03,  4.18s/it]
Task 1, Epoch 2/45 => Loss 2.118, Train_accy 72.94:   4%|▍         | 2/45 [00:08<02:59,  4.17s/it]
Task 1, Epoch 3/45 => Loss 1.807, Train_accy 83.49:   4%|▍         | 2/45 [00:12<02:59,  4.17s/it]
Task 1, Epoch 3/45 => Loss 1.807, Train_accy 83.49:   7%|▋         | 3/45 [00:12<02:51,  4.09s/it]
Task 1, Epoch 4/45 => Loss 1.374, Train_accy 91.28:   7%|▋         | 3/45 [00:16<02:51,  4.09s/it]
Task 1, Epoch 4/45 => Loss 1.374, Train_accy 91.28:   9%|▉         | 4/45 [00:16<02:46,  4.06s/it]
Task 1, Epoch 5/45 => Loss 0.978, Train_accy 94.50:   9%|▉         | 4/45 [00:20<02:46,  4.06s/it]
Task 1, Epoch 5/45 => Loss 0.978, Train_accy 94.50:  11%|█         | 5/45 [00:20<02:44,  4.10s/it]
Task 1, Epoch 6/45 => Loss 0.698, Train_accy 94.50:  11%|█         | 5/45 [00:24<02:44,  4.10s/it]
Task 1, Epoch 6/45 => Loss 0.698, Train_accy 94.50:  13%|█▎        | 6/45 [00:24<02:41,  4.13s/it]
Task 1, Epoch 7/45 => Loss 0.561, Train_accy 95.41:  13%|█▎        | 6/45 [00:28<02:41,  4.13s/it]
Task 1, Epoch 7/45 => Loss 0.561, Train_accy 95.41:  16%|█▌        | 7/45 [00:28<02:37,  4.14s/it]
Task 1, Epoch 8/45 => Loss 0.460, Train_accy 97.71:  16%|█▌        | 7/45 [00:32<02:37,  4.14s/it]
Task 1, Epoch 8/45 => Loss 0.460, Train_accy 97.71:  18%|█▊        | 8/45 [00:32<02:32,  4.13s/it]
Task 1, Epoch 9/45 => Loss 0.383, Train_accy 97.71:  18%|█▊        | 8/45 [00:37<02:32,  4.13s/it]
Task 1, Epoch 9/45 => Loss 0.383, Train_accy 97.71:  20%|██        | 9/45 [00:37<02:29,  4.15s/it]
Task 1, Epoch 10/45 => Loss 0.351, Train_accy 97.71:  20%|██        | 9/45 [00:41<02:29,  4.15s/it]
Task 1, Epoch 10/45 => Loss 0.351, Train_accy 97.71:  22%|██▏       | 10/45 [00:41<02:25,  4.15s/it]
Task 1, Epoch 11/45 => Loss 0.316, Train_accy 98.17:  22%|██▏       | 10/45 [00:45<02:25,  4.15s/it]
Task 1, Epoch 11/45 => Loss 0.316, Train_accy 98.17:  24%|██▍       | 11/45 [00:45<02:19,  4.11s/it]
Task 1, Epoch 12/45 => Loss 0.283, Train_accy 98.17:  24%|██▍       | 11/45 [00:49<02:19,  4.11s/it]
Task 1, Epoch 12/45 => Loss 0.283, Train_accy 98.17:  27%|██▋       | 12/45 [00:49<02:15,  4.12s/it]
Task 1, Epoch 13/45 => Loss 0.259, Train_accy 98.62:  27%|██▋       | 12/45 [00:53<02:15,  4.12s/it]
Task 1, Epoch 13/45 => Loss 0.259, Train_accy 98.62:  29%|██▉       | 13/45 [00:53<02:11,  4.10s/it]
Task 1, Epoch 14/45 => Loss 0.236, Train_accy 100.00:  29%|██▉       | 13/45 [00:57<02:11,  4.10s/it]
Task 1, Epoch 14/45 => Loss 0.236, Train_accy 100.00:  31%|███       | 14/45 [00:57<02:07,  4.10s/it]
Task 1, Epoch 15/45 => Loss 0.212, Train_accy 99.54:  31%|███       | 14/45 [01:01<02:07,  4.10s/it] 
Task 1, Epoch 15/45 => Loss 0.212, Train_accy 99.54:  33%|███▎      | 15/45 [01:01<02:01,  4.05s/it]
Task 1, Epoch 16/45 => Loss 0.207, Train_accy 98.62:  33%|███▎      | 15/45 [01:05<02:01,  4.05s/it]
Task 1, Epoch 16/45 => Loss 0.207, Train_accy 98.62:  36%|███▌      | 16/45 [01:05<01:57,  4.05s/it]
Task 1, Epoch 17/45 => Loss 0.212, Train_accy 99.08:  36%|███▌      | 16/45 [01:09<01:57,  4.05s/it]
Task 1, Epoch 17/45 => Loss 0.212, Train_accy 99.08:  38%|███▊      | 17/45 [01:09<01:55,  4.12s/it]
Task 1, Epoch 18/45 => Loss 0.191, Train_accy 98.62:  38%|███▊      | 17/45 [01:14<01:55,  4.12s/it]
Task 1, Epoch 18/45 => Loss 0.191, Train_accy 98.62:  40%|████      | 18/45 [01:14<01:51,  4.12s/it]
Task 1, Epoch 19/45 => Loss 0.175, Train_accy 99.54:  40%|████      | 18/45 [01:18<01:51,  4.12s/it]
Task 1, Epoch 19/45 => Loss 0.175, Train_accy 99.54:  42%|████▏     | 19/45 [01:18<01:47,  4.15s/it]
Task 1, Epoch 20/45 => Loss 0.179, Train_accy 99.08:  42%|████▏     | 19/45 [01:22<01:47,  4.15s/it]
Task 1, Epoch 20/45 => Loss 0.179, Train_accy 99.08:  44%|████▍     | 20/45 [01:22<01:44,  4.20s/it]
Task 1, Epoch 21/45 => Loss 0.179, Train_accy 99.08:  44%|████▍     | 20/45 [01:26<01:44,  4.20s/it]
Task 1, Epoch 21/45 => Loss 0.179, Train_accy 99.08:  47%|████▋     | 21/45 [01:26<01:40,  4.17s/it]
Task 1, Epoch 22/45 => Loss 0.174, Train_accy 99.08:  47%|████▋     | 21/45 [01:30<01:40,  4.17s/it]
Task 1, Epoch 22/45 => Loss 0.174, Train_accy 99.08:  49%|████▉     | 22/45 [01:30<01:35,  4.17s/it]
Task 1, Epoch 23/45 => Loss 0.177, Train_accy 98.62:  49%|████▉     | 22/45 [01:35<01:35,  4.17s/it]
Task 1, Epoch 23/45 => Loss 0.177, Train_accy 98.62:  51%|█████     | 23/45 [01:35<01:31,  4.18s/it]
Task 1, Epoch 24/45 => Loss 0.168, Train_accy 99.54:  51%|█████     | 23/45 [01:39<01:31,  4.18s/it]
Task 1, Epoch 24/45 => Loss 0.168, Train_accy 99.54:  53%|█████▎    | 24/45 [01:39<01:27,  4.17s/it]
Task 1, Epoch 25/45 => Loss 0.152, Train_accy 99.54:  53%|█████▎    | 24/45 [01:43<01:27,  4.17s/it]
Task 1, Epoch 25/45 => Loss 0.152, Train_accy 99.54:  56%|█████▌    | 25/45 [01:43<01:23,  4.19s/it]
Task 1, Epoch 26/45 => Loss 0.170, Train_accy 100.00:  56%|█████▌    | 25/45 [01:47<01:23,  4.19s/it]
Task 1, Epoch 26/45 => Loss 0.170, Train_accy 100.00:  58%|█████▊    | 26/45 [01:47<01:19,  4.19s/it]
Task 1, Epoch 27/45 => Loss 0.164, Train_accy 99.08:  58%|█████▊    | 26/45 [01:51<01:19,  4.19s/it] 
Task 1, Epoch 27/45 => Loss 0.164, Train_accy 99.08:  60%|██████    | 27/45 [01:51<01:15,  4.18s/it]
Task 1, Epoch 28/45 => Loss 0.155, Train_accy 100.00:  60%|██████    | 27/45 [01:56<01:15,  4.18s/it]
Task 1, Epoch 28/45 => Loss 0.155, Train_accy 100.00:  62%|██████▏   | 28/45 [01:56<01:11,  4.21s/it]
Task 1, Epoch 29/45 => Loss 0.154, Train_accy 99.54:  62%|██████▏   | 28/45 [02:00<01:11,  4.21s/it] 
Task 1, Epoch 29/45 => Loss 0.154, Train_accy 99.54:  64%|██████▍   | 29/45 [02:00<01:07,  4.20s/it]
Task 1, Epoch 30/45 => Loss 0.143, Train_accy 99.54:  64%|██████▍   | 29/45 [02:04<01:07,  4.20s/it]
Task 1, Epoch 30/45 => Loss 0.143, Train_accy 99.54:  67%|██████▋   | 30/45 [02:04<01:02,  4.20s/it]
Task 1, Epoch 31/45 => Loss 0.140, Train_accy 99.08:  67%|██████▋   | 30/45 [02:08<01:02,  4.20s/it]
Task 1, Epoch 31/45 => Loss 0.140, Train_accy 99.08:  69%|██████▉   | 31/45 [02:08<00:59,  4.24s/it]
Task 1, Epoch 32/45 => Loss 0.138, Train_accy 100.00:  69%|██████▉   | 31/45 [02:13<00:59,  4.24s/it]
Task 1, Epoch 32/45 => Loss 0.138, Train_accy 100.00:  71%|███████   | 32/45 [02:13<00:55,  4.27s/it]
Task 1, Epoch 33/45 => Loss 0.130, Train_accy 100.00:  71%|███████   | 32/45 [02:17<00:55,  4.27s/it]
Task 1, Epoch 33/45 => Loss 0.130, Train_accy 100.00:  73%|███████▎  | 33/45 [02:17<00:51,  4.27s/it]
Task 1, Epoch 34/45 => Loss 0.150, Train_accy 99.54:  73%|███████▎  | 33/45 [02:21<00:51,  4.27s/it] 
Task 1, Epoch 34/45 => Loss 0.150, Train_accy 99.54:  76%|███████▌  | 34/45 [02:21<00:47,  4.29s/it]
Task 1, Epoch 35/45 => Loss 0.132, Train_accy 99.54:  76%|███████▌  | 34/45 [02:26<00:47,  4.29s/it]
Task 1, Epoch 35/45 => Loss 0.132, Train_accy 99.54:  78%|███████▊  | 35/45 [02:26<00:42,  4.30s/it]
Task 1, Epoch 36/45 => Loss 0.127, Train_accy 100.00:  78%|███████▊  | 35/45 [02:30<00:42,  4.30s/it]
Task 1, Epoch 36/45 => Loss 0.127, Train_accy 100.00:  80%|████████  | 36/45 [02:30<00:38,  4.31s/it]
Task 1, Epoch 37/45 => Loss 0.126, Train_accy 100.00:  80%|████████  | 36/45 [02:34<00:38,  4.31s/it]
Task 1, Epoch 37/45 => Loss 0.126, Train_accy 100.00:  82%|████████▏ | 37/45 [02:34<00:34,  4.29s/it]
Task 1, Epoch 38/45 => Loss 0.136, Train_accy 99.54:  82%|████████▏ | 37/45 [02:38<00:34,  4.29s/it] 
Task 1, Epoch 38/45 => Loss 0.136, Train_accy 99.54:  84%|████████▍ | 38/45 [02:38<00:30,  4.29s/it]
Task 1, Epoch 39/45 => Loss 0.143, Train_accy 99.08:  84%|████████▍ | 38/45 [02:43<00:30,  4.29s/it]
Task 1, Epoch 39/45 => Loss 0.143, Train_accy 99.08:  87%|████████▋ | 39/45 [02:43<00:25,  4.30s/it]
Task 1, Epoch 40/45 => Loss 0.131, Train_accy 100.00:  87%|████████▋ | 39/45 [02:47<00:25,  4.30s/it]
Task 1, Epoch 40/45 => Loss 0.131, Train_accy 100.00:  89%|████████▉ | 40/45 [02:47<00:21,  4.30s/it]
Task 1, Epoch 41/45 => Loss 0.160, Train_accy 98.62:  89%|████████▉ | 40/45 [02:51<00:21,  4.30s/it] 
Task 1, Epoch 41/45 => Loss 0.160, Train_accy 98.62:  91%|█████████ | 41/45 [02:51<00:17,  4.28s/it]
Task 1, Epoch 42/45 => Loss 0.130, Train_accy 100.00:  91%|█████████ | 41/45 [02:56<00:17,  4.28s/it]
Task 1, Epoch 42/45 => Loss 0.130, Train_accy 100.00:  93%|█████████▎| 42/45 [02:56<00:12,  4.29s/it]
Task 1, Epoch 43/45 => Loss 0.138, Train_accy 99.54:  93%|█████████▎| 42/45 [03:00<00:12,  4.29s/it] 
Task 1, Epoch 43/45 => Loss 0.138, Train_accy 99.54:  96%|█████████▌| 43/45 [03:00<00:08,  4.30s/it]
Task 1, Epoch 44/45 => Loss 0.159, Train_accy 99.08:  96%|█████████▌| 43/45 [03:04<00:08,  4.30s/it]
Task 1, Epoch 44/45 => Loss 0.159, Train_accy 99.08:  98%|█████████▊| 44/45 [03:04<00:04,  4.33s/it]
Task 1, Epoch 45/45 => Loss 0.135, Train_accy 100.00:  98%|█████████▊| 44/45 [03:09<00:04,  4.33s/it]
Task 1, Epoch 45/45 => Loss 0.135, Train_accy 100.00: 100%|██████████| 45/45 [03:09<00:00,  4.34s/it]
Task 1, Epoch 45/45 => Loss 0.135, Train_accy 100.00: 100%|██████████| 45/45 [03:09<00:00,  4.20s/it]
2024-12-11 02:47:32,663 [ease.py] => Task 1, Epoch 45/45 => Loss 0.135, Train_accy 100.00
2024-12-11 02:47:56,964 [trainer.py] => No NME accuracy.
2024-12-11 02:47:56,965 [trainer.py] => CNN: {'total': 92.93, '00-09': 95.1, '10-19': 87.5, 'old': 95.1, 'new': 87.5}
2024-12-11 02:47:56,965 [trainer.py] => CNN top1 curve: [96.2, 92.93]
2024-12-11 02:47:56,965 [trainer.py] => CNN top5 curve: [99.8, 99.14]

Average Accuracy (CNN): 94.565
2024-12-11 02:47:56,965 [trainer.py] => Average Accuracy (CNN): 94.565 

2024-12-11 02:47:56,966 [trainer.py] => All params: 86141378
2024-12-11 02:47:56,966 [trainer.py] => Trainable params: 304320
2024-12-11 02:47:56,967 [ease.py] => Learning on 20-30

  0%|          | 0/45 [00:00<?, ?it/s]
Task 2, Epoch 1/45 => Loss 2.232, Train_accy 39.55:   0%|          | 0/45 [00:04<?, ?it/s]
Task 2, Epoch 1/45 => Loss 2.232, Train_accy 39.55:   2%|▏         | 1/45 [00:04<03:27,  4.71s/it]
Task 2, Epoch 2/45 => Loss 1.849, Train_accy 67.16:   2%|▏         | 1/45 [00:09<03:27,  4.71s/it]
Task 2, Epoch 2/45 => Loss 1.849, Train_accy 67.16:   4%|▍         | 2/45 [00:09<03:19,  4.65s/it]
Task 2, Epoch 3/45 => Loss 1.248, Train_accy 85.45:   4%|▍         | 2/45 [00:13<03:19,  4.65s/it]
Task 2, Epoch 3/45 => Loss 1.248, Train_accy 85.45:   7%|▋         | 3/45 [00:13<03:11,  4.56s/it]
Task 2, Epoch 4/45 => Loss 0.783, Train_accy 89.55:   7%|▋         | 3/45 [00:18<03:11,  4.56s/it]
Task 2, Epoch 4/45 => Loss 0.783, Train_accy 89.55:   9%|▉         | 4/45 [00:18<03:08,  4.59s/it]
Task 2, Epoch 5/45 => Loss 0.580, Train_accy 90.30:   9%|▉         | 4/45 [00:23<03:08,  4.59s/it]
Task 2, Epoch 5/45 => Loss 0.580, Train_accy 90.30:  11%|█         | 5/45 [00:23<03:03,  4.60s/it]
Task 2, Epoch 6/45 => Loss 0.463, Train_accy 92.54:  11%|█         | 5/45 [00:27<03:03,  4.60s/it]
Task 2, Epoch 6/45 => Loss 0.463, Train_accy 92.54:  13%|█▎        | 6/45 [00:27<03:00,  4.63s/it]
Task 2, Epoch 7/45 => Loss 0.431, Train_accy 92.16:  13%|█▎        | 6/45 [00:32<03:00,  4.63s/it]
Task 2, Epoch 7/45 => Loss 0.431, Train_accy 92.16:  16%|█▌        | 7/45 [00:32<02:57,  4.67s/it]
Task 2, Epoch 8/45 => Loss 0.424, Train_accy 91.04:  16%|█▌        | 7/45 [00:37<02:57,  4.67s/it]
Task 2, Epoch 8/45 => Loss 0.424, Train_accy 91.04:  18%|█▊        | 8/45 [00:37<02:53,  4.69s/it]
Task 2, Epoch 9/45 => Loss 0.353, Train_accy 93.66:  18%|█▊        | 8/45 [00:41<02:53,  4.69s/it]
Task 2, Epoch 9/45 => Loss 0.353, Train_accy 93.66:  20%|██        | 9/45 [00:41<02:49,  4.70s/it]
Task 2, Epoch 10/45 => Loss 0.330, Train_accy 94.03:  20%|██        | 9/45 [00:46<02:49,  4.70s/it]
Task 2, Epoch 10/45 => Loss 0.330, Train_accy 94.03:  22%|██▏       | 10/45 [00:46<02:47,  4.78s/it]
Task 2, Epoch 11/45 => Loss 0.318, Train_accy 94.78:  22%|██▏       | 10/45 [00:51<02:47,  4.78s/it]
Task 2, Epoch 11/45 => Loss 0.318, Train_accy 94.78:  24%|██▍       | 11/45 [00:51<02:41,  4.74s/it]
Task 2, Epoch 12/45 => Loss 0.291, Train_accy 96.27:  24%|██▍       | 11/45 [00:56<02:41,  4.74s/it]
Task 2, Epoch 12/45 => Loss 0.291, Train_accy 96.27:  27%|██▋       | 12/45 [00:56<02:35,  4.73s/it]
Task 2, Epoch 13/45 => Loss 0.263, Train_accy 94.40:  27%|██▋       | 12/45 [01:00<02:35,  4.73s/it]
Task 2, Epoch 13/45 => Loss 0.263, Train_accy 94.40:  29%|██▉       | 13/45 [01:01<02:31,  4.74s/it]
Task 2, Epoch 14/45 => Loss 0.299, Train_accy 94.03:  29%|██▉       | 13/45 [01:05<02:31,  4.74s/it]
Task 2, Epoch 14/45 => Loss 0.299, Train_accy 94.03:  31%|███       | 14/45 [01:05<02:29,  4.81s/it]
Task 2, Epoch 15/45 => Loss 0.309, Train_accy 94.40:  31%|███       | 14/45 [01:10<02:29,  4.81s/it]
Task 2, Epoch 15/45 => Loss 0.309, Train_accy 94.40:  33%|███▎      | 15/45 [01:10<02:25,  4.84s/it]
Task 2, Epoch 16/45 => Loss 0.279, Train_accy 94.03:  33%|███▎      | 15/45 [01:15<02:25,  4.84s/it]
Task 2, Epoch 16/45 => Loss 0.279, Train_accy 94.03:  36%|███▌      | 16/45 [01:15<02:19,  4.80s/it]
Task 2, Epoch 17/45 => Loss 0.292, Train_accy 94.40:  36%|███▌      | 16/45 [01:20<02:19,  4.80s/it]
Task 2, Epoch 17/45 => Loss 0.292, Train_accy 94.40:  38%|███▊      | 17/45 [01:20<02:15,  4.83s/it]
Task 2, Epoch 18/45 => Loss 0.265, Train_accy 95.52:  38%|███▊      | 17/45 [01:25<02:15,  4.83s/it]
Task 2, Epoch 18/45 => Loss 0.265, Train_accy 95.52:  40%|████      | 18/45 [01:25<02:10,  4.83s/it]
Task 2, Epoch 19/45 => Loss 0.275, Train_accy 94.78:  40%|████      | 18/45 [01:30<02:10,  4.83s/it]
Task 2, Epoch 19/45 => Loss 0.275, Train_accy 94.78:  42%|████▏     | 19/45 [01:30<02:05,  4.83s/it]
Task 2, Epoch 20/45 => Loss 0.235, Train_accy 95.52:  42%|████▏     | 19/45 [01:34<02:05,  4.83s/it]
Task 2, Epoch 20/45 => Loss 0.235, Train_accy 95.52:  44%|████▍     | 20/45 [01:34<01:59,  4.79s/it]
Task 2, Epoch 21/45 => Loss 0.248, Train_accy 94.78:  44%|████▍     | 20/45 [01:39<01:59,  4.79s/it]
Task 2, Epoch 21/45 => Loss 0.248, Train_accy 94.78:  47%|████▋     | 21/45 [01:39<01:54,  4.75s/it]
Task 2, Epoch 22/45 => Loss 0.228, Train_accy 95.52:  47%|████▋     | 21/45 [01:44<01:54,  4.75s/it]
Task 2, Epoch 22/45 => Loss 0.228, Train_accy 95.52:  49%|████▉     | 22/45 [01:44<01:49,  4.77s/it]
Task 2, Epoch 23/45 => Loss 0.224, Train_accy 95.90:  49%|████▉     | 22/45 [01:49<01:49,  4.77s/it]
Task 2, Epoch 23/45 => Loss 0.224, Train_accy 95.90:  51%|█████     | 23/45 [01:49<01:44,  4.76s/it]
Task 2, Epoch 24/45 => Loss 0.232, Train_accy 95.90:  51%|█████     | 23/45 [01:53<01:44,  4.76s/it]
Task 2, Epoch 24/45 => Loss 0.232, Train_accy 95.90:  53%|█████▎    | 24/45 [01:53<01:40,  4.78s/it]
Task 2, Epoch 25/45 => Loss 0.216, Train_accy 97.01:  53%|█████▎    | 24/45 [01:58<01:40,  4.78s/it]
Task 2, Epoch 25/45 => Loss 0.216, Train_accy 97.01:  56%|█████▌    | 25/45 [01:58<01:35,  4.80s/it]
Task 2, Epoch 26/45 => Loss 0.227, Train_accy 96.27:  56%|█████▌    | 25/45 [02:03<01:35,  4.80s/it]
Task 2, Epoch 26/45 => Loss 0.227, Train_accy 96.27:  58%|█████▊    | 26/45 [02:03<01:30,  4.79s/it]
Task 2, Epoch 27/45 => Loss 0.244, Train_accy 94.40:  58%|█████▊    | 26/45 [02:08<01:30,  4.79s/it]
Task 2, Epoch 27/45 => Loss 0.244, Train_accy 94.40:  60%|██████    | 27/45 [02:08<01:26,  4.81s/it]
Task 2, Epoch 28/45 => Loss 0.239, Train_accy 94.78:  60%|██████    | 27/45 [02:13<01:26,  4.81s/it]
Task 2, Epoch 28/45 => Loss 0.239, Train_accy 94.78:  62%|██████▏   | 28/45 [02:13<01:22,  4.83s/it]
Task 2, Epoch 29/45 => Loss 0.233, Train_accy 95.52:  62%|██████▏   | 28/45 [02:17<01:22,  4.83s/it]
Task 2, Epoch 29/45 => Loss 0.233, Train_accy 95.52:  64%|██████▍   | 29/45 [02:17<01:16,  4.80s/it]
Task 2, Epoch 30/45 => Loss 0.226, Train_accy 95.52:  64%|██████▍   | 29/45 [02:22<01:16,  4.80s/it]
Task 2, Epoch 30/45 => Loss 0.226, Train_accy 95.52:  67%|██████▋   | 30/45 [02:22<01:12,  4.83s/it]
Task 2, Epoch 31/45 => Loss 0.173, Train_accy 98.51:  67%|██████▋   | 30/45 [02:27<01:12,  4.83s/it]
Task 2, Epoch 31/45 => Loss 0.173, Train_accy 98.51:  69%|██████▉   | 31/45 [02:27<01:07,  4.80s/it]
Task 2, Epoch 32/45 => Loss 0.182, Train_accy 97.39:  69%|██████▉   | 31/45 [02:32<01:07,  4.80s/it]
Task 2, Epoch 32/45 => Loss 0.182, Train_accy 97.39:  71%|███████   | 32/45 [02:32<01:02,  4.80s/it]
Task 2, Epoch 33/45 => Loss 0.211, Train_accy 95.52:  71%|███████   | 32/45 [02:36<01:02,  4.80s/it]
Task 2, Epoch 33/45 => Loss 0.211, Train_accy 95.52:  73%|███████▎  | 33/45 [02:36<00:56,  4.73s/it]
Task 2, Epoch 34/45 => Loss 0.225, Train_accy 95.52:  73%|███████▎  | 33/45 [02:41<00:56,  4.73s/it]
Task 2, Epoch 34/45 => Loss 0.225, Train_accy 95.52:  76%|███████▌  | 34/45 [02:41<00:51,  4.70s/it]
Task 2, Epoch 35/45 => Loss 0.223, Train_accy 95.52:  76%|███████▌  | 34/45 [02:46<00:51,  4.70s/it]
Task 2, Epoch 35/45 => Loss 0.223, Train_accy 95.52:  78%|███████▊  | 35/45 [02:46<00:47,  4.73s/it]
Task 2, Epoch 36/45 => Loss 0.211, Train_accy 97.01:  78%|███████▊  | 35/45 [02:51<00:47,  4.73s/it]
Task 2, Epoch 36/45 => Loss 0.211, Train_accy 97.01:  80%|████████  | 36/45 [02:51<00:42,  4.75s/it]
Task 2, Epoch 37/45 => Loss 0.204, Train_accy 95.90:  80%|████████  | 36/45 [02:55<00:42,  4.75s/it]
Task 2, Epoch 37/45 => Loss 0.204, Train_accy 95.90:  82%|████████▏ | 37/45 [02:55<00:38,  4.76s/it]
Task 2, Epoch 38/45 => Loss 0.208, Train_accy 96.27:  82%|████████▏ | 37/45 [03:00<00:38,  4.76s/it]
Task 2, Epoch 38/45 => Loss 0.208, Train_accy 96.27:  84%|████████▍ | 38/45 [03:00<00:33,  4.75s/it]
Task 2, Epoch 39/45 => Loss 0.191, Train_accy 97.39:  84%|████████▍ | 38/45 [03:05<00:33,  4.75s/it]
Task 2, Epoch 39/45 => Loss 0.191, Train_accy 97.39:  87%|████████▋ | 39/45 [03:05<00:28,  4.78s/it]
Task 2, Epoch 40/45 => Loss 0.213, Train_accy 97.01:  87%|████████▋ | 39/45 [03:10<00:28,  4.78s/it]
Task 2, Epoch 40/45 => Loss 0.213, Train_accy 97.01:  89%|████████▉ | 40/45 [03:10<00:23,  4.77s/it]
Task 2, Epoch 41/45 => Loss 0.219, Train_accy 96.27:  89%|████████▉ | 40/45 [03:15<00:23,  4.77s/it]
Task 2, Epoch 41/45 => Loss 0.219, Train_accy 96.27:  91%|█████████ | 41/45 [03:15<00:19,  4.78s/it]
Task 2, Epoch 42/45 => Loss 0.226, Train_accy 95.52:  91%|█████████ | 41/45 [03:19<00:19,  4.78s/it]
Task 2, Epoch 42/45 => Loss 0.226, Train_accy 95.52:  93%|█████████▎| 42/45 [03:19<00:14,  4.79s/it]
Task 2, Epoch 43/45 => Loss 0.189, Train_accy 98.13:  93%|█████████▎| 42/45 [03:24<00:14,  4.79s/it]
Task 2, Epoch 43/45 => Loss 0.189, Train_accy 98.13:  96%|█████████▌| 43/45 [03:24<00:09,  4.81s/it]
Task 2, Epoch 44/45 => Loss 0.195, Train_accy 97.39:  96%|█████████▌| 43/45 [03:29<00:09,  4.81s/it]
Task 2, Epoch 44/45 => Loss 0.195, Train_accy 97.39:  98%|█████████▊| 44/45 [03:29<00:04,  4.87s/it]
Task 2, Epoch 45/45 => Loss 0.213, Train_accy 95.90:  98%|█████████▊| 44/45 [03:34<00:04,  4.87s/it]
Task 2, Epoch 45/45 => Loss 0.213, Train_accy 95.90: 100%|██████████| 45/45 [03:34<00:00,  4.83s/it]
Task 2, Epoch 45/45 => Loss 0.213, Train_accy 95.90: 100%|██████████| 45/45 [03:34<00:00,  4.77s/it]
2024-12-11 02:51:31,471 [ease.py] => Task 2, Epoch 45/45 => Loss 0.213, Train_accy 95.90
2024-12-11 02:52:20,990 [trainer.py] => No NME accuracy.
2024-12-11 02:52:20,991 [trainer.py] => CNN: {'total': 93.17, '00-09': 94.9, '10-19': 87.0, '20-29': 93.91, 'old': 92.64, 'new': 93.91}
2024-12-11 02:52:20,991 [trainer.py] => CNN top1 curve: [96.2, 92.93, 93.17]
2024-12-11 02:52:20,991 [trainer.py] => CNN top5 curve: [99.8, 99.14, 99.41]

Average Accuracy (CNN): 94.10000000000001
2024-12-11 02:52:20,991 [trainer.py] => Average Accuracy (CNN): 94.10000000000001 

2024-12-11 02:52:20,992 [trainer.py] => All params: 86179778
2024-12-11 02:52:20,992 [trainer.py] => Trainable params: 304320
2024-12-11 02:52:20,994 [ease.py] => Learning on 30-40

  0%|          | 0/45 [00:00<?, ?it/s]
Task 3, Epoch 1/45 => Loss 1.902, Train_accy 47.70:   0%|          | 0/45 [00:12<?, ?it/s]
Task 3, Epoch 1/45 => Loss 1.902, Train_accy 47.70:   2%|▏         | 1/45 [00:12<08:52, 12.10s/it]
Task 3, Epoch 2/45 => Loss 0.938, Train_accy 76.90:   2%|▏         | 1/45 [00:24<08:52, 12.10s/it]
Task 3, Epoch 2/45 => Loss 0.938, Train_accy 76.90:   4%|▍         | 2/45 [00:24<08:39, 12.08s/it]
Task 3, Epoch 3/45 => Loss 0.648, Train_accy 84.10:   4%|▍         | 2/45 [00:36<08:39, 12.08s/it]
Task 3, Epoch 3/45 => Loss 0.648, Train_accy 84.10:   7%|▋         | 3/45 [00:36<08:24, 12.01s/it]
Task 3, Epoch 4/45 => Loss 0.545, Train_accy 85.70:   7%|▋         | 3/45 [00:48<08:24, 12.01s/it]
Task 3, Epoch 4/45 => Loss 0.545, Train_accy 85.70:   9%|▉         | 4/45 [00:48<08:12, 12.00s/it]
Task 3, Epoch 5/45 => Loss 0.483, Train_accy 87.30:   9%|▉         | 4/45 [01:00<08:12, 12.00s/it]
Task 3, Epoch 5/45 => Loss 0.483, Train_accy 87.30:  11%|█         | 5/45 [01:00<08:11, 12.29s/it]
Task 3, Epoch 6/45 => Loss 0.431, Train_accy 89.90:  11%|█         | 5/45 [01:12<08:11, 12.29s/it]
Task 3, Epoch 6/45 => Loss 0.431, Train_accy 89.90:  13%|█▎        | 6/45 [01:12<07:56, 12.22s/it]
Task 3, Epoch 7/45 => Loss 0.456, Train_accy 87.50:  13%|█▎        | 6/45 [01:24<07:56, 12.22s/it]
Task 3, Epoch 7/45 => Loss 0.456, Train_accy 87.50:  16%|█▌        | 7/45 [01:24<07:38, 12.08s/it]
Task 3, Epoch 8/45 => Loss 0.421, Train_accy 88.30:  16%|█▌        | 7/45 [01:36<07:38, 12.08s/it]
Task 3, Epoch 8/45 => Loss 0.421, Train_accy 88.30:  18%|█▊        | 8/45 [01:36<07:23, 11.98s/it]
Task 3, Epoch 9/45 => Loss 0.414, Train_accy 88.70:  18%|█▊        | 8/45 [01:48<07:23, 11.98s/it]
Task 3, Epoch 9/45 => Loss 0.414, Train_accy 88.70:  20%|██        | 9/45 [01:48<07:10, 11.97s/it]
Task 3, Epoch 10/45 => Loss 0.398, Train_accy 88.50:  20%|██        | 9/45 [02:00<07:10, 11.97s/it]
Task 3, Epoch 10/45 => Loss 0.398, Train_accy 88.50:  22%|██▏       | 10/45 [02:00<07:00, 12.01s/it]
Task 3, Epoch 11/45 => Loss 0.416, Train_accy 88.70:  22%|██▏       | 10/45 [02:12<07:00, 12.01s/it]
Task 3, Epoch 11/45 => Loss 0.416, Train_accy 88.70:  24%|██▍       | 11/45 [02:12<06:49, 12.03s/it]
Task 3, Epoch 12/45 => Loss 0.399, Train_accy 91.10:  24%|██▍       | 11/45 [02:24<06:49, 12.03s/it]
Task 3, Epoch 12/45 => Loss 0.399, Train_accy 91.10:  27%|██▋       | 12/45 [02:24<06:35, 12.00s/it]
Task 3, Epoch 13/45 => Loss 0.372, Train_accy 89.20:  27%|██▋       | 12/45 [02:36<06:35, 12.00s/it]
Task 3, Epoch 13/45 => Loss 0.372, Train_accy 89.20:  29%|██▉       | 13/45 [02:36<06:24, 12.01s/it]
Task 3, Epoch 14/45 => Loss 0.345, Train_accy 90.40:  29%|██▉       | 13/45 [02:48<06:24, 12.01s/it]
Task 3, Epoch 14/45 => Loss 0.345, Train_accy 90.40:  31%|███       | 14/45 [02:48<06:12, 12.01s/it]
Task 3, Epoch 15/45 => Loss 0.360, Train_accy 90.30:  31%|███       | 14/45 [03:00<06:12, 12.01s/it]
Task 3, Epoch 15/45 => Loss 0.360, Train_accy 90.30:  33%|███▎      | 15/45 [03:00<05:59, 11.97s/it]
Task 3, Epoch 16/45 => Loss 0.356, Train_accy 91.00:  33%|███▎      | 15/45 [03:12<05:59, 11.97s/it]
Task 3, Epoch 16/45 => Loss 0.356, Train_accy 91.00:  36%|███▌      | 16/45 [03:12<05:48, 12.02s/it]
Task 3, Epoch 17/45 => Loss 0.346, Train_accy 91.40:  36%|███▌      | 16/45 [03:24<05:48, 12.02s/it]
Task 3, Epoch 17/45 => Loss 0.346, Train_accy 91.40:  38%|███▊      | 17/45 [03:24<05:34, 11.94s/it]
Task 3, Epoch 18/45 => Loss 0.373, Train_accy 89.40:  38%|███▊      | 17/45 [03:36<05:34, 11.94s/it]
Task 3, Epoch 18/45 => Loss 0.373, Train_accy 89.40:  40%|████      | 18/45 [03:36<05:21, 11.91s/it]
Task 3, Epoch 19/45 => Loss 0.361, Train_accy 89.10:  40%|████      | 18/45 [03:48<05:21, 11.91s/it]
Task 3, Epoch 19/45 => Loss 0.361, Train_accy 89.10:  42%|████▏     | 19/45 [03:48<05:09, 11.92s/it]
Task 3, Epoch 20/45 => Loss 0.337, Train_accy 91.10:  42%|████▏     | 19/45 [04:00<05:09, 11.92s/it]
Task 3, Epoch 20/45 => Loss 0.337, Train_accy 91.10:  44%|████▍     | 20/45 [04:00<05:00, 12.01s/it]
Task 3, Epoch 21/45 => Loss 0.309, Train_accy 92.00:  44%|████▍     | 20/45 [04:12<05:00, 12.01s/it]
Task 3, Epoch 21/45 => Loss 0.309, Train_accy 92.00:  47%|████▋     | 21/45 [04:12<04:49, 12.04s/it]
Task 3, Epoch 22/45 => Loss 0.316, Train_accy 91.30:  47%|████▋     | 21/45 [04:24<04:49, 12.04s/it]
Task 3, Epoch 22/45 => Loss 0.316, Train_accy 91.30:  49%|████▉     | 22/45 [04:24<04:38, 12.10s/it]
Task 3, Epoch 23/45 => Loss 0.305, Train_accy 91.50:  49%|████▉     | 22/45 [04:36<04:38, 12.10s/it]
Task 3, Epoch 23/45 => Loss 0.305, Train_accy 91.50:  51%|█████     | 23/45 [04:36<04:25, 12.08s/it]
Task 3, Epoch 24/45 => Loss 0.310, Train_accy 91.80:  51%|█████     | 23/45 [04:48<04:25, 12.08s/it]
Task 3, Epoch 24/45 => Loss 0.310, Train_accy 91.80:  53%|█████▎    | 24/45 [04:48<04:12, 12.02s/it]
Task 3, Epoch 25/45 => Loss 0.307, Train_accy 92.10:  53%|█████▎    | 24/45 [05:00<04:12, 12.02s/it]
Task 3, Epoch 25/45 => Loss 0.307, Train_accy 92.10:  56%|█████▌    | 25/45 [05:00<03:59, 11.99s/it]
Task 3, Epoch 26/45 => Loss 0.285, Train_accy 92.70:  56%|█████▌    | 25/45 [05:12<03:59, 11.99s/it]
Task 3, Epoch 26/45 => Loss 0.285, Train_accy 92.70:  58%|█████▊    | 26/45 [05:12<03:48, 12.04s/it]
Task 3, Epoch 27/45 => Loss 0.301, Train_accy 92.30:  58%|█████▊    | 26/45 [05:24<03:48, 12.04s/it]
Task 3, Epoch 27/45 => Loss 0.301, Train_accy 92.30:  60%|██████    | 27/45 [05:24<03:37, 12.06s/it]
Task 3, Epoch 28/45 => Loss 0.310, Train_accy 90.90:  60%|██████    | 27/45 [05:36<03:37, 12.06s/it]
Task 3, Epoch 28/45 => Loss 0.310, Train_accy 90.90:  62%|██████▏   | 28/45 [05:36<03:24, 12.06s/it]
Task 3, Epoch 29/45 => Loss 0.294, Train_accy 92.10:  62%|██████▏   | 28/45 [05:48<03:24, 12.06s/it]
Task 3, Epoch 29/45 => Loss 0.294, Train_accy 92.10:  64%|██████▍   | 29/45 [05:48<03:11, 11.99s/it]
Task 3, Epoch 30/45 => Loss 0.284, Train_accy 93.30:  64%|██████▍   | 29/45 [06:00<03:11, 11.99s/it]
Task 3, Epoch 30/45 => Loss 0.284, Train_accy 93.30:  67%|██████▋   | 30/45 [06:00<02:58, 11.93s/it]
Task 3, Epoch 31/45 => Loss 0.282, Train_accy 93.40:  67%|██████▋   | 30/45 [06:12<02:58, 11.93s/it]
Task 3, Epoch 31/45 => Loss 0.282, Train_accy 93.40:  69%|██████▉   | 31/45 [06:12<02:46, 11.91s/it]
Task 3, Epoch 32/45 => Loss 0.327, Train_accy 92.00:  69%|██████▉   | 31/45 [06:24<02:46, 11.91s/it]
Task 3, Epoch 32/45 => Loss 0.327, Train_accy 92.00:  71%|███████   | 32/45 [06:24<02:35, 11.98s/it]
Task 3, Epoch 33/45 => Loss 0.283, Train_accy 92.10:  71%|███████   | 32/45 [06:36<02:35, 11.98s/it]
Task 3, Epoch 33/45 => Loss 0.283, Train_accy 92.10:  73%|███████▎  | 33/45 [06:36<02:23, 12.00s/it]
Task 3, Epoch 34/45 => Loss 0.272, Train_accy 92.80:  73%|███████▎  | 33/45 [06:48<02:23, 12.00s/it]
Task 3, Epoch 34/45 => Loss 0.272, Train_accy 92.80:  76%|███████▌  | 34/45 [06:48<02:11, 11.95s/it]
Task 3, Epoch 35/45 => Loss 0.278, Train_accy 92.60:  76%|███████▌  | 34/45 [07:00<02:11, 11.95s/it]
Task 3, Epoch 35/45 => Loss 0.278, Train_accy 92.60:  78%|███████▊  | 35/45 [07:00<01:59, 11.97s/it]
Task 3, Epoch 36/45 => Loss 0.263, Train_accy 92.20:  78%|███████▊  | 35/45 [07:12<01:59, 11.97s/it]
Task 3, Epoch 36/45 => Loss 0.263, Train_accy 92.20:  80%|████████  | 36/45 [07:12<01:47, 11.97s/it]
Task 3, Epoch 37/45 => Loss 0.250, Train_accy 93.80:  80%|████████  | 36/45 [07:24<01:47, 11.97s/it]
Task 3, Epoch 37/45 => Loss 0.250, Train_accy 93.80:  82%|████████▏ | 37/45 [07:24<01:35, 11.89s/it]
Task 3, Epoch 38/45 => Loss 0.278, Train_accy 91.80:  82%|████████▏ | 37/45 [07:36<01:35, 11.89s/it]
Task 3, Epoch 38/45 => Loss 0.278, Train_accy 91.80:  84%|████████▍ | 38/45 [07:36<01:23, 11.92s/it]
Task 3, Epoch 39/45 => Loss 0.261, Train_accy 93.40:  84%|████████▍ | 38/45 [07:48<01:23, 11.92s/it]
Task 3, Epoch 39/45 => Loss 0.261, Train_accy 93.40:  87%|████████▋ | 39/45 [07:48<01:11, 11.98s/it]
Task 3, Epoch 40/45 => Loss 0.253, Train_accy 93.70:  87%|████████▋ | 39/45 [08:00<01:11, 11.98s/it]
Task 3, Epoch 40/45 => Loss 0.253, Train_accy 93.70:  89%|████████▉ | 40/45 [08:00<00:59, 11.94s/it]
Task 3, Epoch 41/45 => Loss 0.246, Train_accy 93.50:  89%|████████▉ | 40/45 [08:12<00:59, 11.94s/it]
Task 3, Epoch 41/45 => Loss 0.246, Train_accy 93.50:  91%|█████████ | 41/45 [08:12<00:47, 11.96s/it]
Task 3, Epoch 42/45 => Loss 0.242, Train_accy 93.80:  91%|█████████ | 41/45 [08:24<00:47, 11.96s/it]
Task 3, Epoch 42/45 => Loss 0.242, Train_accy 93.80:  93%|█████████▎| 42/45 [08:24<00:36, 12.02s/it]
Task 3, Epoch 43/45 => Loss 0.230, Train_accy 94.90:  93%|█████████▎| 42/45 [08:36<00:36, 12.02s/it]
Task 3, Epoch 43/45 => Loss 0.230, Train_accy 94.90:  96%|█████████▌| 43/45 [08:36<00:24, 12.05s/it]
Task 3, Epoch 44/45 => Loss 0.249, Train_accy 93.50:  96%|█████████▌| 43/45 [08:48<00:24, 12.05s/it]
Task 3, Epoch 44/45 => Loss 0.249, Train_accy 93.50:  98%|█████████▊| 44/45 [08:48<00:12, 12.08s/it]
Task 3, Epoch 45/45 => Loss 0.241, Train_accy 94.20:  98%|█████████▊| 44/45 [09:00<00:12, 12.08s/it]
Task 3, Epoch 45/45 => Loss 0.241, Train_accy 94.20: 100%|██████████| 45/45 [09:00<00:00, 12.12s/it]
Task 3, Epoch 45/45 => Loss 0.241, Train_accy 94.20: 100%|██████████| 45/45 [09:00<00:00, 12.01s/it]
2024-12-11 03:01:21,672 [ease.py] => Task 3, Epoch 45/45 => Loss 0.241, Train_accy 94.20
2024-12-11 03:04:27,764 [trainer.py] => No NME accuracy.
2024-12-11 03:04:27,765 [trainer.py] => CNN: {'total': 92.78, '00-09': 92.8, '10-19': 86.0, '20-29': 93.91, '30-39': 93.07, 'old': 92.12, 'new': 93.07}
2024-12-11 03:04:27,765 [trainer.py] => CNN top1 curve: [96.2, 92.93, 93.17, 92.78]
2024-12-11 03:04:27,765 [trainer.py] => CNN top5 curve: [99.8, 99.14, 99.41, 99.42]

Average Accuracy (CNN): 93.77000000000001
2024-12-11 03:04:27,765 [trainer.py] => Average Accuracy (CNN): 93.77000000000001 

2024-12-11 03:04:27,766 [trainer.py] => All params: 86233538
2024-12-11 03:04:27,766 [trainer.py] => Trainable params: 304320
2024-12-11 03:04:27,768 [ease.py] => Learning on 40-50

  0%|          | 0/45 [00:00<?, ?it/s]
Task 4, Epoch 1/45 => Loss 2.282, Train_accy 32.58:   0%|          | 0/45 [00:02<?, ?it/s]
Task 4, Epoch 1/45 => Loss 2.282, Train_accy 32.58:   2%|▏         | 1/45 [00:02<02:07,  2.89s/it]
Task 4, Epoch 2/45 => Loss 2.201, Train_accy 75.28:   2%|▏         | 1/45 [00:05<02:07,  2.89s/it]
Task 4, Epoch 2/45 => Loss 2.201, Train_accy 75.28:   4%|▍         | 2/45 [00:05<02:03,  2.87s/it]
Task 4, Epoch 3/45 => Loss 2.055, Train_accy 88.76:   4%|▍         | 2/45 [00:08<02:03,  2.87s/it]
Task 4, Epoch 3/45 => Loss 2.055, Train_accy 88.76:   7%|▋         | 3/45 [00:08<01:56,  2.78s/it]
Task 4, Epoch 4/45 => Loss 1.856, Train_accy 96.63:   7%|▋         | 3/45 [00:11<01:56,  2.78s/it]
Task 4, Epoch 4/45 => Loss 1.856, Train_accy 96.63:   9%|▉         | 4/45 [00:11<01:52,  2.76s/it]
Task 4, Epoch 5/45 => Loss 1.550, Train_accy 98.88:   9%|▉         | 4/45 [00:13<01:52,  2.76s/it]
Task 4, Epoch 5/45 => Loss 1.550, Train_accy 98.88:  11%|█         | 5/45 [00:13<01:50,  2.77s/it]
Task 4, Epoch 6/45 => Loss 1.139, Train_accy 100.00:  11%|█         | 5/45 [00:16<01:50,  2.77s/it]
Task 4, Epoch 6/45 => Loss 1.139, Train_accy 100.00:  13%|█▎        | 6/45 [00:16<01:48,  2.79s/it]
Task 4, Epoch 7/45 => Loss 0.797, Train_accy 100.00:  13%|█▎        | 6/45 [00:19<01:48,  2.79s/it]
Task 4, Epoch 7/45 => Loss 0.797, Train_accy 100.00:  16%|█▌        | 7/45 [00:19<01:46,  2.82s/it]
Task 4, Epoch 8/45 => Loss 0.511, Train_accy 100.00:  16%|█▌        | 7/45 [00:22<01:46,  2.82s/it]
Task 4, Epoch 8/45 => Loss 0.511, Train_accy 100.00:  18%|█▊        | 8/45 [00:22<01:43,  2.81s/it]
Task 4, Epoch 9/45 => Loss 0.384, Train_accy 98.88:  18%|█▊        | 8/45 [00:25<01:43,  2.81s/it] 
Task 4, Epoch 9/45 => Loss 0.384, Train_accy 98.88:  20%|██        | 9/45 [00:25<01:42,  2.85s/it]
Task 4, Epoch 10/45 => Loss 0.296, Train_accy 100.00:  20%|██        | 9/45 [00:28<01:42,  2.85s/it]
Task 4, Epoch 10/45 => Loss 0.296, Train_accy 100.00:  22%|██▏       | 10/45 [00:28<01:39,  2.84s/it]
Task 4, Epoch 11/45 => Loss 0.204, Train_accy 98.88:  22%|██▏       | 10/45 [00:31<01:39,  2.84s/it] 
Task 4, Epoch 11/45 => Loss 0.204, Train_accy 98.88:  24%|██▍       | 11/45 [00:31<01:36,  2.85s/it]
Task 4, Epoch 12/45 => Loss 0.197, Train_accy 97.75:  24%|██▍       | 11/45 [00:33<01:36,  2.85s/it]
Task 4, Epoch 12/45 => Loss 0.197, Train_accy 97.75:  27%|██▋       | 12/45 [00:33<01:32,  2.80s/it]
Task 4, Epoch 13/45 => Loss 0.136, Train_accy 100.00:  27%|██▋       | 12/45 [00:36<01:32,  2.80s/it]
Task 4, Epoch 13/45 => Loss 0.136, Train_accy 100.00:  29%|██▉       | 13/45 [00:36<01:29,  2.80s/it]
Task 4, Epoch 14/45 => Loss 0.122, Train_accy 100.00:  29%|██▉       | 13/45 [00:39<01:29,  2.80s/it]
Task 4, Epoch 14/45 => Loss 0.122, Train_accy 100.00:  31%|███       | 14/45 [00:39<01:26,  2.80s/it]
Task 4, Epoch 15/45 => Loss 0.104, Train_accy 100.00:  31%|███       | 14/45 [00:42<01:26,  2.80s/it]
Task 4, Epoch 15/45 => Loss 0.104, Train_accy 100.00:  33%|███▎      | 15/45 [00:42<01:24,  2.81s/it]
Task 4, Epoch 16/45 => Loss 0.099, Train_accy 100.00:  33%|███▎      | 15/45 [00:44<01:24,  2.81s/it]
Task 4, Epoch 16/45 => Loss 0.099, Train_accy 100.00:  36%|███▌      | 16/45 [00:44<01:20,  2.76s/it]
Task 4, Epoch 17/45 => Loss 0.114, Train_accy 100.00:  36%|███▌      | 16/45 [00:47<01:20,  2.76s/it]
Task 4, Epoch 17/45 => Loss 0.114, Train_accy 100.00:  38%|███▊      | 17/45 [00:47<01:17,  2.78s/it]
Task 4, Epoch 18/45 => Loss 0.097, Train_accy 100.00:  38%|███▊      | 17/45 [00:50<01:17,  2.78s/it]
Task 4, Epoch 18/45 => Loss 0.097, Train_accy 100.00:  40%|████      | 18/45 [00:50<01:14,  2.75s/it]
Task 4, Epoch 19/45 => Loss 0.095, Train_accy 100.00:  40%|████      | 18/45 [00:53<01:14,  2.75s/it]
Task 4, Epoch 19/45 => Loss 0.095, Train_accy 100.00:  42%|████▏     | 19/45 [00:53<01:11,  2.74s/it]
Task 4, Epoch 20/45 => Loss 0.140, Train_accy 97.75:  42%|████▏     | 19/45 [00:55<01:11,  2.74s/it] 
Task 4, Epoch 20/45 => Loss 0.140, Train_accy 97.75:  44%|████▍     | 20/45 [00:55<01:08,  2.72s/it]
Task 4, Epoch 21/45 => Loss 0.087, Train_accy 100.00:  44%|████▍     | 20/45 [00:58<01:08,  2.72s/it]
Task 4, Epoch 21/45 => Loss 0.087, Train_accy 100.00:  47%|████▋     | 21/45 [00:58<01:04,  2.70s/it]
Task 4, Epoch 22/45 => Loss 0.090, Train_accy 100.00:  47%|████▋     | 21/45 [01:00<01:04,  2.70s/it]
Task 4, Epoch 22/45 => Loss 0.090, Train_accy 100.00:  49%|████▉     | 22/45 [01:00<01:01,  2.67s/it]
Task 4, Epoch 23/45 => Loss 0.106, Train_accy 100.00:  49%|████▉     | 22/45 [01:03<01:01,  2.67s/it]
Task 4, Epoch 23/45 => Loss 0.106, Train_accy 100.00:  51%|█████     | 23/45 [01:03<00:59,  2.70s/it]
Task 4, Epoch 24/45 => Loss 0.073, Train_accy 100.00:  51%|█████     | 23/45 [01:06<00:59,  2.70s/it]
Task 4, Epoch 24/45 => Loss 0.073, Train_accy 100.00:  53%|█████▎    | 24/45 [01:06<00:56,  2.71s/it]
Task 4, Epoch 25/45 => Loss 0.094, Train_accy 100.00:  53%|█████▎    | 24/45 [01:09<00:56,  2.71s/it]
Task 4, Epoch 25/45 => Loss 0.094, Train_accy 100.00:  56%|█████▌    | 25/45 [01:09<00:53,  2.70s/it]
Task 4, Epoch 26/45 => Loss 0.063, Train_accy 100.00:  56%|█████▌    | 25/45 [01:11<00:53,  2.70s/it]
Task 4, Epoch 26/45 => Loss 0.063, Train_accy 100.00:  58%|█████▊    | 26/45 [01:11<00:51,  2.71s/it]
Task 4, Epoch 27/45 => Loss 0.072, Train_accy 100.00:  58%|█████▊    | 26/45 [01:14<00:51,  2.71s/it]
Task 4, Epoch 27/45 => Loss 0.072, Train_accy 100.00:  60%|██████    | 27/45 [01:14<00:49,  2.73s/it]
Task 4, Epoch 28/45 => Loss 0.090, Train_accy 100.00:  60%|██████    | 27/45 [01:17<00:49,  2.73s/it]
Task 4, Epoch 28/45 => Loss 0.090, Train_accy 100.00:  62%|██████▏   | 28/45 [01:17<00:46,  2.75s/it]
Task 4, Epoch 29/45 => Loss 0.083, Train_accy 100.00:  62%|██████▏   | 28/45 [01:20<00:46,  2.75s/it]
Task 4, Epoch 29/45 => Loss 0.083, Train_accy 100.00:  64%|██████▍   | 29/45 [01:20<00:44,  2.78s/it]
Task 4, Epoch 30/45 => Loss 0.106, Train_accy 98.88:  64%|██████▍   | 29/45 [01:22<00:44,  2.78s/it] 
Task 4, Epoch 30/45 => Loss 0.106, Train_accy 98.88:  67%|██████▋   | 30/45 [01:22<00:41,  2.74s/it]
Task 4, Epoch 31/45 => Loss 0.085, Train_accy 98.88:  67%|██████▋   | 30/45 [01:25<00:41,  2.74s/it]
Task 4, Epoch 31/45 => Loss 0.085, Train_accy 98.88:  69%|██████▉   | 31/45 [01:25<00:38,  2.72s/it]
Task 4, Epoch 32/45 => Loss 0.061, Train_accy 100.00:  69%|██████▉   | 31/45 [01:28<00:38,  2.72s/it]
Task 4, Epoch 32/45 => Loss 0.061, Train_accy 100.00:  71%|███████   | 32/45 [01:28<00:35,  2.77s/it]
Task 4, Epoch 33/45 => Loss 0.067, Train_accy 100.00:  71%|███████   | 32/45 [01:31<00:35,  2.77s/it]
Task 4, Epoch 33/45 => Loss 0.067, Train_accy 100.00:  73%|███████▎  | 33/45 [01:31<00:32,  2.73s/it]
Task 4, Epoch 34/45 => Loss 0.087, Train_accy 98.88:  73%|███████▎  | 33/45 [01:33<00:32,  2.73s/it] 
Task 4, Epoch 34/45 => Loss 0.087, Train_accy 98.88:  76%|███████▌  | 34/45 [01:33<00:30,  2.74s/it]
Task 4, Epoch 35/45 => Loss 0.082, Train_accy 98.88:  76%|███████▌  | 34/45 [01:36<00:30,  2.74s/it]
Task 4, Epoch 35/45 => Loss 0.082, Train_accy 98.88:  78%|███████▊  | 35/45 [01:36<00:27,  2.77s/it]
Task 4, Epoch 36/45 => Loss 0.061, Train_accy 100.00:  78%|███████▊  | 35/45 [01:39<00:27,  2.77s/it]
Task 4, Epoch 36/45 => Loss 0.061, Train_accy 100.00:  80%|████████  | 36/45 [01:39<00:24,  2.74s/it]
Task 4, Epoch 37/45 => Loss 0.160, Train_accy 96.63:  80%|████████  | 36/45 [01:42<00:24,  2.74s/it] 
Task 4, Epoch 37/45 => Loss 0.160, Train_accy 96.63:  82%|████████▏ | 37/45 [01:42<00:22,  2.76s/it]
Task 4, Epoch 38/45 => Loss 0.108, Train_accy 97.75:  82%|████████▏ | 37/45 [01:44<00:22,  2.76s/it]
Task 4, Epoch 38/45 => Loss 0.108, Train_accy 97.75:  84%|████████▍ | 38/45 [01:44<00:18,  2.70s/it]
Task 4, Epoch 39/45 => Loss 0.085, Train_accy 98.88:  84%|████████▍ | 38/45 [01:47<00:18,  2.70s/it]
Task 4, Epoch 39/45 => Loss 0.085, Train_accy 98.88:  87%|████████▋ | 39/45 [01:47<00:16,  2.73s/it]
Task 4, Epoch 40/45 => Loss 0.064, Train_accy 100.00:  87%|████████▋ | 39/45 [01:50<00:16,  2.73s/it]
Task 4, Epoch 40/45 => Loss 0.064, Train_accy 100.00:  89%|████████▉ | 40/45 [01:50<00:13,  2.72s/it]
Task 4, Epoch 41/45 => Loss 0.076, Train_accy 100.00:  89%|████████▉ | 40/45 [01:53<00:13,  2.72s/it]
Task 4, Epoch 41/45 => Loss 0.076, Train_accy 100.00:  91%|█████████ | 41/45 [01:53<00:10,  2.74s/it]
Task 4, Epoch 42/45 => Loss 0.138, Train_accy 96.63:  91%|█████████ | 41/45 [01:55<00:10,  2.74s/it] 
Task 4, Epoch 42/45 => Loss 0.138, Train_accy 96.63:  93%|█████████▎| 42/45 [01:55<00:08,  2.76s/it]
Task 4, Epoch 43/45 => Loss 0.113, Train_accy 97.75:  93%|█████████▎| 42/45 [01:58<00:08,  2.76s/it]
Task 4, Epoch 43/45 => Loss 0.113, Train_accy 97.75:  96%|█████████▌| 43/45 [01:58<00:05,  2.73s/it]
Task 4, Epoch 44/45 => Loss 0.091, Train_accy 98.88:  96%|█████████▌| 43/45 [02:01<00:05,  2.73s/it]
Task 4, Epoch 44/45 => Loss 0.091, Train_accy 98.88:  98%|█████████▊| 44/45 [02:01<00:02,  2.69s/it]
Task 4, Epoch 45/45 => Loss 0.073, Train_accy 100.00:  98%|█████████▊| 44/45 [02:03<00:02,  2.69s/it]
Task 4, Epoch 45/45 => Loss 0.073, Train_accy 100.00: 100%|██████████| 45/45 [02:03<00:00,  2.73s/it]
Task 4, Epoch 45/45 => Loss 0.073, Train_accy 100.00: 100%|██████████| 45/45 [02:03<00:00,  2.76s/it]
2024-12-11 03:06:31,763 [ease.py] => Task 4, Epoch 45/45 => Loss 0.073, Train_accy 100.00
2024-12-11 03:10:20,551 [trainer.py] => No NME accuracy.
2024-12-11 03:10:20,552 [trainer.py] => CNN: {'total': 93.49, '00-09': 92.6, '10-19': 86.5, '20-29': 93.91, '30-39': 93.09, '40-49': 100.0, 'old': 92.79, 'new': 100.0}
2024-12-11 03:10:20,552 [trainer.py] => CNN top1 curve: [96.2, 92.93, 93.17, 92.78, 93.49]
2024-12-11 03:10:20,552 [trainer.py] => CNN top5 curve: [99.8, 99.14, 99.41, 99.42, 99.49]

Average Accuracy (CNN): 93.71400000000001
2024-12-11 03:10:20,552 [trainer.py] => Average Accuracy (CNN): 93.71400000000001 

